<?xml version="1.0" encoding="UTF-8"?>
<coverage generated="1784490796738" clover="3.2.0">
  <project timestamp="1784490796738" name="All files">
    <metrics statements="5541" coveredstatements="4863" conditionals="3815" coveredconditionals="2848" methods="1275" coveredmethods="1088" elements="10631" coveredelements="8799" complexity="0" loc="5541" ncloc="5541" packages="19" files="47" classes="47"/>
    <package name="react">
      <metrics statements="13" coveredstatements="13" conditionals="4" coveredconditionals="4" methods="1" coveredmethods="1"/>
      <file name="index.tsx" path="/tmp/blitzy/taiga-migration-poc/blitzy-3da017fc-0818-4fc7-9f9f-dd9732536376_77a34b/blitzy/scratch/final-cleanroom-taiga-front/app/react/index.tsx">
        <metrics statements="13" coveredstatements="13" conditionals="4" coveredconditionals="4" methods="1" coveredmethods="1"/>
        <line num="42" count="4" type="stmt"/>
        <line num="43" count="4" type="stmt"/>
        <line num="44" count="4" type="stmt"/>
        <line num="59" count="4" type="stmt"/>
        <line num="60" count="4" type="stmt"/>
        <line num="84" count="4" type="stmt"/>
        <line num="88" count="8" type="cond" truecount="3" falsecount="0"/>
        <line num="90" count="2" type="stmt"/>
        <line num="93" count="6" type="cond" truecount="1" falsecount="0"/>
        <line num="96" count="4" type="stmt"/>
        <line num="99" count="2" type="stmt"/>
        <line num="108" count="4" type="stmt"/>
        <line num="109" count="4" type="stmt"/>
      </file>
    </package>
    <package name="react.backlog">
      <metrics statements="2274" coveredstatements="2042" conditionals="1495" coveredconditionals="1123" methods="570" coveredmethods="497"/>
      <file name="BacklogApp.tsx" path="/tmp/blitzy/taiga-migration-poc/blitzy-3da017fc-0818-4fc7-9f9f-dd9732536376_77a34b/blitzy/scratch/final-cleanroom-taiga-front/app/react/backlog/BacklogApp.tsx">
        <metrics statements="948" coveredstatements="863" conditionals="528" coveredconditionals="402" methods="201" coveredmethods="183"/>
        <line num="57" count="6" type="stmt"/>
        <line num="59" count="6" type="stmt"/>
        <line num="60" count="6" type="stmt"/>
        <line num="76" count="6" type="stmt"/>
        <line num="77" count="6" type="stmt"/>
        <line num="78" count="6" type="stmt"/>
        <line num="79" count="6" type="stmt"/>
        <line num="80" count="6" type="stmt"/>
        <line num="81" count="6" type="stmt"/>
        <line num="82" count="6" type="stmt"/>
        <line num="83" count="6" type="stmt"/>
        <line num="89" count="6" type="stmt"/>
        <line num="91" count="6" type="stmt"/>
        <line num="92" count="6" type="stmt"/>
        <line num="94" count="6" type="stmt"/>
        <line num="95" count="6" type="stmt"/>
        <line num="97" count="6" type="stmt"/>
        <line num="98" count="6" type="stmt"/>
        <line num="99" count="6" type="stmt"/>
        <line num="105" count="6" type="stmt"/>
        <line num="109" count="6" type="stmt"/>
        <line num="110" count="6" type="stmt"/>
        <line num="111" count="6" type="stmt"/>
        <line num="112" count="6" type="stmt"/>
        <line num="113" count="6" type="stmt"/>
        <line num="209" count="6" type="stmt"/>
        <line num="216" count="6" type="stmt"/>
        <line num="235" count="6" type="stmt"/>
        <line num="246" count="6" type="stmt"/>
        <line num="258" count="6" type="stmt"/>
        <line num="260" count="6" type="stmt"/>
        <line num="267" count="6" type="stmt"/>
        <line num="270" count="6" type="stmt"/>
        <line num="272" count="6" type="stmt"/>
        <line num="284" count="113" type="stmt"/>
        <line num="285" count="113" type="cond" truecount="6" falsecount="2"/>
        <line num="299" count="6" type="stmt"/>
        <line num="301" count="108" type="stmt"/>
        <line num="302" count="108" type="stmt"/>
        <line num="306" count="105" type="stmt"/>
        <line num="319" count="1570" type="cond" truecount="2" falsecount="0"/>
        <line num="333" count="5" type="stmt"/>
        <line num="334" count="5" type="stmt"/>
        <line num="335" count="5" type="cond" truecount="2" falsecount="0"/>
        <line num="337" count="0" type="stmt"/>
        <line num="343" count="23" type="cond" truecount="1" falsecount="0"/>
        <line num="344" count="6" type="stmt"/>
        <line num="346" count="17" type="cond" truecount="1" falsecount="0"/>
        <line num="347" count="17" type="stmt"/>
        <line num="348" count="17" type="cond" truecount="1" falsecount="1"/>
        <line num="350" count="0" type="stmt"/>
        <line num="360" count="41" type="stmt"/>
        <line num="361" count="27" type="cond" truecount="1" falsecount="0"/>
        <line num="362" count="22" type="stmt"/>
        <line num="365" count="54" type="stmt"/>
        <line num="369" count="5" type="stmt"/>
        <line num="370" count="5" type="stmt"/>
        <line num="371" count="5" type="cond" truecount="1" falsecount="0"/>
        <line num="372" count="2" type="stmt"/>
        <line num="375" count="2" type="stmt"/>
        <line num="380" count="3" type="stmt"/>
        <line num="390" count="12" type="cond" truecount="1" falsecount="0"/>
        <line num="391" count="20" type="stmt"/>
        <line num="393" count="4" type="stmt"/>
        <line num="395" count="4" type="cond" truecount="3" falsecount="1"/>
        <line num="396" count="4" type="cond" truecount="1" falsecount="1"/>
        <line num="401" count="11" type="stmt"/>
        <line num="406" count="7" type="stmt"/>
        <line num="407" count="7" type="stmt"/>
        <line num="408" count="7" type="stmt"/>
        <line num="409" count="7" type="stmt"/>
        <line num="418" count="10" type="stmt"/>
        <line num="419" count="5" type="cond" truecount="1" falsecount="1"/>
        <line num="444" count="8" type="stmt"/>
        <line num="450" count="8" type="cond" truecount="1" falsecount="0"/>
        <line num="451" count="1" type="stmt"/>
        <line num="456" count="9" type="cond" truecount="4" falsecount="0"/>
        <line num="464" count="1" type="stmt"/>
        <line num="465" count="1" type="stmt"/>
        <line num="466" count="7" type="cond" truecount="0" falsecount="1"/>
        <line num="467" count="0" type="stmt"/>
        <line num="470" count="7" type="stmt"/>
        <line num="471" count="7" type="stmt"/>
        <line num="473" count="7" type="stmt"/>
        <line num="474" count="7" type="stmt"/>
        <line num="475" count="7" type="stmt"/>
        <line num="478" count="7" type="cond" truecount="2" falsecount="0"/>
        <line num="479" count="6" type="stmt"/>
        <line num="481" count="1" type="stmt"/>
        <line num="482" count="1" type="cond" truecount="1" falsecount="0"/>
        <line num="483" count="1" type="stmt"/>
        <line num="484" count="1" type="stmt"/>
        <line num="485" count="0" type="stmt"/>
        <line num="491" count="7" type="cond" truecount="2" falsecount="0"/>
        <line num="492" count="4" type="stmt"/>
        <line num="494" count="3" type="stmt"/>
        <line num="495" count="3" type="cond" truecount="1" falsecount="0"/>
        <line num="496" count="3" type="stmt"/>
        <line num="497" count="3" type="stmt"/>
        <line num="499" count="3" type="stmt"/>
        <line num="500" count="0" type="stmt"/>
        <line num="505" count="7" type="stmt"/>
        <line num="526" count="1" type="stmt"/>
        <line num="530" count="1" type="stmt"/>
        <line num="532" count="1" type="stmt"/>
        <line num="533" count="1" type="stmt"/>
        <line num="534" count="5" type="stmt"/>
        <line num="535" count="2" type="cond" truecount="0" falsecount="1"/>
        <line num="536" count="0" type="stmt"/>
        <line num="538" count="2" type="stmt"/>
        <line num="541" count="1" type="stmt"/>
        <line num="542" count="2" type="stmt"/>
        <line num="543" count="1" type="stmt"/>
        <line num="546" count="3" type="stmt"/>
        <line num="547" count="1" type="stmt"/>
        <line num="549" count="0" type="stmt"/>
        <line num="551" count="1" type="stmt"/>
        <line num="553" count="0" type="stmt"/>
        <line num="557" count="1" type="stmt"/>
        <line num="558" count="1" type="stmt"/>
        <line num="559" count="1" type="stmt"/>
        <line num="561" count="1" type="cond" truecount="1" falsecount="1"/>
        <line num="562" count="0" type="stmt"/>
        <line num="564" count="1" type="stmt"/>
        <line num="565" count="1" type="cond" truecount="1" falsecount="0"/>
        <line num="566" count="1" type="stmt"/>
        <line num="567" count="1" type="stmt"/>
        <line num="571" count="1" type="stmt"/>
        <line num="576" count="684" type="cond" truecount="2" falsecount="0"/>
        <line num="581" count="29" type="cond" truecount="1" falsecount="1"/>
        <line num="586" count="22" type="cond" truecount="1" falsecount="1"/>
        <line num="591" count="32" type="cond" truecount="2" falsecount="0"/>
        <line num="602" count="114" type="stmt"/>
        <line num="605" count="114" type="stmt"/>
        <line num="611" count="114" type="stmt"/>
        <line num="618" count="114" type="stmt"/>
        <line num="624" count="114" type="stmt"/>
        <line num="631" count="114" type="stmt"/>
        <line num="636" count="114" type="stmt"/>
        <line num="643" count="114" type="stmt"/>
        <line num="648" count="114" type="stmt"/>
        <line num="655" count="114" type="stmt"/>
        <line num="660" count="114" type="stmt"/>
        <line num="667" count="114" type="stmt"/>
        <line num="668" count="2" type="cond" truecount="1" falsecount="0"/>
        <line num="669" count="1" type="stmt"/>
        <line num="675" count="1" type="stmt"/>
        <line num="681" count="114" type="stmt"/>
        <line num="687" count="114" type="stmt"/>
        <line num="697" count="255" type="stmt"/>
        <line num="699" count="255" type="stmt"/>
        <line num="700" count="14" type="cond" truecount="2" falsecount="0"/>
        <line num="701" count="14" type="cond" truecount="0" falsecount="1"/>
        <line num="702" count="0" type="stmt"/>
        <line num="704" count="14" type="cond" truecount="3" falsecount="1"/>
        <line num="707" count="255" type="stmt"/>
        <line num="708" count="255" type="stmt"/>
        <line num="709" count="14" type="stmt"/>
        <line num="711" count="255" type="stmt"/>
        <line num="721" count="1" type="stmt"/>
        <line num="722" count="1" type="stmt"/>
        <line num="723" count="1" type="cond" truecount="1" falsecount="1"/>
        <line num="724" count="1" type="cond" truecount="0" falsecount="1"/>
        <line num="725" count="0" type="stmt"/>
        <line num="727" count="1" type="cond" truecount="3" falsecount="1"/>
        <line num="729" count="1" type="stmt"/>
        <line num="730" count="1" type="stmt"/>
        <line num="731" count="1" type="stmt"/>
        <line num="733" count="1" type="stmt"/>
        <line num="747" count="1" type="stmt"/>
        <line num="748" count="1" type="stmt"/>
        <line num="749" count="6" type="stmt"/>
        <line num="752" count="1" type="stmt"/>
        <line num="753" count="1" type="stmt"/>
        <line num="754" count="1" type="stmt"/>
        <line num="755" count="1" type="cond" truecount="2" falsecount="1"/>
        <line num="756" count="0" type="stmt"/>
        <line num="758" count="1" type="stmt"/>
        <line num="759" count="1" type="cond" truecount="1" falsecount="1"/>
        <line num="760" count="1" type="cond" truecount="1" falsecount="1"/>
        <line num="761" count="1" type="stmt"/>
        <line num="763" count="1" type="stmt"/>
        <line num="764" count="1" type="stmt"/>
        <line num="765" count="1" type="cond" truecount="0" falsecount="1"/>
        <line num="766" count="0" type="stmt"/>
        <line num="768" count="1" type="cond" truecount="3" falsecount="1"/>
        <line num="769" count="1" type="stmt"/>
        <line num="778" count="1" type="stmt"/>
        <line num="787" count="108" type="stmt"/>
        <line num="801" count="13" type="cond" truecount="1" falsecount="0"/>
        <line num="803" count="13" type="stmt"/>
        <line num="805" count="13" type="cond" truecount="1" falsecount="0"/>
        <line num="806" count="7" type="stmt"/>
        <line num="812" count="0" type="stmt"/>
        <line num="813" count="0" type="stmt"/>
        <line num="815" count="0" type="stmt"/>
        <line num="821" count="2" type="stmt"/>
        <line num="822" count="2" type="stmt"/>
        <line num="840" count="113" type="stmt"/>
        <line num="841" count="113" type="stmt"/>
        <line num="842" count="113" type="cond" truecount="0" falsecount="1"/>
        <line num="843" count="0" type="stmt"/>
        <line num="845" count="113" type="stmt"/>
        <line num="846" count="113" type="cond" truecount="1" falsecount="0"/>
        <line num="847" count="1" type="stmt"/>
        <line num="848" count="1" type="stmt"/>
        <line num="850" count="112" type="stmt"/>
        <line num="852" count="0" type="stmt"/>
        <line num="893" count="2575" type="stmt"/>
        <line num="916" count="9" type="stmt"/>
        <line num="921" count="9" type="stmt"/>
        <line num="922" count="9" type="cond" truecount="0" falsecount="1"/>
        <line num="924" count="0" type="stmt"/>
        <line num="926" count="9" type="stmt"/>
        <line num="936" count="6" type="stmt"/>
        <line num="940" count="18" type="cond" truecount="1" falsecount="0"/>
        <line num="941" count="1" type="stmt"/>
        <line num="943" count="17" type="cond" truecount="3" falsecount="0"/>
        <line num="944" count="3" type="stmt"/>
        <line num="946" count="14" type="stmt"/>
        <line num="955" count="18" type="cond" truecount="1" falsecount="0"/>
        <line num="956" count="1" type="cond" truecount="1" falsecount="1"/>
        <line num="958" count="17" type="cond" truecount="2" falsecount="0"/>
        <line num="985" count="56" type="stmt"/>
        <line num="988" count="56" type="stmt"/>
        <line num="989" count="336" type="stmt"/>
        <line num="990" count="56" type="stmt"/>
        <line num="991" count="13" type="cond" truecount="2" falsecount="0"/>
        <line num="995" count="56" type="stmt"/>
        <line num="996" count="56" type="stmt"/>
        <line num="997" count="56" type="stmt"/>
        <line num="998" count="56" type="stmt"/>
        <line num="1000" count="56" type="stmt"/>
        <line num="1001" count="2" type="stmt"/>
        <line num="1002" count="2" type="stmt"/>
        <line num="1003" count="2" type="stmt"/>
        <line num="1006" count="56" type="stmt"/>
        <line num="1008" count="2" type="stmt"/>
        <line num="1009" count="2" type="stmt"/>
        <line num="1010" count="2" type="stmt"/>
        <line num="1011" count="2" type="cond" truecount="3" falsecount="0"/>
        <line num="1012" count="1" type="stmt"/>
        <line num="1013" count="1" type="stmt"/>
        <line num="1014" count="1" type="stmt"/>
        <line num="1015" count="1" type="stmt"/>
        <line num="1016" count="1" type="stmt"/>
        <line num="1017" count="1" type="stmt"/>
        <line num="1019" count="1" type="stmt"/>
        <line num="1020" count="1" type="cond" truecount="1" falsecount="1"/>
        <line num="1025" count="56" type="stmt"/>
        <line num="1027" count="42" type="stmt"/>
        <line num="1028" count="24" type="cond" truecount="2" falsecount="0"/>
        <line num="1034" count="56" type="stmt"/>
        <line num="1035" count="56" type="stmt"/>
        <line num="1036" count="56" type="cond" truecount="2" falsecount="0"/>
        <line num="1039" count="56" type="stmt"/>
        <line num="1049" count="1" type="stmt"/>
        <line num="1056" count="56" type="stmt"/>
        <line num="1093" count="1" type="stmt"/>
        <line num="1114" count="6" type="stmt"/>
        <line num="1123" count="1" type="stmt"/>
        <line num="1133" count="1" type="stmt"/>
        <line num="1174" count="112" type="stmt"/>
        <line num="1181" count="1" type="stmt"/>
        <line num="1207" count="336" type="stmt"/>
        <line num="1208" count="336" type="stmt"/>
        <line num="1220" count="13" type="stmt"/>
        <line num="1231" count="42" type="stmt"/>
        <line num="1234" count="18" type="stmt"/>
        <line num="1244" count="6" type="stmt"/>
        <line num="1275" count="6" type="stmt"/>
        <line num="1276" count="492" type="stmt"/>
        <line num="1282" count="492" type="stmt"/>
        <line num="1283" count="492" type="stmt"/>
        <line num="1311" count="492" type="stmt"/>
        <line num="1314" count="492" type="stmt"/>
        <line num="1319" count="492" type="stmt"/>
        <line num="1320" count="492" type="stmt"/>
        <line num="1321" count="492" type="stmt"/>
        <line num="1326" count="492" type="stmt"/>
        <line num="1333" count="492" type="stmt"/>
        <line num="1334" count="113" type="cond" truecount="2" falsecount="0"/>
        <line num="1336" count="492" type="stmt"/>
        <line num="1337" count="113" type="stmt"/>
        <line num="1342" count="492" type="stmt"/>
        <line num="1343" count="492" type="stmt"/>
        <line num="1351" count="492" type="stmt"/>
        <line num="1352" count="492" type="stmt"/>
        <line num="1357" count="492" type="stmt"/>
        <line num="1364" count="492" type="stmt"/>
        <line num="1365" count="492" type="stmt"/>
        <line num="1369" count="492" type="stmt"/>
        <line num="1377" count="492" type="stmt"/>
        <line num="1381" count="492" type="stmt"/>
        <line num="1382" count="492" type="stmt"/>
        <line num="1383" count="492" type="stmt"/>
        <line num="1384" count="492" type="stmt"/>
        <line num="1385" count="492" type="stmt"/>
        <line num="1386" count="492" type="stmt"/>
        <line num="1387" count="492" type="stmt"/>
        <line num="1388" count="492" type="stmt"/>
        <line num="1389" count="492" type="stmt"/>
        <line num="1392" count="492" type="stmt"/>
        <line num="1393" count="492" type="stmt"/>
        <line num="1398" count="492" type="stmt"/>
        <line num="1401" count="492" type="stmt"/>
        <line num="1404" count="492" type="stmt"/>
        <line num="1406" count="492" type="stmt"/>
        <line num="1407" count="492" type="cond" truecount="2" falsecount="0"/>
        <line num="1408" count="492" type="stmt"/>
        <line num="1420" count="492" type="stmt"/>
        <line num="1421" count="113" type="stmt"/>
        <line num="1423" count="1" type="stmt"/>
        <line num="1426" count="1" type="stmt"/>
        <line num="1429" count="113" type="stmt"/>
        <line num="1430" count="113" type="stmt"/>
        <line num="1464" count="492" type="stmt"/>
        <line num="1466" count="113" type="stmt"/>
        <line num="1467" count="113" type="stmt"/>
        <line num="1470" count="113" type="stmt"/>
        <line num="1475" count="113" type="stmt"/>
        <line num="1477" count="113" type="stmt"/>
        <line num="1482" count="113" type="cond" truecount="2" falsecount="0"/>
        <line num="1483" count="112" type="stmt"/>
        <line num="1485" count="1" type="stmt"/>
        <line num="1486" count="1" type="cond" truecount="0" falsecount="1"/>
        <line num="1488" count="0" type="stmt"/>
        <line num="1490" count="1" type="stmt"/>
        <line num="1492" count="109" type="cond" truecount="2" falsecount="1"/>
        <line num="1493" count="0" type="stmt"/>
        <line num="1498" count="109" type="stmt"/>
        <line num="1499" count="109" type="stmt"/>
        <line num="1500" count="109" type="stmt"/>
        <line num="1501" count="109" type="cond" truecount="1" falsecount="0"/>
        <line num="1503" count="2" type="stmt"/>
        <line num="1504" count="2" type="stmt"/>
        <line num="1511" count="107" type="cond" truecount="1" falsecount="1"/>
        <line num="1512" count="107" type="stmt"/>
        <line num="1513" count="107" type="stmt"/>
        <line num="1516" count="106" type="cond" truecount="3" falsecount="0"/>
        <line num="1517" count="106" type="cond" truecount="1" falsecount="1"/>
        <line num="1520" count="1" type="stmt"/>
        <line num="1522" count="0" type="cond" truecount="0" falsecount="3"/>
        <line num="1523" count="0" type="stmt"/>
        <line num="1525" count="107" type="stmt"/>
        <line num="1527" count="4" type="cond" truecount="2" falsecount="1"/>
        <line num="1528" count="0" type="stmt"/>
        <line num="1531" count="4" type="cond" truecount="5" falsecount="0"/>
        <line num="1532" count="3" type="stmt"/>
        <line num="1534" count="1" type="stmt"/>
        <line num="1535" count="1" type="stmt"/>
        <line num="1537" count="4" type="stmt"/>
        <line num="1545" count="492" type="stmt"/>
        <line num="1546" count="135" type="stmt"/>
        <line num="1547" count="135" type="cond" truecount="0" falsecount="1"/>
        <line num="1548" count="0" type="stmt"/>
        <line num="1551" count="135" type="stmt"/>
        <line num="1552" count="135" type="stmt"/>
        <line num="1553" count="135" type="stmt"/>
        <line num="1554" count="134" type="cond" truecount="2" falsecount="1"/>
        <line num="1555" count="0" type="stmt"/>
        <line num="1557" count="134" type="stmt"/>
        <line num="1559" count="1" type="stmt"/>
        <line num="1568" count="492" type="stmt"/>
        <line num="1569" count="122" type="stmt"/>
        <line num="1570" count="122" type="cond" truecount="0" falsecount="1"/>
        <line num="1571" count="0" type="stmt"/>
        <line num="1574" count="122" type="stmt"/>
        <line num="1575" count="122" type="stmt"/>
        <line num="1576" count="122" type="stmt"/>
        <line num="1577" count="121" type="cond" truecount="2" falsecount="1"/>
        <line num="1578" count="0" type="stmt"/>
        <line num="1580" count="121" type="cond" truecount="1" falsecount="1"/>
        <line num="1581" count="121" type="cond" truecount="1" falsecount="1"/>
        <line num="1582" count="121" type="stmt"/>
        <line num="1584" count="1" type="stmt"/>
        <line num="1589" count="492" type="stmt"/>
        <line num="1590" count="5" type="stmt"/>
        <line num="1591" count="5" type="cond" truecount="0" falsecount="1"/>
        <line num="1592" count="0" type="stmt"/>
        <line num="1595" count="5" type="stmt"/>
        <line num="1596" count="5" type="stmt"/>
        <line num="1597" count="5" type="stmt"/>
        <line num="1598" count="5" type="cond" truecount="2" falsecount="1"/>
        <line num="1599" count="0" type="stmt"/>
        <line num="1601" count="5" type="cond" truecount="1" falsecount="1"/>
        <line num="1602" count="5" type="stmt"/>
        <line num="1604" count="0" type="stmt"/>
        <line num="1616" count="492" type="stmt"/>
        <line num="1618" count="140" type="stmt"/>
        <line num="1619" count="140" type="cond" truecount="0" falsecount="1"/>
        <line num="1620" count="0" type="stmt"/>
        <line num="1622" count="140" type="stmt"/>
        <line num="1623" count="140" type="cond" truecount="2" falsecount="0"/>
        <line num="1624" count="140" type="cond" truecount="2" falsecount="0"/>
        <line num="1625" count="140" type="cond" truecount="2" falsecount="0"/>
        <line num="1631" count="140" type="stmt"/>
        <line num="1632" count="140" type="stmt"/>
        <line num="1634" count="140" type="stmt"/>
        <line num="1636" count="140" type="stmt"/>
        <line num="1642" count="140" type="cond" truecount="1" falsecount="0"/>
        <line num="1643" count="1" type="stmt"/>
        <line num="1645" count="140" type="stmt"/>
        <line num="1647" count="140" type="stmt"/>
        <line num="1648" count="140" type="stmt"/>
        <line num="1649" count="139" type="cond" truecount="1" falsecount="0"/>
        <line num="1654" count="1" type="stmt"/>
        <line num="1659" count="138" type="stmt"/>
        <line num="1660" count="138" type="stmt"/>
        <line num="1662" count="138" type="cond" truecount="2" falsecount="0"/>
        <line num="1663" count="138" type="stmt"/>
        <line num="1664" count="138" type="cond" truecount="1" falsecount="1"/>
        <line num="1666" count="138" type="stmt"/>
        <line num="1674" count="138" type="cond" truecount="2" falsecount="0"/>
        <line num="1676" count="1" type="cond" truecount="0" falsecount="1"/>
        <line num="1681" count="0" type="stmt"/>
        <line num="1683" count="1" type="stmt"/>
        <line num="1684" count="1" type="stmt"/>
        <line num="1695" count="492" type="stmt"/>
        <line num="1697" count="115" type="stmt"/>
        <line num="1698" count="115" type="cond" truecount="0" falsecount="1"/>
        <line num="1699" count="0" type="stmt"/>
        <line num="1701" count="115" type="stmt"/>
        <line num="1705" count="115" type="cond" truecount="2" falsecount="0"/>
        <line num="1707" count="115" type="stmt"/>
        <line num="1708" count="115" type="stmt"/>
        <line num="1709" count="115" type="stmt"/>
        <line num="1714" count="114" type="cond" truecount="2" falsecount="1"/>
        <line num="1715" count="0" type="stmt"/>
        <line num="1717" count="114" type="stmt"/>
        <line num="1718" count="114" type="stmt"/>
        <line num="1720" count="1" type="stmt"/>
        <line num="1732" count="492" type="stmt"/>
        <line num="1733" count="106" type="stmt"/>
        <line num="1734" count="106" type="cond" truecount="0" falsecount="1"/>
        <line num="1735" count="0" type="stmt"/>
        <line num="1738" count="106" type="stmt"/>
        <line num="1739" count="106" type="stmt"/>
        <line num="1740" count="106" type="stmt"/>
        <line num="1741" count="106" type="cond" truecount="2" falsecount="1"/>
        <line num="1742" count="0" type="stmt"/>
        <line num="1747" count="106" type="stmt"/>
        <line num="1749" count="0" type="stmt"/>
        <line num="1754" count="492" type="stmt"/>
        <line num="1755" count="111" type="stmt"/>
        <line num="1775" count="492" type="stmt"/>
        <line num="1776" count="2" type="stmt"/>
        <line num="1777" count="2" type="cond" truecount="3" falsecount="0"/>
        <line num="1778" count="1" type="stmt"/>
        <line num="1780" count="1" type="stmt"/>
        <line num="1781" count="1" type="cond" truecount="0" falsecount="1"/>
        <line num="1782" count="0" type="stmt"/>
        <line num="1784" count="1" type="stmt"/>
        <line num="1803" count="492" type="stmt"/>
        <line num="1804" count="492" type="stmt"/>
        <line num="1805" count="492" type="stmt"/>
        <line num="1806" count="492" type="stmt"/>
        <line num="1807" count="1" type="stmt"/>
        <line num="1808" count="1" type="stmt"/>
        <line num="1810" count="492" type="stmt"/>
        <line num="1811" count="1" type="stmt"/>
        <line num="1812" count="1" type="stmt"/>
        <line num="1813" count="1" type="stmt"/>
        <line num="1815" count="492" type="stmt"/>
        <line num="1816" count="2" type="stmt"/>
        <line num="1819" count="492" type="stmt"/>
        <line num="1822" count="492" type="cond" truecount="1" falsecount="0"/>
        <line num="1823" count="113" type="stmt"/>
        <line num="1824" count="1" type="stmt"/>
        <line num="1829" count="492" type="stmt"/>
        <line num="1832" count="492" type="cond" truecount="1" falsecount="0"/>
        <line num="1833" count="113" type="stmt"/>
        <line num="1834" count="1" type="stmt"/>
        <line num="1839" count="492" type="stmt"/>
        <line num="1842" count="492" type="cond" truecount="1" falsecount="0"/>
        <line num="1843" count="113" type="stmt"/>
        <line num="1844" count="2" type="stmt"/>
        <line num="1858" count="492" type="stmt"/>
        <line num="1859" count="106" type="stmt"/>
        <line num="1860" count="106" type="cond" truecount="0" falsecount="1"/>
        <line num="1861" count="0" type="stmt"/>
        <line num="1868" count="106" type="cond" truecount="0" falsecount="1"/>
        <line num="1869" count="0" type="stmt"/>
        <line num="1870" count="0" type="stmt"/>
        <line num="1873" count="0" type="cond" truecount="0" falsecount="4"/>
        <line num="1874" count="0" type="cond" truecount="0" falsecount="4"/>
        <line num="1875" count="0" type="cond" truecount="0" falsecount="4"/>
        <line num="1877" count="106" type="stmt"/>
        <line num="1878" count="106" type="stmt"/>
        <line num="1879" count="106" type="stmt"/>
        <line num="1881" count="106" type="stmt"/>
        <line num="1883" count="1" type="cond" truecount="3" falsecount="1"/>
        <line num="1886" count="106" type="stmt"/>
        <line num="1889" count="1" type="cond" truecount="3" falsecount="1"/>
        <line num="1905" count="106" type="stmt"/>
        <line num="1906" count="2" type="cond" truecount="3" falsecount="1"/>
        <line num="1918" count="492" type="stmt"/>
        <line num="1923" count="111" type="stmt"/>
        <line num="1924" count="111" type="cond" truecount="3" falsecount="0"/>
        <line num="1925" count="5" type="stmt"/>
        <line num="1928" count="106" type="stmt"/>
        <line num="1932" count="106" type="stmt"/>
        <line num="1933" count="106" type="stmt"/>
        <line num="1934" count="106" type="stmt"/>
        <line num="1935" count="106" type="cond" truecount="1" falsecount="0"/>
        <line num="1938" count="105" type="stmt"/>
        <line num="1939" count="105" type="cond" truecount="1" falsecount="0"/>
        <line num="1940" count="1" type="stmt"/>
        <line num="1941" count="1" type="stmt"/>
        <line num="1945" count="1" type="stmt"/>
        <line num="1948" count="106" type="cond" truecount="1" falsecount="0"/>
        <line num="1949" count="2" type="stmt"/>
        <line num="1950" count="2" type="cond" truecount="1" falsecount="0"/>
        <line num="1951" count="2" type="stmt"/>
        <line num="1958" count="106" type="stmt"/>
        <line num="1959" count="106" type="cond" truecount="0" falsecount="1"/>
        <line num="1960" count="0" type="stmt"/>
        <line num="1962" count="106" type="stmt"/>
        <line num="1963" count="106" type="cond" truecount="0" falsecount="1"/>
        <line num="1964" count="0" type="stmt"/>
        <line num="1968" count="106" type="stmt"/>
        <line num="1969" count="106" type="cond" truecount="0" falsecount="1"/>
        <line num="1970" count="0" type="stmt"/>
        <line num="1972" count="106" type="stmt"/>
        <line num="1996" count="492" type="stmt"/>
        <line num="1997" count="12" type="stmt"/>
        <line num="1998" count="12" type="stmt"/>
        <line num="1999" count="12" type="stmt"/>
        <line num="2000" count="12" type="cond" truecount="3" falsecount="0"/>
        <line num="2001" count="2" type="stmt"/>
        <line num="2004" count="10" type="stmt"/>
        <line num="2005" count="10" type="cond" truecount="1" falsecount="0"/>
        <line num="2006" count="1" type="stmt"/>
        <line num="2019" count="9" type="stmt"/>
        <line num="2020" count="9" type="stmt"/>
        <line num="2021" count="23" type="stmt"/>
        <line num="2023" count="9" type="stmt"/>
        <line num="2024" count="9" type="stmt"/>
        <line num="2025" count="1" type="stmt"/>
        <line num="2028" count="9" type="stmt"/>
        <line num="2029" count="32" type="stmt"/>
        <line num="2030" count="32" type="cond" truecount="2" falsecount="0"/>
        <line num="2032" count="9" type="stmt"/>
        <line num="2033" count="9" type="cond" truecount="2" falsecount="0"/>
        <line num="2034" count="9" type="cond" truecount="2" falsecount="0"/>
        <line num="2035" count="44" type="stmt"/>
        <line num="2040" count="9" type="cond" truecount="2" falsecount="0"/>
        <line num="2042" count="3" type="stmt"/>
        <line num="2043" count="3" type="stmt"/>
        <line num="2044" count="1" type="stmt"/>
        <line num="2046" count="3" type="stmt"/>
        <line num="2049" count="6" type="stmt"/>
        <line num="2050" count="6" type="cond" truecount="0" falsecount="1"/>
        <line num="2051" count="0" type="stmt"/>
        <line num="2054" count="6" type="cond" truecount="0" falsecount="1"/>
        <line num="2055" count="0" type="stmt"/>
        <line num="2057" count="6" type="stmt"/>
        <line num="2058" count="18" type="stmt"/>
        <line num="2059" count="6" type="stmt"/>
        <line num="2060" count="6" type="cond" truecount="1" falsecount="1"/>
        <line num="2061" count="0" type="stmt"/>
        <line num="2062" count="6" type="cond" truecount="2" falsecount="0"/>
        <line num="2077" count="4" type="stmt"/>
        <line num="2081" count="2" type="stmt"/>
        <line num="2085" count="9" type="stmt"/>
        <line num="2086" count="19" type="stmt"/>
        <line num="2088" count="9" type="stmt"/>
        <line num="2089" count="9" type="stmt"/>
        <line num="2090" count="9" type="stmt"/>
        <line num="2092" count="9" type="stmt"/>
        <line num="2099" count="9" type="cond" truecount="0" falsecount="1"/>
        <line num="2103" count="0" type="stmt"/>
        <line num="2105" count="9" type="stmt"/>
        <line num="2117" count="492" type="stmt"/>
        <line num="2119" count="6" type="stmt"/>
        <line num="2120" count="6" type="stmt"/>
        <line num="2125" count="6" type="stmt"/>
        <line num="2127" count="6" type="cond" truecount="2" falsecount="0"/>
        <line num="2141" count="6" type="cond" truecount="0" falsecount="1"/>
        <line num="2142" count="0" type="stmt"/>
        <line num="2145" count="6" type="stmt"/>
        <line num="2149" count="6" type="cond" truecount="1" falsecount="0"/>
        <line num="2150" count="1" type="stmt"/>
        <line num="2153" count="6" type="stmt"/>
        <line num="2154" count="6" type="stmt"/>
        <line num="2156" count="6" type="stmt"/>
        <line num="2158" count="6" type="stmt"/>
        <line num="2164" count="5" type="cond" truecount="0" falsecount="1"/>
        <line num="2165" count="0" type="stmt"/>
        <line num="2168" count="5" type="stmt"/>
        <line num="2169" count="1" type="stmt"/>
        <line num="2174" count="1" type="stmt"/>
        <line num="2175" count="1" type="cond" truecount="2" falsecount="1"/>
        <line num="2176" count="1" type="stmt"/>
        <line num="2178" count="1" type="cond" truecount="1" falsecount="0"/>
        <line num="2179" count="1" type="stmt"/>
        <line num="2181" count="1" type="cond" truecount="1" falsecount="0"/>
        <line num="2182" count="1" type="stmt"/>
        <line num="2184" count="1" type="stmt"/>
        <line num="2191" count="5" type="stmt"/>
        <line num="2192" count="5" type="cond" truecount="0" falsecount="1"/>
        <line num="2193" count="0" type="stmt"/>
        <line num="2195" count="5" type="stmt"/>
        <line num="2197" count="1" type="cond" truecount="1" falsecount="0"/>
        <line num="2199" count="1" type="stmt"/>
        <line num="2201" count="1" type="stmt"/>
        <line num="2226" count="492" type="stmt"/>
        <line num="2228" count="5" type="stmt"/>
        <line num="2229" count="5" type="cond" truecount="1" falsecount="0"/>
        <line num="2230" count="1" type="stmt"/>
        <line num="2232" count="4" type="stmt"/>
        <line num="2233" count="4" type="cond" truecount="1" falsecount="0"/>
        <line num="2234" count="1" type="stmt"/>
        <line num="2237" count="3" type="stmt"/>
        <line num="2238" count="3" type="cond" truecount="2" falsecount="0"/>
        <line num="2240" count="3" type="stmt"/>
        <line num="2245" count="3" type="stmt"/>
        <line num="2246" count="3" type="cond" truecount="1" falsecount="0"/>
        <line num="2247" count="2" type="stmt"/>
        <line num="2250" count="3" type="stmt"/>
        <line num="2251" count="3" type="stmt"/>
        <line num="2258" count="2" type="cond" truecount="0" falsecount="1"/>
        <line num="2259" count="0" type="stmt"/>
        <line num="2261" count="2" type="stmt"/>
        <line num="2262" count="1" type="stmt"/>
        <line num="2263" count="1" type="stmt"/>
        <line num="2264" count="1" type="cond" truecount="3" falsecount="0"/>
        <line num="2265" count="1" type="stmt"/>
        <line num="2267" count="1" type="cond" truecount="1" falsecount="0"/>
        <line num="2268" count="1" type="stmt"/>
        <line num="2270" count="1" type="stmt"/>
        <line num="2272" count="2" type="stmt"/>
        <line num="2274" count="1" type="cond" truecount="1" falsecount="0"/>
        <line num="2275" count="1" type="stmt"/>
        <line num="2277" count="1" type="stmt"/>
        <line num="2300" count="492" type="stmt"/>
        <line num="2307" count="2" type="stmt"/>
        <line num="2315" count="492" type="stmt"/>
        <line num="2317" count="3" type="stmt"/>
        <line num="2318" count="3" type="stmt"/>
        <line num="2320" count="3" type="stmt"/>
        <line num="2321" count="3" type="stmt"/>
        <line num="2322" count="1" type="cond" truecount="0" falsecount="1"/>
        <line num="2323" count="0" type="stmt"/>
        <line num="2325" count="1" type="stmt"/>
        <line num="2327" count="2" type="cond" truecount="1" falsecount="0"/>
        <line num="2328" count="2" type="stmt"/>
        <line num="2330" count="2" type="stmt"/>
        <line num="2345" count="492" type="stmt"/>
        <line num="2346" count="4" type="stmt"/>
        <line num="2350" count="492" type="stmt"/>
        <line num="2351" count="3" type="stmt"/>
        <line num="2352" count="3" type="cond" truecount="0" falsecount="1"/>
        <line num="2353" count="0" type="stmt"/>
        <line num="2355" count="3" type="stmt"/>
        <line num="2356" count="3" type="stmt"/>
        <line num="2357" count="3" type="cond" truecount="1" falsecount="0"/>
        <line num="2358" count="3" type="stmt"/>
        <line num="2363" count="492" type="stmt"/>
        <line num="2364" count="1" type="stmt"/>
        <line num="2368" count="492" type="stmt"/>
        <line num="2370" count="5" type="stmt"/>
        <line num="2382" count="492" type="stmt"/>
        <line num="2384" count="4" type="stmt"/>
        <line num="2385" count="4" type="stmt"/>
        <line num="2389" count="1" type="cond" truecount="0" falsecount="1"/>
        <line num="2390" count="0" type="stmt"/>
        <line num="2392" count="1" type="stmt"/>
        <line num="2393" count="1" type="stmt"/>
        <line num="2395" count="3" type="cond" truecount="2" falsecount="0"/>
        <line num="2396" count="1" type="stmt"/>
        <line num="2398" count="2" type="stmt"/>
        <line num="2415" count="492" type="stmt"/>
        <line num="2417" count="2" type="stmt"/>
        <line num="2418" count="2" type="stmt"/>
        <line num="2419" count="2" type="stmt"/>
        <line num="2423" count="1" type="cond" truecount="0" falsecount="1"/>
        <line num="2424" count="0" type="stmt"/>
        <line num="2426" count="1" type="stmt"/>
        <line num="2427" count="1" type="stmt"/>
        <line num="2429" count="1" type="cond" truecount="1" falsecount="1"/>
        <line num="2430" count="1" type="stmt"/>
        <line num="2432" count="0" type="stmt"/>
        <line num="2448" count="492" type="stmt"/>
        <line num="2449" count="4" type="cond" truecount="2" falsecount="0"/>
        <line num="2454" count="2" type="stmt"/>
        <line num="2456" count="2" type="stmt"/>
        <line num="2466" count="492" type="stmt"/>
        <line num="2467" count="6" type="stmt"/>
        <line num="2468" count="5" type="stmt"/>
        <line num="2470" count="1" type="stmt"/>
        <line num="2473" count="5" type="cond" truecount="1" falsecount="1"/>
        <line num="2475" count="5" type="cond" truecount="1" falsecount="1"/>
        <line num="2478" count="5" type="stmt"/>
        <line num="2480" count="5" type="stmt"/>
        <line num="2496" count="492" type="stmt"/>
        <line num="2498" count="2" type="stmt"/>
        <line num="2499" count="2" type="cond" truecount="2" falsecount="0"/>
        <line num="2500" count="2" type="stmt"/>
        <line num="2531" count="492" type="stmt"/>
        <line num="2532" count="1" type="stmt"/>
        <line num="2533" count="1" type="stmt"/>
        <line num="2547" count="492" type="stmt"/>
        <line num="2549" count="8" type="stmt"/>
        <line num="2550" count="8" type="stmt"/>
        <line num="2552" count="8" type="stmt"/>
        <line num="2553" count="8" type="cond" truecount="0" falsecount="1"/>
        <line num="2554" count="0" type="stmt"/>
        <line num="2564" count="8" type="stmt"/>
        <line num="2565" count="8" type="cond" truecount="0" falsecount="1"/>
        <line num="2566" count="0" type="stmt"/>
        <line num="2569" count="8" type="cond" truecount="3" falsecount="0"/>
        <line num="2570" count="2" type="stmt"/>
        <line num="2571" count="2" type="stmt"/>
        <line num="2572" count="2" type="stmt"/>
        <line num="2574" count="2" type="cond" truecount="1" falsecount="1"/>
        <line num="2575" count="2" type="cond" truecount="1" falsecount="0"/>
        <line num="2576" count="2" type="stmt"/>
        <line num="2577" count="2" type="stmt"/>
        <line num="2584" count="2" type="cond" truecount="0" falsecount="1"/>
        <line num="2585" count="0" type="stmt"/>
        <line num="2587" count="2" type="stmt"/>
        <line num="2588" count="2" type="stmt"/>
        <line num="2590" count="0" type="stmt"/>
        <line num="2612" count="492" type="stmt"/>
        <line num="2614" count="5" type="stmt"/>
        <line num="2626" count="5" type="stmt"/>
        <line num="2627" count="5" type="stmt"/>
        <line num="2628" count="5" type="stmt"/>
        <line num="2634" count="5" type="cond" truecount="8" falsecount="0"/>
        <line num="2642" count="5" type="cond" truecount="3" falsecount="0"/>
        <line num="2643" count="2" type="stmt"/>
        <line num="2655" count="2" type="cond" truecount="0" falsecount="1"/>
        <line num="2656" count="0" type="stmt"/>
        <line num="2658" count="2" type="stmt"/>
        <line num="2662" count="5" type="cond" truecount="1" falsecount="0"/>
        <line num="2663" count="5" type="stmt"/>
        <line num="2665" count="5" type="stmt"/>
        <line num="2680" count="492" type="stmt"/>
        <line num="2682" count="3" type="stmt"/>
        <line num="2683" count="3" type="stmt"/>
        <line num="2707" count="2" type="stmt"/>
        <line num="2708" count="2" type="stmt"/>
        <line num="2709" count="2" type="cond" truecount="0" falsecount="1"/>
        <line num="2710" count="0" type="stmt"/>
        <line num="2712" count="2" type="stmt"/>
        <line num="2713" count="2" type="stmt"/>
        <line num="2714" count="2" type="stmt"/>
        <line num="2716" count="1" type="cond" truecount="1" falsecount="0"/>
        <line num="2717" count="1" type="stmt"/>
        <line num="2719" count="1" type="stmt"/>
        <line num="2730" count="492" type="stmt"/>
        <line num="2732" count="7" type="stmt"/>
        <line num="2733" count="2" type="stmt"/>
        <line num="2744" count="492" type="stmt"/>
        <line num="2746" count="2" type="stmt"/>
        <line num="2747" count="1" type="stmt"/>
        <line num="2758" count="492" type="stmt"/>
        <line num="2760" count="0" type="stmt"/>
        <line num="2764" count="0" type="cond" truecount="0" falsecount="4"/>
        <line num="2777" count="492" type="stmt"/>
        <line num="2779" count="0" type="stmt"/>
        <line num="2780" count="0" type="stmt"/>
        <line num="2786" count="492" type="stmt"/>
        <line num="2787" count="115" type="stmt"/>
        <line num="2790" count="4" type="stmt"/>
        <line num="2794" count="4" type="stmt"/>
        <line num="2797" count="2" type="stmt"/>
        <line num="2810" count="492" type="stmt"/>
        <line num="2811" count="342" type="stmt"/>
        <line num="2812" count="227" type="cond" truecount="1" falsecount="0"/>
        <line num="2813" count="113" type="stmt"/>
        <line num="2815" count="114" type="stmt"/>
        <line num="2816" count="2" type="cond" truecount="2" falsecount="0"/>
        <line num="2817" count="1" type="stmt"/>
        <line num="2818" count="1" type="stmt"/>
        <line num="2830" count="492" type="stmt"/>
        <line num="2832" count="2" type="stmt"/>
        <line num="2833" count="2" type="cond" truecount="0" falsecount="1"/>
        <line num="2834" count="0" type="stmt"/>
        <line num="2836" count="2" type="stmt"/>
        <line num="2837" count="1" type="stmt"/>
        <line num="2838" count="1" type="stmt"/>
        <line num="2845" count="492" type="stmt"/>
        <line num="2846" count="11" type="stmt"/>
        <line num="2856" count="492" type="stmt"/>
        <line num="2857" count="1" type="stmt"/>
        <line num="2858" count="1" type="stmt"/>
        <line num="2859" count="1" type="stmt"/>
        <line num="2867" count="492" type="stmt"/>
        <line num="2868" count="1" type="stmt"/>
        <line num="2869" count="1" type="cond" truecount="1" falsecount="1"/>
        <line num="2872" count="1" type="stmt"/>
        <line num="2880" count="492" type="stmt"/>
        <line num="2881" count="1" type="stmt"/>
        <line num="2882" count="1" type="stmt"/>
        <line num="2883" count="1" type="stmt"/>
        <line num="2884" count="1" type="stmt"/>
        <line num="2893" count="492" type="stmt"/>
        <line num="2894" count="2" type="stmt"/>
        <line num="2895" count="2" type="stmt"/>
        <line num="2896" count="2" type="cond" truecount="3" falsecount="0"/>
        <line num="2897" count="2" type="stmt"/>
        <line num="2899" count="2" type="stmt"/>
        <line num="2909" count="492" type="stmt"/>
        <line num="2911" count="6" type="stmt"/>
        <line num="2912" count="6" type="stmt"/>
        <line num="2913" count="0" type="cond" truecount="0" falsecount="2"/>
        <line num="2915" count="6" type="cond" truecount="0" falsecount="1"/>
        <line num="2916" count="0" type="stmt"/>
        <line num="2921" count="6" type="stmt"/>
        <line num="2928" count="6" type="stmt"/>
        <line num="2931" count="6" type="stmt"/>
        <line num="2932" count="6" type="stmt"/>
        <line num="2933" count="6" type="stmt"/>
        <line num="2934" count="6" type="stmt"/>
        <line num="2940" count="492" type="stmt"/>
        <line num="2942" count="1" type="stmt"/>
        <line num="2943" count="1" type="stmt"/>
        <line num="2944" count="1" type="cond" truecount="2" falsecount="0"/>
        <line num="2946" count="1" type="stmt"/>
        <line num="2947" count="1" type="stmt"/>
        <line num="2948" count="1" type="stmt"/>
        <line num="2949" count="1" type="stmt"/>
        <line num="2961" count="492" type="stmt"/>
        <line num="2963" count="1" type="stmt"/>
        <line num="2964" count="1" type="cond" truecount="0" falsecount="1"/>
        <line num="2965" count="0" type="stmt"/>
        <line num="2967" count="1" type="stmt"/>
        <line num="2968" count="1" type="stmt"/>
        <line num="2969" count="1" type="stmt"/>
        <line num="2973" count="1" type="stmt"/>
        <line num="2974" count="1" type="stmt"/>
        <line num="2975" count="1" type="cond" truecount="0" falsecount="1"/>
        <line num="2976" count="0" type="stmt"/>
        <line num="2979" count="1" type="stmt"/>
        <line num="2981" count="0" type="stmt"/>
        <line num="2995" count="492" type="stmt"/>
        <line num="2997" count="1" type="stmt"/>
        <line num="2998" count="1" type="cond" truecount="3" falsecount="1"/>
        <line num="2999" count="1" type="stmt"/>
        <line num="3000" count="1" type="stmt"/>
        <line num="3001" count="1" type="stmt"/>
        <line num="3002" count="1" type="stmt"/>
        <line num="3012" count="492" type="stmt"/>
        <line num="3014" count="1" type="stmt"/>
        <line num="3015" count="1" type="cond" truecount="0" falsecount="1"/>
        <line num="3016" count="0" type="stmt"/>
        <line num="3018" count="1" type="stmt"/>
        <line num="3019" count="1" type="stmt"/>
        <line num="3023" count="1" type="stmt"/>
        <line num="3024" count="1" type="stmt"/>
        <line num="3025" count="1" type="stmt"/>
        <line num="3026" count="1" type="cond" truecount="0" falsecount="1"/>
        <line num="3027" count="0" type="stmt"/>
        <line num="3029" count="1" type="cond" truecount="1" falsecount="1"/>
        <line num="3031" count="1" type="stmt"/>
        <line num="3033" count="0" type="stmt"/>
        <line num="3051" count="492" type="stmt"/>
        <line num="3053" count="7" type="cond" truecount="0" falsecount="1"/>
        <line num="3054" count="0" type="stmt"/>
        <line num="3056" count="7" type="stmt"/>
        <line num="3057" count="7" type="stmt"/>
        <line num="3058" count="7" type="stmt"/>
        <line num="3059" count="7" type="stmt"/>
        <line num="3060" count="7" type="cond" truecount="1" falsecount="0"/>
        <line num="3061" count="6" type="stmt"/>
        <line num="3064" count="7" type="cond" truecount="1" falsecount="0"/>
        <line num="3065" count="1" type="stmt"/>
        <line num="3068" count="6" type="cond" truecount="2" falsecount="0"/>
        <line num="3069" count="1" type="stmt"/>
        <line num="3071" count="5" type="stmt"/>
        <line num="3073" count="0" type="stmt"/>
        <line num="3076" count="5" type="cond" truecount="2" falsecount="0"/>
        <line num="3078" count="6" type="cond" truecount="1" falsecount="0"/>
        <line num="3079" count="1" type="stmt"/>
        <line num="3081" count="5" type="stmt"/>
        <line num="3082" count="5" type="stmt"/>
        <line num="3083" count="5" type="stmt"/>
        <line num="3084" count="4" type="cond" truecount="0" falsecount="1"/>
        <line num="3085" count="0" type="stmt"/>
        <line num="3093" count="4" type="stmt"/>
        <line num="3094" count="4" type="stmt"/>
        <line num="3095" count="4" type="cond" truecount="0" falsecount="1"/>
        <line num="3096" count="0" type="stmt"/>
        <line num="3098" count="4" type="cond" truecount="1" falsecount="0"/>
        <line num="3099" count="1" type="stmt"/>
        <line num="3102" count="1" type="stmt"/>
        <line num="3123" count="492" type="stmt"/>
        <line num="3124" count="267" type="stmt"/>
        <line num="3125" count="267" type="cond" truecount="1" falsecount="0"/>
        <line num="3126" count="113" type="stmt"/>
        <line num="3128" count="154" type="stmt"/>
        <line num="3133" count="154" type="stmt"/>
        <line num="3153" count="492" type="stmt"/>
        <line num="3154" count="114" type="stmt"/>
        <line num="3155" count="114" type="cond" truecount="3" falsecount="0"/>
        <line num="3156" count="111" type="stmt"/>
        <line num="3158" count="114" type="stmt"/>
        <line num="3159" count="114" type="stmt"/>
        <line num="3160" count="114" type="cond" truecount="1" falsecount="0"/>
        <line num="3161" count="1" type="stmt"/>
        <line num="3162" count="1" type="stmt"/>
        <line num="3164" count="114" type="cond" truecount="4" falsecount="0"/>
        <line num="3165" count="114" type="stmt"/>
        <line num="3168" count="114" type="cond" truecount="3" falsecount="1"/>
        <line num="3169" count="114" type="cond" truecount="3" falsecount="1"/>
        <line num="3170" count="114" type="cond" truecount="3" falsecount="1"/>
        <line num="3194" count="492" type="cond" truecount="8" falsecount="0"/>
        <line num="3196" count="492" type="cond" truecount="5" falsecount="1"/>
        <line num="3197" count="492" type="stmt"/>
        <line num="3198" count="220" type="cond" truecount="1" falsecount="0"/>
        <line num="3199" count="113" type="stmt"/>
        <line num="3201" count="107" type="stmt"/>
        <line num="3204" count="107" type="stmt"/>
        <line num="3212" count="107" type="stmt"/>
        <line num="3230" count="492" type="cond" truecount="1" falsecount="0"/>
        <line num="3231" count="4" type="stmt"/>
        <line num="3237" count="488" type="cond" truecount="1" falsecount="0"/>
        <line num="3238" count="1" type="stmt"/>
        <line num="3255" count="487" type="cond" truecount="1" falsecount="0"/>
        <line num="3256" count="7" type="stmt"/>
        <line num="3272" count="480" type="cond" truecount="1" falsecount="0"/>
        <line num="3273" count="111" type="cond" truecount="1" falsecount="0"/>
        <line num="3274" count="1" type="stmt"/>
        <line num="3280" count="110" type="stmt"/>
        <line num="3285" count="369" type="stmt"/>
        <line num="3286" count="369" type="stmt"/>
        <line num="3287" count="369" type="stmt"/>
        <line num="3288" count="369" type="stmt"/>
        <line num="3296" count="369" type="stmt"/>
        <line num="3297" count="369" type="cond" truecount="2" falsecount="0"/>
        <line num="3301" count="369" type="cond" truecount="2" falsecount="0"/>
        <line num="3302" count="369" type="cond" truecount="2" falsecount="0"/>
        <line num="3303" count="369" type="cond" truecount="8" falsecount="0"/>
        <line num="3305" count="369" type="stmt"/>
        <line num="3386" count="1" type="stmt"/>
        <line num="3397" count="2" type="stmt"/>
        <line num="3463" count="2" type="stmt"/>
        <line num="3500" count="1" type="stmt"/>
        <line num="3517" count="6" type="stmt"/>
        <line num="3597" count="3" type="stmt"/>
        <line num="3621" count="1" type="stmt"/>
        <line num="3662" count="1" type="stmt"/>
        <line num="3720" count="1" type="stmt"/>
        <line num="3734" count="0" type="stmt"/>
        <line num="3745" count="1" type="stmt"/>
        <line num="3763" count="3" type="stmt"/>
      </file>
      <file name="BacklogTable.tsx" path="/tmp/blitzy/taiga-migration-poc/blitzy-3da017fc-0818-4fc7-9f9f-dd9732536376_77a34b/blitzy/scratch/final-cleanroom-taiga-front/app/react/backlog/BacklogTable.tsx">
        <metrics statements="241" coveredstatements="219" conditionals="191" coveredconditionals="161" methods="62" coveredmethods="56"/>
        <line num="36" count="6" type="stmt"/>
        <line num="38" count="6" type="stmt"/>
        <line num="41" count="6" type="stmt"/>
        <line num="42" count="6" type="stmt"/>
        <line num="43" count="6" type="stmt"/>
        <line num="44" count="6" type="stmt"/>
        <line num="45" count="6" type="stmt"/>
        <line num="67" count="6" type="stmt"/>
        <line num="96" count="370" type="stmt"/>
        <line num="132" count="354" type="stmt"/>
        <line num="133" count="354" type="stmt"/>
        <line num="135" count="354" type="stmt"/>
        <line num="136" count="276" type="cond" truecount="1" falsecount="0"/>
        <line num="137" count="253" type="stmt"/>
        <line num="140" count="23" type="stmt"/>
        <line num="141" count="1" type="stmt"/>
        <line num="142" count="1" type="cond" truecount="4" falsecount="0"/>
        <line num="143" count="1" type="stmt"/>
        <line num="146" count="23" type="stmt"/>
        <line num="147" count="1" type="cond" truecount="1" falsecount="0"/>
        <line num="148" count="1" type="stmt"/>
        <line num="152" count="23" type="stmt"/>
        <line num="153" count="23" type="stmt"/>
        <line num="154" count="23" type="stmt"/>
        <line num="155" count="23" type="stmt"/>
        <line num="156" count="23" type="stmt"/>
        <line num="160" count="354" type="stmt"/>
        <line num="161" count="23" type="stmt"/>
        <line num="164" count="354" type="stmt"/>
        <line num="200" count="291" type="stmt"/>
        <line num="202" count="291" type="stmt"/>
        <line num="203" count="213" type="cond" truecount="1" falsecount="0"/>
        <line num="204" count="193" type="stmt"/>
        <line num="206" count="20" type="stmt"/>
        <line num="207" count="5" type="cond" truecount="3" falsecount="1"/>
        <line num="210" count="5" type="cond" truecount="6" falsecount="2"/>
        <line num="212" count="20" type="stmt"/>
        <line num="215" count="291" type="stmt"/>
        <line num="217" count="9" type="stmt"/>
        <line num="220" count="9" type="cond" truecount="0" falsecount="1"/>
        <line num="221" count="0" type="stmt"/>
        <line num="223" count="9" type="stmt"/>
        <line num="224" count="9" type="cond" truecount="5" falsecount="2"/>
        <line num="226" count="3" type="stmt"/>
        <line num="227" count="3" type="stmt"/>
        <line num="228" count="3" type="cond" truecount="1" falsecount="1"/>
        <line num="229" count="3" type="stmt"/>
        <line num="230" count="3" type="stmt"/>
        <line num="233" count="1" type="stmt"/>
        <line num="234" count="1" type="stmt"/>
        <line num="235" count="1" type="cond" truecount="1" falsecount="1"/>
        <line num="236" count="1" type="stmt"/>
        <line num="237" count="1" type="stmt"/>
        <line num="240" count="1" type="stmt"/>
        <line num="241" count="1" type="stmt"/>
        <line num="242" count="1" type="stmt"/>
        <line num="243" count="1" type="stmt"/>
        <line num="246" count="2" type="stmt"/>
        <line num="247" count="2" type="stmt"/>
        <line num="248" count="2" type="stmt"/>
        <line num="249" count="2" type="stmt"/>
        <line num="252" count="2" type="stmt"/>
        <line num="253" count="2" type="stmt"/>
        <line num="254" count="2" type="stmt"/>
        <line num="255" count="2" type="cond" truecount="3" falsecount="1"/>
        <line num="256" count="2" type="stmt"/>
        <line num="260" count="0" type="stmt"/>
        <line num="261" count="0" type="stmt"/>
        <line num="264" count="0" type="stmt"/>
        <line num="270" count="291" type="stmt"/>
        <line num="293" count="6" type="stmt"/>
        <line num="298" count="67" type="cond" truecount="3" falsecount="0"/>
        <line num="299" count="59" type="stmt"/>
        <line num="301" count="8" type="stmt"/>
        <line num="302" count="8" type="cond" truecount="3" falsecount="0"/>
        <line num="303" count="2" type="stmt"/>
        <line num="305" count="6" type="cond" truecount="3" falsecount="1"/>
        <line num="306" count="6" type="stmt"/>
        <line num="307" count="12" type="cond" truecount="4" falsecount="0"/>
        <line num="308" count="12" type="cond" truecount="1" falsecount="0"/>
        <line num="309" count="4" type="stmt"/>
        <line num="312" count="2" type="stmt"/>
        <line num="322" count="1" type="stmt"/>
        <line num="415" count="6" type="stmt"/>
        <line num="432" count="63" type="stmt"/>
        <line num="435" count="63" type="stmt"/>
        <line num="436" count="63" type="stmt"/>
        <line num="439" count="63" type="stmt"/>
        <line num="440" count="116" type="stmt"/>
        <line num="445" count="63" type="stmt"/>
        <line num="446" count="58" type="stmt"/>
        <line num="447" count="58" type="stmt"/>
        <line num="448" count="174" type="stmt"/>
        <line num="450" count="58" type="stmt"/>
        <line num="455" count="63" type="stmt"/>
        <line num="456" count="63" type="stmt"/>
        <line num="464" count="63" type="stmt"/>
        <line num="466" count="64" type="cond" truecount="1" falsecount="0"/>
        <line num="467" count="63" type="stmt"/>
        <line num="469" count="1" type="stmt"/>
        <line num="470" count="1" type="stmt"/>
        <line num="471" count="1" type="stmt"/>
        <line num="472" count="1" type="cond" truecount="1" falsecount="1"/>
        <line num="473" count="1" type="cond" truecount="0" falsecount="1"/>
        <line num="474" count="0" type="stmt"/>
        <line num="477" count="1" type="cond" truecount="1" falsecount="0"/>
        <line num="478" count="1" type="stmt"/>
        <line num="480" count="0" type="stmt"/>
        <line num="486" count="63" type="stmt"/>
        <line num="487" count="66" type="cond" truecount="2" falsecount="0"/>
        <line num="490" count="63" type="stmt"/>
        <line num="491" count="62" type="stmt"/>
        <line num="499" count="63" type="stmt"/>
        <line num="500" count="58" type="stmt"/>
        <line num="501" count="58" type="cond" truecount="1" falsecount="0"/>
        <line num="502" count="57" type="stmt"/>
        <line num="504" count="1" type="stmt"/>
        <line num="505" count="2" type="stmt"/>
        <line num="506" count="1" type="stmt"/>
        <line num="507" count="2" type="stmt"/>
        <line num="508" count="2" type="cond" truecount="3" falsecount="0"/>
        <line num="509" count="1" type="stmt"/>
        <line num="512" count="0" type="stmt"/>
        <line num="517" count="63" type="stmt"/>
        <line num="520" count="63" type="stmt"/>
        <line num="523" count="63" type="stmt"/>
        <line num="524" count="63" type="stmt"/>
        <line num="525" count="63" type="stmt"/>
        <line num="526" count="63" type="stmt"/>
        <line num="527" count="63" type="stmt"/>
        <line num="528" count="63" type="stmt"/>
        <line num="530" count="63" type="stmt"/>
        <line num="531" count="58" type="stmt"/>
        <line num="534" count="58" type="cond" truecount="2" falsecount="1"/>
        <line num="535" count="0" type="stmt"/>
        <line num="539" count="58" type="cond" truecount="1" falsecount="0"/>
        <line num="540" count="53" type="stmt"/>
        <line num="557" count="5" type="stmt"/>
        <line num="559" count="7" type="stmt"/>
        <line num="560" count="7" type="cond" truecount="0" falsecount="1"/>
        <line num="561" count="0" type="stmt"/>
        <line num="563" count="7" type="cond" truecount="4" falsecount="0"/>
        <line num="564" count="5" type="stmt"/>
        <line num="569" count="5" type="stmt"/>
        <line num="570" count="5" type="stmt"/>
        <line num="571" count="5" type="stmt"/>
        <line num="576" count="63" type="stmt"/>
        <line num="581" count="63" type="stmt"/>
        <line num="601" count="0" type="cond" truecount="0" falsecount="3"/>
        <line num="602" count="0" type="stmt"/>
        <line num="603" count="0" type="stmt"/>
        <line num="627" count="1" type="stmt"/>
        <line num="628" count="1" type="stmt"/>
        <line num="629" count="1" type="stmt"/>
        <line num="636" count="3" type="stmt"/>
        <line num="643" count="1" type="stmt"/>
        <line num="644" count="1" type="stmt"/>
        <line num="645" count="1" type="stmt"/>
        <line num="665" count="66" type="cond" truecount="2" falsecount="0"/>
        <line num="669" count="66" type="cond" truecount="2" falsecount="0"/>
        <line num="672" count="66" type="stmt"/>
        <line num="744" count="97" type="stmt"/>
        <line num="747" count="97" type="stmt"/>
        <line num="749" count="97" type="stmt"/>
        <line num="751" count="122" type="stmt"/>
        <line num="752" count="122" type="stmt"/>
        <line num="757" count="97" type="stmt"/>
        <line num="758" count="97" type="stmt"/>
        <line num="759" count="97" type="stmt"/>
        <line num="765" count="97" type="stmt"/>
        <line num="766" count="97" type="stmt"/>
        <line num="767" count="97" type="stmt"/>
        <line num="768" count="97" type="stmt"/>
        <line num="769" count="97" type="stmt"/>
        <line num="771" count="1" type="stmt"/>
        <line num="774" count="97" type="stmt"/>
        <line num="776" count="0" type="stmt"/>
        <line num="779" count="97" type="stmt"/>
        <line num="781" count="1" type="stmt"/>
        <line num="786" count="97" type="stmt"/>
        <line num="787" count="97" type="cond" truecount="1" falsecount="1"/>
        <line num="788" count="97" type="cond" truecount="1" falsecount="1"/>
        <line num="790" count="97" type="stmt"/>
        <line num="798" count="97" type="stmt"/>
        <line num="801" count="194" type="stmt"/>
        <line num="815" count="97" type="stmt"/>
        <line num="820" count="97" type="stmt"/>
        <line num="821" count="61" type="stmt"/>
        <line num="822" count="61" type="stmt"/>
        <line num="823" count="183" type="stmt"/>
        <line num="825" count="61" type="stmt"/>
        <line num="830" count="97" type="stmt"/>
        <line num="831" count="183" type="stmt"/>
        <line num="840" count="97" type="stmt"/>
        <line num="841" count="4" type="cond" truecount="2" falsecount="1"/>
        <line num="842" count="0" type="stmt"/>
        <line num="844" count="4" type="cond" truecount="1" falsecount="0"/>
        <line num="849" count="4" type="stmt"/>
        <line num="853" count="4" type="stmt"/>
        <line num="859" count="97" type="cond" truecount="2" falsecount="0"/>
        <line num="864" count="97" type="stmt"/>
        <line num="869" count="97" type="stmt"/>
        <line num="916" count="5" type="stmt"/>
        <line num="917" count="5" type="cond" truecount="3" falsecount="0"/>
        <line num="918" count="1" type="stmt"/>
        <line num="919" count="1" type="stmt"/>
        <line num="948" count="3" type="stmt"/>
        <line num="997" count="2" type="stmt"/>
        <line num="1009" count="0" type="stmt"/>
        <line num="1036" count="8" type="stmt"/>
        <line num="1037" count="8" type="cond" truecount="1" falsecount="0"/>
        <line num="1038" count="8" type="stmt"/>
        <line num="1043" count="0" type="cond" truecount="0" falsecount="1"/>
        <line num="1044" count="0" type="stmt"/>
        <line num="1045" count="0" type="cond" truecount="0" falsecount="1"/>
        <line num="1046" count="0" type="stmt"/>
        <line num="1077" count="16" type="stmt"/>
        <line num="1085" count="1" type="stmt"/>
        <line num="1086" count="1" type="stmt"/>
        <line num="1087" count="1" type="stmt"/>
        <line num="1112" count="4" type="stmt"/>
        <line num="1116" count="4" type="stmt"/>
        <line num="1119" count="0" type="cond" truecount="0" falsecount="1"/>
        <line num="1120" count="0" type="stmt"/>
        <line num="1121" count="0" type="stmt"/>
        <line num="1143" count="2" type="stmt"/>
        <line num="1147" count="2" type="cond" truecount="3" falsecount="1"/>
        <line num="1151" count="2" type="stmt"/>
        <line num="1161" count="1" type="stmt"/>
        <line num="1164" count="1" type="stmt"/>
        <line num="1195" count="12" type="stmt"/>
        <line num="1196" count="12" type="stmt"/>
        <line num="1207" count="2" type="stmt"/>
        <line num="1208" count="2" type="stmt"/>
        <line num="1209" count="2" type="stmt"/>
        <line num="1266" count="1" type="stmt"/>
        <line num="1267" count="1" type="stmt"/>
        <line num="1282" count="1" type="stmt"/>
        <line num="1283" count="1" type="stmt"/>
        <line num="1299" count="1" type="stmt"/>
        <line num="1300" count="1" type="stmt"/>
      </file>
      <file name="BulkUserStoriesLightbox.tsx" path="/tmp/blitzy/taiga-migration-poc/blitzy-3da017fc-0818-4fc7-9f9f-dd9732536376_77a34b/blitzy/scratch/final-cleanroom-taiga-front/app/react/backlog/BulkUserStoriesLightbox.tsx">
        <metrics statements="89" coveredstatements="84" conditionals="70" coveredconditionals="38" methods="21" coveredmethods="16"/>
        <line num="47" count="5" type="stmt"/>
        <line num="51" count="5" type="stmt"/>
        <line num="52" count="5" type="stmt"/>
        <line num="53" count="5" type="stmt"/>
        <line num="54" count="5" type="stmt"/>
        <line num="65" count="5" type="stmt"/>
        <line num="67" count="5" type="stmt"/>
        <line num="69" count="5" type="stmt"/>
        <line num="71" count="5" type="stmt"/>
        <line num="73" count="5" type="stmt"/>
        <line num="75" count="5" type="stmt"/>
        <line num="77" count="5" type="stmt"/>
        <line num="79" count="5" type="stmt"/>
        <line num="81" count="5" type="stmt"/>
        <line num="83" count="5" type="stmt"/>
        <line num="94" count="5" type="stmt"/>
        <line num="97" count="5" type="stmt"/>
        <line num="103" count="5" type="stmt"/>
        <line num="111" count="5" type="stmt"/>
        <line num="152" count="5" type="stmt"/>
        <line num="163" count="67" type="stmt"/>
        <line num="167" count="67" type="stmt"/>
        <line num="168" count="67" type="stmt"/>
        <line num="169" count="67" type="stmt"/>
        <line num="170" count="67" type="stmt"/>
        <line num="172" count="67" type="stmt"/>
        <line num="174" count="67" type="stmt"/>
        <line num="175" count="67" type="stmt"/>
        <line num="176" count="67" type="stmt"/>
        <line num="179" count="67" type="stmt"/>
        <line num="183" count="67" type="stmt"/>
        <line num="184" count="24" type="cond" truecount="1" falsecount="0"/>
        <line num="185" count="22" type="stmt"/>
        <line num="186" count="22" type="stmt"/>
        <line num="187" count="22" type="stmt"/>
        <line num="188" count="22" type="stmt"/>
        <line num="192" count="22" type="cond" truecount="8" falsecount="4"/>
        <line num="193" count="22" type="stmt"/>
        <line num="194" count="22" type="stmt"/>
        <line num="195" count="22" type="stmt"/>
        <line num="205" count="67" type="stmt"/>
        <line num="210" count="67" type="stmt"/>
        <line num="211" count="67" type="stmt"/>
        <line num="219" count="67" type="stmt"/>
        <line num="220" count="29" type="stmt"/>
        <line num="227" count="67" type="stmt"/>
        <line num="228" count="24" type="cond" truecount="1" falsecount="1"/>
        <line num="231" count="67" type="stmt"/>
        <line num="233" count="24" type="cond" truecount="1" falsecount="1"/>
        <line num="235" count="0" type="cond" truecount="0" falsecount="4"/>
        <line num="240" count="67" type="stmt"/>
        <line num="241" count="3" type="stmt"/>
        <line num="245" count="67" type="stmt"/>
        <line num="246" count="2" type="stmt"/>
        <line num="247" count="2" type="stmt"/>
        <line num="251" count="67" type="stmt"/>
        <line num="253" count="10" type="stmt"/>
        <line num="256" count="10" type="cond" truecount="1" falsecount="0"/>
        <line num="257" count="1" type="stmt"/>
        <line num="261" count="9" type="stmt"/>
        <line num="262" count="9" type="cond" truecount="1" falsecount="0"/>
        <line num="263" count="2" type="stmt"/>
        <line num="264" count="2" type="cond" truecount="3" falsecount="1"/>
        <line num="265" count="2" type="stmt"/>
        <line num="268" count="7" type="stmt"/>
        <line num="270" count="9" type="stmt"/>
        <line num="271" count="7" type="cond" truecount="1" falsecount="0"/>
        <line num="272" count="1" type="stmt"/>
        <line num="273" count="1" type="cond" truecount="3" falsecount="1"/>
        <line num="274" count="1" type="stmt"/>
        <line num="277" count="6" type="stmt"/>
        <line num="278" count="6" type="stmt"/>
        <line num="279" count="6" type="stmt"/>
        <line num="283" count="6" type="stmt"/>
        <line num="288" count="5" type="stmt"/>
        <line num="289" count="5" type="stmt"/>
        <line num="290" count="5" type="stmt"/>
        <line num="294" count="1" type="stmt"/>
        <line num="296" count="6" type="stmt"/>
        <line num="302" count="67" type="stmt"/>
        <line num="359" count="12" type="stmt"/>
        <line num="365" count="2" type="stmt"/>
        <line num="392" count="1" type="stmt"/>
        <line num="407" count="2" type="stmt"/>
        <line num="436" count="0" type="stmt"/>
        <line num="464" count="0" type="stmt"/>
        <line num="476" count="0" type="stmt"/>
        <line num="477" count="0" type="stmt"/>
        <line num="506" count="8" type="stmt"/>
      </file>
      <file name="Burndown.tsx" path="/tmp/blitzy/taiga-migration-poc/blitzy-3da017fc-0818-4fc7-9f9f-dd9732536376_77a34b/blitzy/scratch/final-cleanroom-taiga-front/app/react/backlog/Burndown.tsx">
        <metrics statements="178" coveredstatements="164" conditionals="138" coveredconditionals="110" methods="38" coveredmethods="37"/>
        <line num="35" count="6" type="stmt"/>
        <line num="39" count="6" type="stmt"/>
        <line num="40" count="6" type="stmt"/>
        <line num="50" count="53" type="stmt"/>
        <line num="51" count="53" type="stmt"/>
        <line num="58" count="53" type="stmt"/>
        <line num="59" count="106" type="cond" truecount="2" falsecount="0"/>
        <line num="60" count="53" type="stmt"/>
        <line num="62" count="53" type="stmt"/>
        <line num="64" count="106" type="stmt"/>
        <line num="112" count="53" type="cond" truecount="3" falsecount="0"/>
        <line num="113" count="3" type="stmt"/>
        <line num="116" count="50" type="stmt"/>
        <line num="117" count="50" type="cond" truecount="0" falsecount="1"/>
        <line num="118" count="0" type="stmt"/>
        <line num="121" count="50" type="stmt"/>
        <line num="122" count="50" type="cond" truecount="1" falsecount="0"/>
        <line num="123" count="13" type="stmt"/>
        <line num="124" count="13" type="stmt"/>
        <line num="127" count="50" type="stmt"/>
        <line num="149" count="26" type="stmt"/>
        <line num="164" count="14" type="cond" truecount="1" falsecount="0"/>
        <line num="165" count="1" type="stmt"/>
        <line num="170" count="13" type="cond" truecount="2" falsecount="0"/>
        <line num="171" count="13" type="stmt"/>
        <line num="172" count="13" type="stmt"/>
        <line num="177" count="13" type="cond" truecount="1" falsecount="1"/>
        <line num="178" count="0" type="cond" truecount="0" falsecount="2"/>
        <line num="179" count="0" type="cond" truecount="0" falsecount="2"/>
        <line num="181" count="13" type="stmt"/>
        <line num="182" count="13" type="cond" truecount="2" falsecount="0"/>
        <line num="185" count="13" type="stmt"/>
        <line num="199" count="14" type="cond" truecount="1" falsecount="0"/>
        <line num="200" count="1" type="stmt"/>
        <line num="203" count="13" type="cond" truecount="0" falsecount="1"/>
        <line num="204" count="0" type="stmt"/>
        <line num="207" count="13" type="cond" truecount="2" falsecount="0"/>
        <line num="208" count="13" type="cond" truecount="2" falsecount="0"/>
        <line num="224" count="13" type="stmt"/>
        <line num="238" count="6" type="stmt"/>
        <line num="239" count="6" type="stmt"/>
        <line num="242" count="6" type="stmt"/>
        <line num="245" count="6" type="stmt"/>
        <line num="246" count="6" type="stmt"/>
        <line num="249" count="6" type="stmt"/>
        <line num="252" count="6" type="stmt"/>
        <line num="253" count="6" type="stmt"/>
        <line num="254" count="6" type="stmt"/>
        <line num="257" count="6" type="stmt"/>
        <line num="260" count="6" type="stmt"/>
        <line num="263" count="6" type="stmt"/>
        <line num="280" count="6" type="stmt"/>
        <line num="301" count="8" type="cond" truecount="4" falsecount="0"/>
        <line num="303" count="2" type="stmt"/>
        <line num="309" count="2" type="stmt"/>
        <line num="314" count="2" type="stmt"/>
        <line num="320" count="2" type="stmt"/>
        <line num="330" count="75" type="cond" truecount="1" falsecount="1"/>
        <line num="339" count="10" type="cond" truecount="0" falsecount="1"/>
        <line num="340" count="0" type="stmt"/>
        <line num="342" count="10" type="stmt"/>
        <line num="343" count="10" type="stmt"/>
        <line num="345" count="10" type="cond" truecount="2" falsecount="0"/>
        <line num="346" count="5" type="cond" truecount="2" falsecount="0"/>
        <line num="347" count="4" type="cond" truecount="2" falsecount="0"/>
        <line num="348" count="3" type="cond" truecount="1" falsecount="1"/>
        <line num="349" count="0" type="stmt"/>
        <line num="350" count="5" type="cond" truecount="2" falsecount="0"/>
        <line num="351" count="2" type="stmt"/>
        <line num="352" count="3" type="cond" truecount="2" falsecount="0"/>
        <line num="353" count="2" type="stmt"/>
        <line num="354" count="1" type="cond" truecount="1" falsecount="1"/>
        <line num="355" count="1" type="stmt"/>
        <line num="357" count="0" type="stmt"/>
        <line num="359" count="10" type="stmt"/>
        <line num="376" count="6" type="cond" truecount="1" falsecount="0"/>
        <line num="377" count="8" type="cond" truecount="3" falsecount="0"/>
        <line num="378" count="2" type="stmt"/>
        <line num="381" count="6" type="cond" truecount="1" falsecount="0"/>
        <line num="382" count="2" type="cond" truecount="1" falsecount="0"/>
        <line num="383" count="1" type="stmt"/>
        <line num="385" count="1" type="cond" truecount="1" falsecount="1"/>
        <line num="386" count="1" type="stmt"/>
        <line num="387" count="1" type="stmt"/>
        <line num="389" count="5" type="stmt"/>
        <line num="390" count="5" type="stmt"/>
        <line num="391" count="5" type="cond" truecount="1" falsecount="1"/>
        <line num="392" count="5" type="stmt"/>
        <line num="393" count="5" type="stmt"/>
        <line num="394" count="5" type="stmt"/>
        <line num="396" count="5" type="stmt"/>
        <line num="397" count="5" type="stmt"/>
        <line num="398" count="5" type="stmt"/>
        <line num="399" count="5" type="stmt"/>
        <line num="404" count="24" type="stmt"/>
        <line num="406" count="5" type="stmt"/>
        <line num="414" count="4" type="cond" truecount="1" falsecount="0"/>
        <line num="415" count="4" type="stmt"/>
        <line num="417" count="0" type="stmt"/>
        <line num="432" count="2" type="stmt"/>
        <line num="433" count="2" type="stmt"/>
        <line num="440" count="1" type="stmt"/>
        <line num="441" count="2" type="stmt"/>
        <line num="442" count="2" type="cond" truecount="2" falsecount="0"/>
        <line num="443" count="2" type="stmt"/>
        <line num="445" count="2" type="stmt"/>
        <line num="449" count="2" type="stmt"/>
        <line num="454" count="1" type="stmt"/>
        <line num="472" count="1" type="stmt"/>
        <line num="473" count="1" type="stmt"/>
        <line num="474" count="1" type="cond" truecount="0" falsecount="1"/>
        <line num="475" count="0" type="stmt"/>
        <line num="478" count="1" type="stmt"/>
        <line num="482" count="1" type="stmt"/>
        <line num="483" count="5" type="stmt"/>
[...]
        <line num="111" count="18" type="stmt"/>
        <line num="112" count="18" type="stmt"/>
        <line num="135" count="2" type="stmt"/>
      </file>
      <file name="notificationCenter.ts" path="/tmp/blitzy/taiga-migration-poc/blitzy-3da017fc-0818-4fc7-9f9f-dd9732536376_77a34b/blitzy/scratch/final-cleanroom-taiga-front/app/react/shared/notifications/notificationCenter.ts">
        <metrics statements="21" coveredstatements="21" conditionals="0" coveredconditionals="0" methods="7" coveredmethods="7"/>
        <line num="50" count="19" type="stmt"/>
        <line num="53" count="19" type="stmt"/>
        <line num="60" count="19" type="stmt"/>
        <line num="61" count="126" type="stmt"/>
        <line num="63" count="126" type="stmt"/>
        <line num="64" count="116" type="stmt"/>
        <line num="76" count="19" type="stmt"/>
        <line num="77" count="35" type="stmt"/>
        <line num="78" count="35" type="stmt"/>
        <line num="80" count="35" type="stmt"/>
        <line num="81" count="26" type="stmt"/>
        <line num="82" count="26" type="stmt"/>
        <line num="89" count="35" type="stmt"/>
        <line num="93" count="19" type="stmt"/>
        <line num="94" count="21" type="stmt"/>
        <line num="98" count="19" type="stmt"/>
        <line num="99" count="3" type="stmt"/>
        <line num="103" count="19" type="stmt"/>
        <line num="104" count="1" type="stmt"/>
        <line num="111" count="19" type="stmt"/>
        <line num="112" count="37" type="stmt"/>
      </file>
    </package>
    <package name="react.shared.session">
      <metrics statements="45" coveredstatements="35" conditionals="27" coveredconditionals="17" methods="10" coveredmethods="10"/>
      <file name="auth.ts" path="/tmp/blitzy/taiga-migration-poc/blitzy-3da017fc-0818-4fc7-9f9f-dd9732536376_77a34b/blitzy/scratch/final-cleanroom-taiga-front/app/react/shared/session/auth.ts">
        <metrics statements="40" coveredstatements="31" conditionals="20" coveredconditionals="11" methods="9" coveredmethods="9"/>
        <line num="41" count="22" type="stmt"/>
        <line num="42" count="282" type="stmt"/>
        <line num="43" count="282" type="cond" truecount="2" falsecount="1"/>
        <line num="44" count="0" type="stmt"/>
        <line num="47" count="282" type="stmt"/>
        <line num="48" count="281" type="cond" truecount="1" falsecount="0"/>
        <line num="49" count="164" type="stmt"/>
        <line num="52" count="117" type="stmt"/>
        <line num="53" count="116" type="cond" truecount="1" falsecount="1"/>
        <line num="55" count="2" type="stmt"/>
        <line num="64" count="265" type="stmt"/>
        <line num="70" count="22" type="stmt"/>
        <line num="101" count="22" type="stmt"/>
        <line num="102" count="67" type="stmt"/>
        <line num="103" count="67" type="cond" truecount="2" falsecount="1"/>
        <line num="104" count="0" type="stmt"/>
        <line num="106" count="67" type="stmt"/>
        <line num="107" count="67" type="cond" truecount="1" falsecount="0"/>
        <line num="108" count="67" type="stmt"/>
        <line num="110" count="0" type="stmt"/>
        <line num="111" count="0" type="cond" truecount="0" falsecount="1"/>
        <line num="116" count="0" type="stmt"/>
        <line num="118" count="0" type="stmt"/>
        <line num="120" count="0" type="stmt"/>
        <line num="148" count="22" type="stmt"/>
        <line num="149" count="14" type="stmt"/>
        <line num="150" count="14" type="cond" truecount="2" falsecount="1"/>
        <line num="151" count="0" type="stmt"/>
        <line num="153" count="14" type="stmt"/>
        <line num="160" count="22" type="stmt"/>
        <line num="161" count="12" type="stmt"/>
        <line num="162" count="12" type="cond" truecount="2" falsecount="1"/>
        <line num="163" count="0" type="stmt"/>
        <line num="165" count="12" type="stmt"/>
        <line num="175" count="22" type="stmt"/>
        <line num="178" count="22" type="stmt"/>
        <line num="186" count="22" type="stmt"/>
        <line num="187" count="4" type="stmt"/>
        <line num="188" count="4" type="stmt"/>
        <line num="189" count="4" type="stmt"/>
      </file>
      <file name="sessionId.ts" path="/tmp/blitzy/taiga-migration-poc/blitzy-3da017fc-0818-4fc7-9f9f-dd9732536376_77a34b/blitzy/scratch/final-cleanroom-taiga-front/app/react/shared/session/sessionId.ts">
        <metrics statements="5" coveredstatements="4" conditionals="7" coveredconditionals="6" methods="1" coveredmethods="1"/>
        <line num="39" count="19" type="stmt"/>
        <line num="40" count="263" type="cond" truecount="0" falsecount="1"/>
        <line num="41" count="0" type="stmt"/>
        <line num="44" count="263" type="cond" truecount="4" falsecount="0"/>
        <line num="45" count="263" type="cond" truecount="2" falsecount="0"/>
      </file>
    </package>
    <package name="react.shared.ui">
      <metrics statements="147" coveredstatements="95" conditionals="76" coveredconditionals="45" methods="29" coveredmethods="22"/>
      <file name="DatePicker.tsx" path="/tmp/blitzy/taiga-migration-poc/blitzy-3da017fc-0818-4fc7-9f9f-dd9732536376_77a34b/blitzy/scratch/final-cleanroom-taiga-front/app/react/shared/ui/DatePicker.tsx">
        <metrics statements="87" coveredstatements="75" conditionals="50" coveredconditionals="29" methods="23" coveredmethods="18"/>
        <line num="46" count="6" type="stmt"/>
        <line num="58" count="6" type="stmt"/>
        <line num="60" count="6" type="stmt"/>
        <line num="67" count="6" type="stmt"/>
        <line num="69" count="6" type="stmt"/>
        <line num="71" count="6" type="stmt"/>
        <line num="72" count="6" type="stmt"/>
        <line num="104" count="6" type="stmt"/>
        <line num="109" count="207" type="stmt"/>
        <line num="110" count="207" type="stmt"/>
        <line num="111" count="207" type="stmt"/>
        <line num="115" count="207" type="stmt"/>
        <line num="117" count="130" type="stmt"/>
        <line num="118" count="130" type="cond" truecount="1" falsecount="1"/>
        <line num="119" count="0" type="stmt"/>
        <line num="120" count="130" type="cond" truecount="1" falsecount="0"/>
        <line num="121" count="114" type="stmt"/>
        <line num="130" count="207" type="stmt"/>
        <line num="131" count="68" type="stmt"/>
        <line num="132" count="68" type="cond" truecount="2" falsecount="0"/>
        <line num="137" count="207" type="stmt"/>
        <line num="138" count="65" type="cond" truecount="4" falsecount="0"/>
        <line num="140" count="207" type="stmt"/>
        <line num="141" count="68" type="cond" truecount="1" falsecount="0"/>
        <line num="142" count="62" type="stmt"/>
        <line num="148" count="207" type="cond" truecount="2" falsecount="0"/>
        <line num="151" count="207" type="stmt"/>
        <line num="152" count="74" type="cond" truecount="1" falsecount="0"/>
        <line num="153" count="69" type="stmt"/>
        <line num="155" count="5" type="stmt"/>
        <line num="156" count="0" type="stmt"/>
        <line num="157" count="0" type="cond" truecount="0" falsecount="1"/>
        <line num="161" count="0" type="stmt"/>
        <line num="164" count="5" type="stmt"/>
        <line num="165" count="0" type="cond" truecount="0" falsecount="1"/>
        <line num="166" count="0" type="stmt"/>
        <line num="167" count="0" type="cond" truecount="0" falsecount="4"/>
        <line num="170" count="5" type="stmt"/>
        <line num="171" count="5" type="stmt"/>
        <line num="172" count="5" type="stmt"/>
        <line num="173" count="5" type="stmt"/>
        <line num="174" count="5" type="stmt"/>
        <line num="178" count="207" type="stmt"/>
        <line num="179" count="5" type="cond" truecount="0" falsecount="1"/>
        <line num="180" count="0" type="stmt"/>
        <line num="183" count="5" type="cond" truecount="3" falsecount="1"/>
        <line num="184" count="5" type="stmt"/>
        <line num="187" count="207" type="stmt"/>
        <line num="189" count="4" type="stmt"/>
        <line num="190" count="4" type="stmt"/>
        <line num="191" count="4" type="cond" truecount="3" falsecount="1"/>
        <line num="196" count="207" type="stmt"/>
        <line num="198" count="0" type="cond" truecount="0" falsecount="1"/>
        <line num="203" count="0" type="stmt"/>
        <line num="204" count="0" type="stmt"/>
        <line num="212" count="207" type="stmt"/>
        <line num="213" count="133" type="stmt"/>
        <line num="214" count="133" type="stmt"/>
        <line num="215" count="133" type="stmt"/>
        <line num="216" count="133" type="stmt"/>
        <line num="218" count="133" type="stmt"/>
        <line num="219" count="133" type="stmt"/>
        <line num="220" count="579" type="stmt"/>
        <line num="222" count="133" type="stmt"/>
        <line num="223" count="4072" type="stmt"/>
        <line num="225" count="133" type="stmt"/>
        <line num="226" count="935" type="stmt"/>
        <line num="229" count="133" type="stmt"/>
        <line num="230" count="133" type="stmt"/>
        <line num="231" count="798" type="stmt"/>
        <line num="233" count="133" type="stmt"/>
        <line num="237" count="207" type="stmt"/>
        <line num="238" count="207" type="stmt"/>
        <line num="239" count="207" type="stmt"/>
        <line num="241" count="207" type="stmt"/>
        <line num="283" count="0" type="stmt"/>
        <line num="295" count="1" type="stmt"/>
        <line num="305" count="42" type="stmt"/>
        <line num="313" count="36" type="stmt"/>
        <line num="315" count="252" type="cond" truecount="1" falsecount="0"/>
        <line num="316" count="70" type="stmt"/>
        <line num="318" count="182" type="stmt"/>
        <line num="320" count="182" type="cond" truecount="2" falsecount="0"/>
        <line num="321" count="182" type="stmt"/>
        <line num="327" count="182" type="stmt"/>
        <line num="335" count="4" type="stmt"/>
        <line num="354" count="6" type="stmt"/>
      </file>
      <file name="Icon.tsx" path="/tmp/blitzy/taiga-migration-poc/blitzy-3da017fc-0818-4fc7-9f9f-dd9732536376_77a34b/blitzy/scratch/final-cleanroom-taiga-front/app/react/shared/ui/Icon.tsx">
        <metrics statements="7" coveredstatements="7" conditionals="10" coveredconditionals="10" methods="1" coveredmethods="1"/>
        <line num="9" count="19" type="stmt"/>
        <line num="68" count="19" type="stmt"/>
        <line num="69" count="3080" type="stmt"/>
        <line num="71" count="3080" type="cond" truecount="2" falsecount="0"/>
        <line num="72" count="3080" type="stmt"/>
        <line num="81" count="3080" type="stmt"/>
        <line num="97" count="19" type="stmt"/>
      </file>
      <file name="avatar.ts" path="/tmp/blitzy/taiga-migration-poc/blitzy-3da017fc-0818-4fc7-9f9f-dd9732536376_77a34b/blitzy/scratch/final-cleanroom-taiga-front/app/react/shared/ui/avatar.ts">
        <metrics statements="53" coveredstatements="13" conditionals="16" coveredconditionals="6" methods="5" coveredmethods="3"/>
        <line num="42" count="9" type="stmt"/>
        <line num="50" count="0" type="stmt"/>
        <line num="51" count="0" type="stmt"/>
        <line num="53" count="0" type="stmt"/>
        <line num="54" count="0" type="stmt"/>
        <line num="55" count="0" type="stmt"/>
        <line num="56" count="0" type="stmt"/>
        <line num="58" count="0" type="stmt"/>
        <line num="59" count="0" type="stmt"/>
        <line num="64" count="0" type="stmt"/>
        <line num="66" count="0" type="stmt"/>
        <line num="69" count="0" type="stmt"/>
        <line num="70" count="0" type="stmt"/>
        <line num="74" count="0" type="stmt"/>
        <line num="75" count="0" type="stmt"/>
        <line num="76" count="0" type="stmt"/>
        <line num="79" count="0" type="stmt"/>
        <line num="82" count="0" type="stmt"/>
        <line num="84" count="0" type="cond" truecount="0" falsecount="3"/>
        <line num="86" count="0" type="stmt"/>
        <line num="89" count="0" type="stmt"/>
        <line num="92" count="0" type="stmt"/>
        <line num="94" count="0" type="stmt"/>
        <line num="97" count="0" type="stmt"/>
        <line num="98" count="0" type="stmt"/>
        <line num="101" count="0" type="stmt"/>
        <line num="104" count="0" type="stmt"/>
        <line num="106" count="0" type="stmt"/>
        <line num="107" count="0" type="stmt"/>
        <line num="111" count="0" type="stmt"/>
        <line num="112" count="0" type="stmt"/>
        <line num="116" count="0" type="stmt"/>
        <line num="118" count="0" type="stmt"/>
        <line num="134" count="9" type="stmt"/>
        <line num="143" count="9" type="stmt"/>
        <line num="160" count="329" type="cond" truecount="1" falsecount="1"/>
        <line num="163" count="329" type="cond" truecount="2" falsecount="2"/>
        <line num="169" count="9" type="stmt"/>
        <line num="170" count="329" type="stmt"/>
        <line num="179" count="0" type="stmt"/>
        <line num="180" count="0" type="stmt"/>
        <line num="181" count="0" type="stmt"/>
        <line num="197" count="9" type="stmt"/>
        <line num="198" count="123" type="cond" truecount="0" falsecount="1"/>
        <line num="199" count="0" type="stmt"/>
        <line num="202" count="123" type="cond" truecount="1" falsecount="1"/>
        <line num="203" count="123" type="cond" truecount="1" falsecount="1"/>
        <line num="204" count="123" type="cond" truecount="1" falsecount="0"/>
        <line num="205" count="123" type="stmt"/>
        <line num="207" count="0" type="cond" truecount="0" falsecount="1"/>
        <line num="208" count="0" type="stmt"/>
        <line num="210" count="0" type="stmt"/>
        <line num="211" count="0" type="stmt"/>
      </file>
    </package>
    <package name="react.shared.util">
      <metrics statements="60" coveredstatements="60" conditionals="7" coveredconditionals="7" methods="5" coveredmethods="5"/>
      <file name="hash.ts" path="/tmp/blitzy/taiga-migration-poc/blitzy-3da017fc-0818-4fc7-9f9f-dd9732536376_77a34b/blitzy/scratch/final-cleanroom-taiga-front/app/react/shared/util/hash.ts">
        <metrics statements="60" coveredstatements="60" conditionals="7" coveredconditionals="7" methods="5" coveredmethods="5"/>
        <line num="36" count="82432" type="stmt"/>
        <line num="43" count="10" type="stmt"/>
        <line num="45" count="367" type="stmt"/>
        <line num="46" count="367" type="stmt"/>
        <line num="47" count="8973" type="stmt"/>
        <line num="52" count="367" type="stmt"/>
        <line num="53" count="367" type="stmt"/>
        <line num="54" count="367" type="stmt"/>
        <line num="55" count="11276" type="stmt"/>
        <line num="57" count="367" type="stmt"/>
        <line num="58" count="367" type="stmt"/>
        <line num="59" count="367" type="stmt"/>
        <line num="60" count="367" type="stmt"/>
        <line num="63" count="367" type="stmt"/>
        <line num="64" count="367" type="stmt"/>
        <line num="65" count="367" type="stmt"/>
        <line num="66" count="367" type="stmt"/>
        <line num="67" count="367" type="stmt"/>
        <line num="69" count="367" type="stmt"/>
        <line num="72" count="367" type="stmt"/>
        <line num="73" count="368" type="stmt"/>
        <line num="74" count="5888" type="stmt"/>
        <line num="75" count="5888" type="stmt"/>
        <line num="82" count="368" type="stmt"/>
        <line num="83" count="23552" type="stmt"/>
        <line num="86" count="368" type="stmt"/>
        <line num="87" count="368" type="stmt"/>
        <line num="88" count="368" type="stmt"/>
        <line num="89" count="368" type="stmt"/>
        <line num="90" count="368" type="stmt"/>
        <line num="92" count="368" type="stmt"/>
        <line num="95" count="29440" type="cond" truecount="2" falsecount="0"/>
        <line num="96" count="7360" type="stmt"/>
        <line num="97" count="7360" type="stmt"/>
        <line num="98" count="22080" type="cond" truecount="2" falsecount="0"/>
        <line num="99" count="7360" type="stmt"/>
        <line num="100" count="7360" type="stmt"/>
        <line num="101" count="14720" type="cond" truecount="2" falsecount="0"/>
        <line num="102" count="7360" type="stmt"/>
        <line num="103" count="7360" type="stmt"/>
        <line num="105" count="7360" type="stmt"/>
        <line num="106" count="7360" type="stmt"/>
        <line num="108" count="29440" type="stmt"/>
        <line num="109" count="29440" type="stmt"/>
        <line num="110" count="29440" type="stmt"/>
        <line num="111" count="29440" type="stmt"/>
        <line num="112" count="29440" type="stmt"/>
        <line num="113" count="29440" type="stmt"/>
        <line num="116" count="368" type="stmt"/>
        <line num="117" count="368" type="stmt"/>
        <line num="118" count="368" type="stmt"/>
        <line num="119" count="368" type="stmt"/>
        <line num="120" count="368" type="stmt"/>
        <line num="124" count="367" type="stmt"/>
        <line num="129" count="1835" type="stmt"/>
        <line num="130" count="1835" type="stmt"/>
        <line num="131" count="14680" type="stmt"/>
        <line num="133" count="1835" type="stmt"/>
        <line num="141" count="10" type="cond" truecount="1" falsecount="0"/>
        <line num="142" count="714" type="stmt"/>
      </file>
    </package>
    <package name="react.shared.validation">
      <metrics statements="31" coveredstatements="31" conditionals="24" coveredconditionals="24" methods="2" coveredmethods="2"/>
      <file name="sprintForm.ts" path="/tmp/blitzy/taiga-migration-poc/blitzy-3da017fc-0818-4fc7-9f9f-dd9732536376_77a34b/blitzy/scratch/final-cleanroom-taiga-front/app/react/shared/validation/sprintForm.ts">
        <metrics statements="31" coveredstatements="31" conditionals="24" coveredconditionals="24" methods="2" coveredmethods="2"/>
        <line num="9" count="6" type="stmt"/>
        <line num="27" count="6" type="stmt"/>
        <line num="36" count="6" type="stmt"/>
        <line num="41" count="6" type="stmt"/>
        <line num="42" count="6" type="stmt"/>
        <line num="44" count="6" type="stmt"/>
        <line num="45" count="6" type="stmt"/>
        <line num="74" count="6" type="stmt"/>
        <line num="75" count="93" type="cond" truecount="3" falsecount="0"/>
        <line num="89" count="6" type="stmt"/>
        <line num="90" count="31" type="stmt"/>
        <line num="93" count="31" type="stmt"/>
        <line num="94" count="31" type="cond" truecount="2" falsecount="0"/>
        <line num="95" count="7" type="stmt"/>
        <line num="96" count="24" type="cond" truecount="1" falsecount="0"/>
        <line num="97" count="1" type="stmt"/>
        <line num="101" count="31" type="stmt"/>
        <line num="102" count="31" type="stmt"/>
        <line num="104" count="31" type="cond" truecount="1" falsecount="0"/>
        <line num="105" count="3" type="stmt"/>
        <line num="107" count="31" type="cond" truecount="1" falsecount="0"/>
        <line num="108" count="5" type="stmt"/>
        <line num="112" count="31" type="cond" truecount="2" falsecount="0"/>
        <line num="115" count="31" type="cond" truecount="2" falsecount="0"/>
        <line num="119" count="31" type="cond" truecount="3" falsecount="0"/>
        <line num="120" count="2" type="stmt"/>
        <line num="122" count="31" type="cond" truecount="3" falsecount="0"/>
        <line num="123" count="1" type="stmt"/>
        <line num="128" count="31" type="cond" truecount="1" falsecount="0"/>
        <line num="135" count="3" type="stmt"/>
        <line num="138" count="31" type="stmt"/>
      </file>
    </package>
  </project>
</coverage>
