TN:
SF:app/react/index.tsx
FN:84,(anonymous_0)
FNF:1
FNH:1
FNDA:8,(anonymous_0)
DA:42,4
DA:43,4
DA:44,4
DA:59,4
DA:60,4
DA:84,4
DA:88,8
DA:90,2
DA:93,6
DA:96,4
DA:99,2
DA:108,4
DA:109,4
LF:13
LH:13
BRDA:88,0,0,2
BRDA:88,1,0,8
BRDA:88,1,1,8
BRDA:93,2,0,4
BRF:4
BRH:4
end_of_record
TN:
SF:app/react/backlog/BacklogApp.tsx
FN:283,getBaseHref
FN:300,showTagsKey
FN:305,showTagsLegacyApproxKey
FN:318,isValidProjectId
FN:332,slugFromLocation
FN:342,milestoneIdFromKey
FN:354,locateUs
FN:360,(anonymous_14)
FN:365,(anonymous_15)
FN:370,(anonymous_16)
FN:375,(anonymous_17)
FN:384,containerIds
FN:391,(anonymous_19)
FN:395,(anonymous_20)
FN:395,(anonymous_21)
FN:396,(anonymous_22)
FN:400,withoutUs
FN:401,(anonymous_24)
FN:405,insertUs
FN:413,mapSprintStories
FN:418,(anonymous_27)
FN:437,applyOptimisticMove
FN:456,(anonymous_29)
FN:464,(anonymous_30)
FN:465,(anonymous_31)
FN:483,(anonymous_32)
FN:484,(anonymous_33)
FN:496,(anonymous_34)
FN:499,(anonymous_35)
FN:518,applyOptimisticMoveMulti
FN:530,(anonymous_37)
FN:534,(anonymous_38)
FN:542,(anonymous_39)
FN:546,(anonymous_40)
FN:547,(anonymous_41)
FN:549,(anonymous_42)
FN:551,(anonymous_43)
FN:553,(anonymous_44)
FN:557,(anonymous_45)
FN:575,asRawItems
FN:580,readCount
FN:585,readColor
FN:590,readString
FN:601,buildFilterCategories
FN:605,(anonymous_51)
FN:618,(anonymous_52)
FN:631,(anonymous_53)
FN:643,(anonymous_54)
FN:655,(anonymous_55)
FN:667,(anonymous_56)
FN:696,pickSelectedFilterParams
FN:720,selectedToStoredMap
FN:743,reconstructSelectedFromParamMap
FN:768,(anonymous_60)
FN:786,storedToCustomFilters
FN:787,(anonymous_62)
FN:800,reportError
FN:811,readStoredBoolean
FN:820,writeStoredBoolean
FN:839,readStoredBooleanMigrating
FN:892,Svg
FN:915,renderDeleteMessage
FN:939,optionTypeClass
FN:954,optionStyle
FN:972,BacklogFilterPanel
FN:989,(anonymous_72)
FN:990,(anonymous_73)
FN:991,(anonymous_74)
FN:1000,(anonymous_75)
FN:1007,(anonymous_76)
FN:1010,(anonymous_77)
FN:1026,(anonymous_78)
FN:1028,(anonymous_79)
FN:1034,(anonymous_80)
FN:1035,(anonymous_81)
FN:1039,(anonymous_82)
FN:1049,(anonymous_83)
FN:1093,(anonymous_84)
FN:1113,(anonymous_85)
FN:1123,(anonymous_86)
FN:1133,(anonymous_87)
FN:1173,(anonymous_88)
FN:1181,(anonymous_89)
FN:1206,(anonymous_90)
FN:1220,(anonymous_91)
FN:1230,(anonymous_92)
FN:1233,(anonymous_93)
FN:1244,(anonymous_94)
FN:1275,BacklogApp
FN:1333,(anonymous_96)
FN:1336,(anonymous_97)
FN:1406,(anonymous_98)
FN:1408,(anonymous_99)
FN:1420,(anonymous_100)
FN:1422,(anonymous_101)
FN:1425,(anonymous_102)
FN:1429,(anonymous_103)
FN:1464,(anonymous_104)
FN:1545,(anonymous_105)
FN:1568,(anonymous_106)
FN:1589,(anonymous_107)
FN:1617,(anonymous_108)
FN:1696,(anonymous_109)
FN:1732,(anonymous_110)
FN:1754,(anonymous_111)
FN:1775,(anonymous_112)
FN:1803,(anonymous_113)
FN:1804,(anonymous_114)
FN:1805,(anonymous_115)
FN:1806,(anonymous_116)
FN:1810,(anonymous_117)
FN:1815,(anonymous_118)
FN:1824,(anonymous_119)
FN:1834,(anonymous_120)
FN:1844,(anonymous_121)
FN:1858,(anonymous_122)
FN:1881,(anonymous_123)
FN:1888,(anonymous_124)
FN:1905,(anonymous_125)
FN:1918,(anonymous_126)
FN:1996,(anonymous_127)
FN:2028,(anonymous_128)
FN:2035,(anonymous_129)
FN:2044,(anonymous_130)
FN:2058,(anonymous_131)
FN:2086,(anonymous_132)
FN:2118,(anonymous_133)
FN:2227,(anonymous_134)
FN:2300,(anonymous_135)
FN:2316,(anonymous_136)
FN:2345,(anonymous_137)
FN:2350,(anonymous_138)
FN:2355,(anonymous_139)
FN:2363,(anonymous_140)
FN:2369,(anonymous_141)
FN:2383,(anonymous_142)
FN:2416,(anonymous_143)
FN:2448,(anonymous_144)
FN:2466,(anonymous_145)
FN:2467,(anonymous_146)
FN:2469,(anonymous_147)
FN:2497,(anonymous_148)
FN:2531,(anonymous_149)
FN:2532,(anonymous_150)
FN:2548,(anonymous_151)
FN:2549,(anonymous_152)
FN:2570,(anonymous_153)
FN:2572,(anonymous_154)
FN:2613,(anonymous_155)
FN:2681,(anonymous_156)
FN:2731,(anonymous_157)
FN:2745,(anonymous_158)
FN:2759,(anonymous_159)
FN:2778,(anonymous_160)
FN:2787,(anonymous_161)
FN:2789,(anonymous_162)
FN:2793,(anonymous_163)
FN:2796,(anonymous_164)
FN:2810,(anonymous_165)
FN:2811,(anonymous_166)
FN:2816,(anonymous_167)
FN:2817,(anonymous_168)
FN:2818,(anonymous_169)
FN:2831,(anonymous_170)
FN:2836,(anonymous_171)
FN:2845,(anonymous_172)
FN:2856,(anonymous_173)
FN:2867,(anonymous_174)
FN:2880,(anonymous_175)
FN:2881,(anonymous_176)
FN:2893,(anonymous_177)
FN:2894,(anonymous_178)
FN:2910,(anonymous_179)
FN:2913,(anonymous_180)
FN:2941,(anonymous_181)
FN:2944,(anonymous_182)
FN:2962,(anonymous_183)
FN:2996,(anonymous_184)
FN:3013,(anonymous_185)
FN:3029,(anonymous_186)
FN:3052,(anonymous_187)
FN:3072,(anonymous_188)
FN:3081,(anonymous_189)
FN:3123,(anonymous_190)
FN:3153,(anonymous_191)
FN:3158,(anonymous_192)
FN:3197,(anonymous_193)
FN:3386,(anonymous_194)
FN:3397,(anonymous_195)
FN:3463,(anonymous_196)
FN:3499,(anonymous_197)
FN:3516,(anonymous_198)
FN:3596,(anonymous_199)
FN:3621,(anonymous_200)
FN:3662,(anonymous_201)
FN:3720,(anonymous_202)
FN:3734,(anonymous_203)
FN:3734,(anonymous_204)
FN:3745,(anonymous_205)
FN:3745,(anonymous_206)
FN:3762,(anonymous_207)
FNF:201
FNH:183
FNDA:113,getBaseHref
FNDA:108,showTagsKey
FNDA:105,showTagsLegacyApproxKey
FNDA:1570,isValidProjectId
FNDA:5,slugFromLocation
FNDA:23,milestoneIdFromKey
FNDA:27,locateUs
FNDA:41,(anonymous_14)
FNDA:54,(anonymous_15)
FNDA:2,(anonymous_16)
FNDA:2,(anonymous_17)
FNDA:12,containerIds
FNDA:20,(anonymous_19)
FNDA:4,(anonymous_20)
FNDA:0,(anonymous_21)
FNDA:0,(anonymous_22)
FNDA:7,withoutUs
FNDA:11,(anonymous_24)
FNDA:7,insertUs
FNDA:10,mapSprintStories
FNDA:5,(anonymous_27)
FNDA:8,applyOptimisticMove
FNDA:9,(anonymous_29)
FNDA:1,(anonymous_30)
FNDA:1,(anonymous_31)
FNDA:1,(anonymous_32)
FNDA:0,(anonymous_33)
FNDA:3,(anonymous_34)
FNDA:0,(anonymous_35)
FNDA:1,applyOptimisticMoveMulti
FNDA:1,(anonymous_37)
FNDA:5,(anonymous_38)
FNDA:2,(anonymous_39)
FNDA:3,(anonymous_40)
FNDA:1,(anonymous_41)
FNDA:0,(anonymous_42)
FNDA:0,(anonymous_43)
FNDA:0,(anonymous_44)
FNDA:1,(anonymous_45)
FNDA:684,asRawItems
FNDA:29,readCount
FNDA:22,readColor
FNDA:32,readString
FNDA:114,buildFilterCategories
FNDA:19,(anonymous_51)
FNDA:3,(anonymous_52)
FNDA:2,(anonymous_53)
FNDA:2,(anonymous_54)
FNDA:1,(anonymous_55)
FNDA:2,(anonymous_56)
FNDA:255,pickSelectedFilterParams
FNDA:1,selectedToStoredMap
FNDA:1,reconstructSelectedFromParamMap
FNDA:1,(anonymous_60)
FNDA:108,storedToCustomFilters
FNDA:3,(anonymous_62)
FNDA:13,reportError
FNDA:0,readStoredBoolean
FNDA:2,writeStoredBoolean
FNDA:113,readStoredBooleanMigrating
FNDA:2575,Svg
FNDA:9,renderDeleteMessage
FNDA:18,optionTypeClass
FNDA:18,optionStyle
FNDA:56,BacklogFilterPanel
FNDA:336,(anonymous_72)
FNDA:13,(anonymous_73)
FNDA:13,(anonymous_74)
FNDA:2,(anonymous_75)
FNDA:2,(anonymous_76)
FNDA:0,(anonymous_77)
FNDA:42,(anonymous_78)
FNDA:24,(anonymous_79)
FNDA:27,(anonymous_80)
FNDA:27,(anonymous_81)
FNDA:27,(anonymous_82)
FNDA:1,(anonymous_83)
FNDA:1,(anonymous_84)
FNDA:6,(anonymous_85)
FNDA:1,(anonymous_86)
FNDA:1,(anonymous_87)
FNDA:112,(anonymous_88)
FNDA:1,(anonymous_89)
FNDA:336,(anonymous_90)
FNDA:13,(anonymous_91)
FNDA:42,(anonymous_92)
FNDA:18,(anonymous_93)
FNDA:6,(anonymous_94)
FNDA:492,BacklogApp
FNDA:113,(anonymous_96)
FNDA:113,(anonymous_97)
FNDA:221,(anonymous_98)
FNDA:113,(anonymous_99)
FNDA:113,(anonymous_100)
FNDA:1,(anonymous_101)
FNDA:1,(anonymous_102)
FNDA:113,(anonymous_103)
FNDA:113,(anonymous_104)
FNDA:135,(anonymous_105)
FNDA:122,(anonymous_106)
FNDA:5,(anonymous_107)
FNDA:140,(anonymous_108)
FNDA:115,(anonymous_109)
FNDA:106,(anonymous_110)
FNDA:111,(anonymous_111)
FNDA:2,(anonymous_112)
FNDA:0,(anonymous_113)
FNDA:0,(anonymous_114)
FNDA:0,(anonymous_115)
FNDA:1,(anonymous_116)
FNDA:1,(anonymous_117)
FNDA:2,(anonymous_118)
FNDA:1,(anonymous_119)
FNDA:1,(anonymous_120)
FNDA:2,(anonymous_121)
FNDA:106,(anonymous_122)
FNDA:1,(anonymous_123)
FNDA:1,(anonymous_124)
FNDA:2,(anonymous_125)
FNDA:111,(anonymous_126)
FNDA:12,(anonymous_127)
FNDA:32,(anonymous_128)
FNDA:44,(anonymous_129)
FNDA:1,(anonymous_130)
FNDA:18,(anonymous_131)
FNDA:19,(anonymous_132)
FNDA:6,(anonymous_133)
FNDA:5,(anonymous_134)
FNDA:2,(anonymous_135)
FNDA:3,(anonymous_136)
FNDA:4,(anonymous_137)
FNDA:3,(anonymous_138)
FNDA:3,(anonymous_139)
FNDA:1,(anonymous_140)
FNDA:5,(anonymous_141)
FNDA:4,(anonymous_142)
FNDA:2,(anonymous_143)
FNDA:4,(anonymous_144)
FNDA:5,(anonymous_145)
FNDA:6,(anonymous_146)
FNDA:1,(anonymous_147)
FNDA:2,(anonymous_148)
FNDA:1,(anonymous_149)
FNDA:1,(anonymous_150)
FNDA:8,(anonymous_151)
FNDA:8,(anonymous_152)
FNDA:2,(anonymous_153)
FNDA:2,(anonymous_154)
FNDA:5,(anonymous_155)
FNDA:3,(anonymous_156)
FNDA:7,(anonymous_157)
FNDA:2,(anonymous_158)
FNDA:0,(anonymous_159)
FNDA:0,(anonymous_160)
FNDA:115,(anonymous_161)
FNDA:4,(anonymous_162)
FNDA:4,(anonymous_163)
FNDA:2,(anonymous_164)
FNDA:227,(anonymous_165)
FNDA:342,(anonymous_166)
FNDA:2,(anonymous_167)
FNDA:1,(anonymous_168)
FNDA:1,(anonymous_169)
FNDA:2,(anonymous_170)
FNDA:1,(anonymous_171)
FNDA:11,(anonymous_172)
FNDA:1,(anonymous_173)
FNDA:1,(anonymous_174)
FNDA:1,(anonymous_175)
FNDA:1,(anonymous_176)
FNDA:2,(anonymous_177)
FNDA:2,(anonymous_178)
FNDA:6,(anonymous_179)
FNDA:0,(anonymous_180)
FNDA:1,(anonymous_181)
FNDA:1,(anonymous_182)
FNDA:1,(anonymous_183)
FNDA:1,(anonymous_184)
FNDA:1,(anonymous_185)
FNDA:1,(anonymous_186)
FNDA:7,(anonymous_187)
FNDA:0,(anonymous_188)
FNDA:5,(anonymous_189)
FNDA:267,(anonymous_190)
FNDA:114,(anonymous_191)
FNDA:114,(anonymous_192)
FNDA:220,(anonymous_193)
FNDA:1,(anonymous_194)
FNDA:2,(anonymous_195)
FNDA:2,(anonymous_196)
FNDA:1,(anonymous_197)
FNDA:6,(anonymous_198)
FNDA:3,(anonymous_199)
FNDA:1,(anonymous_200)
FNDA:1,(anonymous_201)
FNDA:1,(anonymous_202)
FNDA:0,(anonymous_203)
FNDA:0,(anonymous_204)
FNDA:1,(anonymous_205)
FNDA:1,(anonymous_206)
FNDA:3,(anonymous_207)
DA:57,6
DA:59,6
DA:60,6
DA:76,6
DA:77,6
DA:78,6
DA:79,6
DA:80,6
DA:81,6
DA:82,6
DA:83,6
DA:89,6
DA:91,6
DA:92,6
DA:94,6
DA:95,6
DA:97,6
DA:98,6
DA:99,6
DA:105,6
DA:109,6
DA:110,6
DA:111,6
DA:112,6
DA:113,6
DA:209,6
DA:216,6
DA:235,6
DA:246,6
DA:258,6
DA:260,6
DA:267,6
DA:270,6
DA:272,6
DA:284,113
DA:285,113
DA:299,6
DA:301,108
DA:302,108
DA:306,105
DA:319,1570
DA:333,5
DA:334,5
DA:335,5
DA:337,0
DA:343,23
DA:344,6
DA:346,17
DA:347,17
DA:348,17
DA:350,0
DA:360,41
DA:361,27
DA:362,22
DA:365,54
DA:369,5
DA:370,5
DA:371,5
DA:372,2
DA:375,2
DA:380,3
DA:390,12
DA:391,20
DA:393,4
DA:395,4
DA:396,4
DA:401,11
DA:406,7
DA:407,7
DA:408,7
DA:409,7
DA:418,10
DA:419,5
DA:444,8
DA:450,8
DA:451,1
DA:456,9
DA:464,1
DA:465,1
DA:466,7
DA:467,0
DA:470,7
DA:471,7
DA:473,7
DA:474,7
DA:475,7
DA:478,7
DA:479,6
DA:481,1
DA:482,1
DA:483,1
DA:484,1
DA:485,0
DA:491,7
DA:492,4
DA:494,3
DA:495,3
DA:496,3
DA:497,3
DA:499,3
DA:500,0
DA:505,7
DA:526,1
DA:530,1
DA:532,1
DA:533,1
DA:534,5
DA:535,2
DA:536,0
DA:538,2
DA:541,1
DA:542,2
DA:543,1
DA:546,3
DA:547,1
DA:549,0
DA:551,1
DA:553,0
DA:557,1
DA:558,1
DA:559,1
DA:561,1
DA:562,0
DA:564,1
DA:565,1
DA:566,1
DA:567,1
DA:571,1
DA:576,684
DA:581,29
DA:586,22
DA:591,32
DA:602,114
DA:605,114
DA:611,114
DA:618,114
DA:624,114
DA:631,114
DA:636,114
DA:643,114
DA:648,114
DA:655,114
DA:660,114
DA:667,114
DA:668,2
DA:669,1
DA:675,1
DA:681,114
DA:687,114
DA:697,255
DA:699,255
DA:700,14
DA:701,14
DA:702,0
DA:704,14
DA:707,255
DA:708,255
DA:709,14
DA:711,255
DA:721,1
DA:722,1
DA:723,1
DA:724,1
DA:725,0
DA:727,1
DA:729,1
DA:730,1
DA:731,1
DA:733,1
DA:747,1
DA:748,1
DA:749,6
DA:752,1
DA:753,1
DA:754,1
DA:755,1
DA:756,0
DA:758,1
DA:759,1
DA:760,1
DA:761,1
DA:763,1
DA:764,1
DA:765,1
DA:766,0
DA:768,1
DA:769,1
DA:778,1
DA:787,108
DA:801,13
DA:803,13
DA:805,13
DA:806,7
DA:812,0
DA:813,0
DA:815,0
DA:821,2
DA:822,2
DA:840,113
DA:841,113
DA:842,113
DA:843,0
DA:845,113
DA:846,113
DA:847,1
DA:848,1
DA:850,112
DA:852,0
DA:893,2575
DA:916,9
DA:921,9
DA:922,9
DA:924,0
DA:926,9
DA:936,6
DA:940,18
DA:941,1
DA:943,17
DA:944,3
DA:946,14
DA:955,18
DA:956,1
DA:958,17
DA:985,56
DA:988,56
DA:989,336
DA:990,56
DA:991,13
DA:995,56
DA:996,56
DA:997,56
DA:998,56
DA:1000,56
DA:1001,2
DA:1002,2
DA:1003,2
DA:1006,56
DA:1008,2
DA:1009,2
DA:1010,2
DA:1011,2
DA:1012,1
DA:1013,1
DA:1014,1
DA:1015,1
DA:1016,1
DA:1017,1
DA:1019,1
DA:1020,1
DA:1025,56
DA:1027,42
DA:1028,24
DA:1034,56
DA:1035,56
DA:1036,56
DA:1039,56
DA:1049,1
DA:1056,56
DA:1093,1
DA:1114,6
DA:1123,1
DA:1133,1
DA:1174,112
DA:1181,1
DA:1207,336
DA:1208,336
DA:1220,13
DA:1231,42
DA:1234,18
DA:1244,6
DA:1275,6
DA:1276,492
DA:1282,492
DA:1283,492
DA:1311,492
DA:1314,492
DA:1319,492
DA:1320,492
DA:1321,492
DA:1326,492
DA:1333,492
DA:1334,113
DA:1336,492
DA:1337,113
DA:1342,492
DA:1343,492
DA:1351,492
DA:1352,492
DA:1357,492
DA:1364,492
DA:1365,492
DA:1369,492
DA:1377,492
DA:1381,492
DA:1382,492
DA:1383,492
DA:1384,492
DA:1385,492
DA:1386,492
DA:1387,492
DA:1388,492
DA:1389,492
DA:1392,492
DA:1393,492
DA:1398,492
DA:1401,492
DA:1404,492
DA:1406,492
DA:1407,492
DA:1408,492
DA:1420,492
DA:1421,113
DA:1423,1
DA:1426,1
DA:1429,113
DA:1430,113
DA:1464,492
DA:1466,113
DA:1467,113
DA:1470,113
DA:1475,113
DA:1477,113
DA:1482,113
DA:1483,112
DA:1485,1
DA:1486,1
DA:1488,0
DA:1490,1
DA:1492,109
DA:1493,0
DA:1498,109
DA:1499,109
DA:1500,109
DA:1501,109
DA:1503,2
DA:1504,2
DA:1511,107
DA:1512,107
DA:1513,107
DA:1516,106
DA:1517,106
DA:1520,1
DA:1522,0
DA:1523,0
DA:1525,107
DA:1527,4
DA:1528,0
DA:1531,4
DA:1532,3
DA:1534,1
DA:1535,1
DA:1537,4
DA:1545,492
DA:1546,135
DA:1547,135
DA:1548,0
DA:1551,135
DA:1552,135
DA:1553,135
DA:1554,134
DA:1555,0
DA:1557,134
DA:1559,1
DA:1568,492
DA:1569,122
DA:1570,122
DA:1571,0
DA:1574,122
DA:1575,122
DA:1576,122
DA:1577,121
DA:1578,0
DA:1580,121
DA:1581,121
DA:1582,121
DA:1584,1
DA:1589,492
DA:1590,5
DA:1591,5
DA:1592,0
DA:1595,5
DA:1596,5
DA:1597,5
DA:1598,5
DA:1599,0
DA:1601,5
DA:1602,5
DA:1604,0
DA:1616,492
DA:1618,140
DA:1619,140
DA:1620,0
DA:1622,140
DA:1623,140
DA:1624,140
DA:1625,140
DA:1631,140
DA:1632,140
DA:1634,140
DA:1636,140
DA:1642,140
DA:1643,1
DA:1645,140
DA:1647,140
DA:1648,140
DA:1649,139
DA:1654,1
DA:1659,138
DA:1660,138
DA:1662,138
DA:1663,138
DA:1664,138
DA:1666,138
DA:1674,138
DA:1676,1
DA:1681,0
DA:1683,1
DA:1684,1
DA:1695,492
DA:1697,115
DA:1698,115
DA:1699,0
DA:1701,115
DA:1705,115
DA:1707,115
DA:1708,115
DA:1709,115
DA:1714,114
DA:1715,0
DA:1717,114
DA:1718,114
DA:1720,1
DA:1732,492
DA:1733,106
DA:1734,106
DA:1735,0
DA:1738,106
DA:1739,106
DA:1740,106
DA:1741,106
DA:1742,0
DA:1747,106
DA:1749,0
DA:1754,492
DA:1755,111
DA:1775,492
DA:1776,2
DA:1777,2
DA:1778,1
DA:1780,1
DA:1781,1
DA:1782,0
DA:1784,1
DA:1803,492
DA:1804,492
DA:1805,492
DA:1806,492
DA:1807,1
DA:1808,1
DA:1810,492
DA:1811,1
DA:1812,1
DA:1813,1
DA:1815,492
DA:1816,2
DA:1819,492
DA:1822,492
DA:1823,113
DA:1824,1
DA:1829,492
DA:1832,492
DA:1833,113
DA:1834,1
DA:1839,492
DA:1842,492
DA:1843,113
DA:1844,2
DA:1858,492
DA:1859,106
DA:1860,106
DA:1861,0
DA:1868,106
DA:1869,0
DA:1870,0
DA:1873,0
DA:1874,0
DA:1875,0
DA:1877,106
DA:1878,106
DA:1879,106
DA:1881,106
DA:1883,1
DA:1886,106
DA:1889,1
DA:1905,106
DA:1906,2
DA:1918,492
DA:1923,111
DA:1924,111
DA:1925,5
DA:1928,106
DA:1932,106
DA:1933,106
DA:1934,106
DA:1935,106
DA:1938,105
DA:1939,105
DA:1940,1
DA:1941,1
DA:1945,1
DA:1948,106
DA:1949,2
DA:1950,2
DA:1951,2
DA:1958,106
DA:1959,106
DA:1960,0
DA:1962,106
DA:1963,106
DA:1964,0
DA:1968,106
DA:1969,106
DA:1970,0
DA:1972,106
DA:1996,492
DA:1997,12
DA:1998,12
DA:1999,12
DA:2000,12
DA:2001,2
DA:2004,10
DA:2005,10
DA:2006,1
DA:2019,9
DA:2020,9
DA:2021,23
DA:2023,9
DA:2024,9
DA:2025,1
DA:2028,9
DA:2029,32
DA:2030,32
DA:2032,9
DA:2033,9
DA:2034,9
DA:2035,44
DA:2040,9
DA:2042,3
DA:2043,3
DA:2044,1
DA:2046,3
DA:2049,6
DA:2050,6
DA:2051,0
DA:2054,6
DA:2055,0
DA:2057,6
DA:2058,18
DA:2059,6
DA:2060,6
DA:2061,0
DA:2062,6
DA:2077,4
DA:2081,2
DA:2085,9
DA:2086,19
DA:2088,9
DA:2089,9
DA:2090,9
DA:2092,9
DA:2099,9
DA:2103,0
DA:2105,9
DA:2117,492
DA:2119,6
DA:2120,6
DA:2125,6
DA:2127,6
DA:2141,6
DA:2142,0
DA:2145,6
DA:2149,6
DA:2150,1
DA:2153,6
DA:2154,6
DA:2156,6
DA:2158,6
DA:2164,5
DA:2165,0
DA:2168,5
DA:2169,1
DA:2174,1
DA:2175,1
DA:2176,1
DA:2178,1
DA:2179,1
DA:2181,1
DA:2182,1
DA:2184,1
DA:2191,5
DA:2192,5
DA:2193,0
DA:2195,5
DA:2197,1
DA:2199,1
DA:2201,1
DA:2226,492
DA:2228,5
DA:2229,5
DA:2230,1
DA:2232,4
DA:2233,4
DA:2234,1
DA:2237,3
DA:2238,3
DA:2240,3
DA:2245,3
DA:2246,3
DA:2247,2
DA:2250,3
DA:2251,3
DA:2258,2
DA:2259,0
DA:2261,2
DA:2262,1
DA:2263,1
DA:2264,1
DA:2265,1
DA:2267,1
DA:2268,1
DA:2270,1
DA:2272,2
DA:2274,1
DA:2275,1
DA:2277,1
DA:2300,492
DA:2307,2
DA:2315,492
DA:2317,3
DA:2318,3
DA:2320,3
DA:2321,3
DA:2322,1
DA:2323,0
DA:2325,1
DA:2327,2
DA:2328,2
DA:2330,2
DA:2345,492
DA:2346,4
DA:2350,492
DA:2351,3
DA:2352,3
DA:2353,0
DA:2355,3
DA:2356,3
DA:2357,3
DA:2358,3
DA:2363,492
DA:2364,1
DA:2368,492
DA:2370,5
DA:2382,492
DA:2384,4
DA:2385,4
DA:2389,1
DA:2390,0
DA:2392,1
DA:2393,1
DA:2395,3
DA:2396,1
DA:2398,2
DA:2415,492
DA:2417,2
DA:2418,2
DA:2419,2
DA:2423,1
DA:2424,0
DA:2426,1
DA:2427,1
DA:2429,1
DA:2430,1
DA:2432,0
DA:2448,492
DA:2449,4
DA:2454,2
DA:2456,2
DA:2466,492
DA:2467,6
DA:2468,5
DA:2470,1
DA:2473,5
DA:2475,5
DA:2478,5
DA:2480,5
DA:2496,492
DA:2498,2
DA:2499,2
DA:2500,2
DA:2531,492
DA:2532,1
DA:2533,1
DA:2547,492
DA:2549,8
DA:2550,8
DA:2552,8
DA:2553,8
DA:2554,0
DA:2564,8
DA:2565,8
DA:2566,0
DA:2569,8
DA:2570,2
DA:2571,2
DA:2572,2
DA:2574,2
DA:2575,2
DA:2576,2
DA:2577,2
DA:2584,2
DA:2585,0
DA:2587,2
DA:2588,2
DA:2590,0
DA:2612,492
DA:2614,5
DA:2626,5
DA:2627,5
DA:2628,5
DA:2634,5
DA:2642,5
DA:2643,2
DA:2655,2
DA:2656,0
DA:2658,2
DA:2662,5
DA:2663,5
DA:2665,5
DA:2680,492
DA:2682,3
DA:2683,3
DA:2707,2
DA:2708,2
DA:2709,2
DA:2710,0
DA:2712,2
DA:2713,2
DA:2714,2
DA:2716,1
DA:2717,1
DA:2719,1
DA:2730,492
DA:2732,7
DA:2733,2
DA:2744,492
DA:2746,2
DA:2747,1
DA:2758,492
DA:2760,0
DA:2764,0
DA:2777,492
DA:2779,0
DA:2780,0
DA:2786,492
DA:2787,115
DA:2790,4
DA:2794,4
DA:2797,2
DA:2810,492
DA:2811,342
DA:2812,227
DA:2813,113
DA:2815,114
DA:2816,2
DA:2817,1
DA:2818,1
DA:2830,492
DA:2832,2
DA:2833,2
DA:2834,0
DA:2836,2
DA:2837,1
DA:2838,1
DA:2845,492
DA:2846,11
DA:2856,492
DA:2857,1
DA:2858,1
DA:2859,1
DA:2867,492
DA:2868,1
DA:2869,1
DA:2872,1
DA:2880,492
DA:2881,1
DA:2882,1
DA:2883,1
DA:2884,1
DA:2893,492
DA:2894,2
DA:2895,2
DA:2896,2
DA:2897,2
DA:2899,2
DA:2909,492
DA:2911,6
DA:2912,6
DA:2913,0
DA:2915,6
DA:2916,0
DA:2921,6
DA:2928,6
DA:2931,6
DA:2932,6
DA:2933,6
DA:2934,6
DA:2940,492
DA:2942,1
DA:2943,1
DA:2944,1
DA:2946,1
DA:2947,1
DA:2948,1
DA:2949,1
DA:2961,492
DA:2963,1
DA:2964,1
DA:2965,0
DA:2967,1
DA:2968,1
DA:2969,1
DA:2973,1
DA:2974,1
DA:2975,1
DA:2976,0
DA:2979,1
DA:2981,0
DA:2995,492
DA:2997,1
DA:2998,1
DA:2999,1
DA:3000,1
DA:3001,1
DA:3002,1
DA:3012,492
DA:3014,1
DA:3015,1
DA:3016,0
DA:3018,1
DA:3019,1
DA:3023,1
DA:3024,1
DA:3025,1
DA:3026,1
DA:3027,0
DA:3029,1
DA:3031,1
DA:3033,0
DA:3051,492
DA:3053,7
DA:3054,0
DA:3056,7
DA:3057,7
DA:3058,7
DA:3059,7
DA:3060,7
DA:3061,6
DA:3064,7
DA:3065,1
DA:3068,6
DA:3069,1
DA:3071,5
DA:3073,0
DA:3076,5
DA:3078,6
DA:3079,1
DA:3081,5
DA:3082,5
DA:3083,5
DA:3084,4
DA:3085,0
DA:3093,4
DA:3094,4
DA:3095,4
DA:3096,0
DA:3098,4
DA:3099,1
DA:3102,1
DA:3123,492
DA:3124,267
DA:3125,267
DA:3126,113
DA:3128,154
DA:3133,154
DA:3153,492
DA:3154,114
DA:3155,114
DA:3156,111
DA:3158,114
DA:3159,114
DA:3160,114
DA:3161,1
DA:3162,1
DA:3164,114
DA:3165,114
DA:3168,114
DA:3169,114
DA:3170,114
DA:3194,492
DA:3196,492
DA:3197,492
DA:3198,220
DA:3199,113
DA:3201,107
DA:3204,107
DA:3212,107
DA:3230,492
DA:3231,4
DA:3237,488
DA:3238,1
DA:3255,487
DA:3256,7
DA:3272,480
DA:3273,111
DA:3274,1
DA:3280,110
DA:3285,369
DA:3286,369
DA:3287,369
DA:3288,369
DA:3296,369
DA:3297,369
DA:3301,369
DA:3302,369
DA:3303,369
DA:3305,369
DA:3386,1
DA:3397,2
DA:3463,2
DA:3500,1
DA:3517,6
DA:3597,3
DA:3621,1
DA:3662,1
DA:3720,1
DA:3734,0
DA:3745,1
DA:3763,3
LF:948
LH:863
BRDA:285,0,0,0
BRDA:285,0,1,113
BRDA:285,1,0,113
BRDA:285,1,1,113
BRDA:285,2,0,113
BRDA:285,2,1,0
BRDA:285,3,0,113
BRDA:285,3,1,113
BRDA:319,4,0,1570
BRDA:319,4,1,1559
BRDA:335,5,0,2
BRDA:335,5,1,3
BRDA:343,6,0,6
BRDA:346,7,0,17
BRDA:348,8,0,17
BRDA:348,8,1,0
BRDA:361,9,0,22
BRDA:371,10,0,2
BRDA:390,11,0,8
BRDA:395,12,0,4
BRDA:395,12,1,0
BRDA:395,13,0,4
BRDA:395,13,1,4
BRDA:396,14,0,4
BRDA:396,14,1,0
BRDA:419,15,0,5
BRDA:419,15,1,0
BRDA:450,16,0,1
BRDA:456,17,0,6
BRDA:456,17,1,1
BRDA:456,18,0,7
BRDA:456,18,1,7
BRDA:466,19,0,0
BRDA:478,20,0,6
BRDA:478,20,1,1
BRDA:482,21,0,1
BRDA:491,22,0,4
BRDA:491,22,1,3
BRDA:495,23,0,3
BRDA:535,24,0,0
BRDA:561,25,0,0
BRDA:561,25,1,1
BRDA:565,26,0,1
BRDA:576,27,0,26
BRDA:576,27,1,658
BRDA:581,28,0,29
BRDA:581,28,1,0
BRDA:586,29,0,22
BRDA:586,29,1,0
BRDA:590,30,0,31
BRDA:591,31,0,29
BRDA:591,31,1,3
BRDA:632,32,0,1
BRDA:632,32,1,1
BRDA:633,33,0,2
BRDA:633,33,1,1
BRDA:644,34,0,1
BRDA:644,34,1,1
BRDA:645,35,0,2
BRDA:645,35,1,1
BRDA:668,36,0,1
BRDA:700,37,0,2
BRDA:700,37,1,12
BRDA:701,38,0,0
BRDA:704,39,0,0
BRDA:704,39,1,14
BRDA:704,40,0,14
BRDA:704,40,1,14
BRDA:723,41,0,0
BRDA:723,41,1,1
BRDA:724,42,0,0
BRDA:727,43,0,0
BRDA:727,43,1,1
BRDA:727,44,0,1
BRDA:727,44,1,1
BRDA:755,45,0,0
BRDA:755,46,0,1
BRDA:755,46,1,1
BRDA:759,47,0,0
BRDA:759,47,1,1
BRDA:760,48,0,0
BRDA:760,48,1,1
BRDA:765,49,0,0
BRDA:768,50,0,0
BRDA:768,50,1,1
BRDA:768,51,0,1
BRDA:768,51,1,1
BRDA:771,52,0,1
BRDA:771,52,1,0
BRDA:774,53,0,1
BRDA:774,53,1,0
BRDA:774,54,0,0
BRDA:774,54,1,1
BRDA:774,55,0,1
BRDA:774,55,1,1
BRDA:801,56,0,13
BRDA:805,57,0,7
BRDA:842,58,0,0
BRDA:846,59,0,1
BRDA:922,60,0,0
BRDA:940,61,0,1
BRDA:943,62,0,3
BRDA:943,63,0,17
BRDA:943,63,1,15
BRDA:955,64,0,1
BRDA:956,65,0,1
BRDA:956,65,1,0
BRDA:958,66,0,10
BRDA:958,66,1,7
BRDA:991,67,0,1
BRDA:991,67,1,12
BRDA:1011,68,0,1
BRDA:1011,69,0,2
BRDA:1011,69,1,1
BRDA:1020,70,0,1
BRDA:1020,70,1,0
BRDA:1028,71,0,24
BRDA:1028,71,1,24
BRDA:1036,72,0,56
BRDA:1036,72,1,4
BRDA:1042,73,0,27
BRDA:1042,73,1,0
BRDA:1042,74,0,27
BRDA:1042,74,1,27
BRDA:1065,75,0,56
BRDA:1065,75,1,52
BRDA:1077,76,0,56
BRDA:1077,76,1,4
BRDA:1081,77,0,1
BRDA:1081,77,1,3
BRDA:1081,78,0,4
BRDA:1081,78,1,3
BRDA:1095,79,0,4
BRDA:1095,79,1,1
BRDA:1100,80,0,4
BRDA:1100,80,1,0
BRDA:1100,80,2,0
BRDA:1111,81,0,56
BRDA:1111,81,1,6
BRDA:1117,82,0,3
BRDA:1117,82,1,3
BRDA:1145,83,0,56
BRDA:1145,83,1,32
BRDA:1145,83,2,27
BRDA:1147,84,0,27
BRDA:1147,84,1,24
BRDA:1157,85,0,27
BRDA:1157,85,1,3
BRDA:1185,86,0,56
BRDA:1185,86,1,56
BRDA:1193,87,0,56
BRDA:1193,87,1,56
BRDA:1211,88,0,39
BRDA:1211,88,1,297
BRDA:1217,89,0,39
BRDA:1217,89,1,297
BRDA:1223,90,0,39
BRDA:1223,90,1,297
BRDA:1226,91,0,336
BRDA:1226,91,1,39
BRDA:1247,92,0,18
BRDA:1247,92,1,18
BRDA:1247,92,2,17
BRDA:1334,93,0,109
BRDA:1334,93,1,4
BRDA:1407,94,0,492
BRDA:1407,94,1,126
BRDA:1482,95,0,112
BRDA:1482,95,1,1
BRDA:1486,96,0,0
BRDA:1492,97,0,0
BRDA:1492,98,0,109
BRDA:1492,98,1,109
BRDA:1501,99,0,2
BRDA:1511,100,0,107
BRDA:1511,100,1,0
BRDA:1516,101,0,106
BRDA:1516,102,0,106
BRDA:1516,102,1,106
BRDA:1517,103,0,0
BRDA:1517,103,1,106
BRDA:1522,104,0,0
BRDA:1522,105,0,0
BRDA:1522,105,1,0
BRDA:1527,106,0,0
BRDA:1527,107,0,4
BRDA:1527,107,1,4
BRDA:1531,108,0,3
BRDA:1531,108,1,1
BRDA:1531,109,0,4
BRDA:1531,109,1,4
BRDA:1531,109,2,2
BRDA:1547,110,0,0
BRDA:1554,111,0,0
BRDA:1554,112,0,134
BRDA:1554,112,1,134
BRDA:1570,113,0,0
BRDA:1577,114,0,0
BRDA:1577,115,0,121
BRDA:1577,115,1,121
BRDA:1580,116,0,0
BRDA:1580,116,1,121
BRDA:1581,117,0,0
BRDA:1581,117,1,121
BRDA:1591,118,0,0
BRDA:1598,119,0,0
BRDA:1598,120,0,5
BRDA:1598,120,1,5
BRDA:1601,121,0,0
BRDA:1601,121,1,5
BRDA:1619,122,0,0
BRDA:1623,123,0,1
BRDA:1623,123,1,139
BRDA:1624,124,0,8
BRDA:1624,124,1,132
BRDA:1625,125,0,137
BRDA:1625,125,1,3
BRDA:1642,126,0,1
BRDA:1649,127,0,1
BRDA:1650,128,0,139
BRDA:1650,128,1,139
BRDA:1650,128,2,139
BRDA:1662,129,0,136
BRDA:1662,129,1,2
BRDA:1664,130,0,138
BRDA:1664,130,1,0
BRDA:1674,131,0,2
BRDA:1674,131,1,136
BRDA:1676,132,0,0
BRDA:1677,133,0,1
BRDA:1677,133,1,1
BRDA:1677,133,2,1
BRDA:1698,134,0,0
BRDA:1705,135,0,8
BRDA:1705,135,1,107
BRDA:1714,136,0,0
BRDA:1714,137,0,114
BRDA:1714,137,1,114
BRDA:1734,138,0,0
BRDA:1741,139,0,0
BRDA:1741,140,0,106
BRDA:1741,140,1,106
BRDA:1777,141,0,1
BRDA:1777,142,0,2
BRDA:1777,142,1,2
BRDA:1781,143,0,0
BRDA:1822,144,0,113
BRDA:1832,145,0,113
BRDA:1842,146,0,113
BRDA:1860,147,0,0
BRDA:1868,148,0,0
BRDA:1873,149,0,0
BRDA:1873,149,1,0
BRDA:1873,150,0,0
BRDA:1873,150,1,0
BRDA:1874,151,0,0
BRDA:1874,151,1,0
BRDA:1874,152,0,0
BRDA:1874,152,1,0
BRDA:1875,153,0,0
BRDA:1875,153,1,0
BRDA:1875,154,0,0
BRDA:1875,154,1,0
BRDA:1883,155,0,0
BRDA:1883,155,1,1
BRDA:1883,156,0,1
BRDA:1883,156,1,1
BRDA:1889,157,0,0
BRDA:1889,157,1,1
BRDA:1889,158,0,1
BRDA:1889,158,1,1
BRDA:1906,159,0,0
BRDA:1906,159,1,2
BRDA:1906,160,0,2
BRDA:1906,160,1,2
BRDA:1924,161,0,5
BRDA:1924,162,0,111
BRDA:1924,162,1,111
BRDA:1935,163,0,105
BRDA:1939,164,0,1
BRDA:1948,165,0,2
BRDA:1950,166,0,2
BRDA:1959,167,0,0
BRDA:1963,168,0,0
BRDA:1969,169,0,0
BRDA:2000,170,0,2
BRDA:2000,171,0,12
BRDA:2000,171,1,11
BRDA:2005,172,0,1
BRDA:2030,173,0,32
BRDA:2030,173,1,32
BRDA:2033,174,0,9
BRDA:2033,174,1,2
BRDA:2034,175,0,2
BRDA:2034,175,1,7
BRDA:2040,176,0,3
BRDA:2040,176,1,6
BRDA:2050,177,0,0
BRDA:2054,178,0,0
BRDA:2060,179,0,0
BRDA:2060,179,1,6
BRDA:2062,180,0,4
BRDA:2062,180,1,2
BRDA:2063,181,0,6
BRDA:2063,181,1,6
BRDA:2099,182,0,0
BRDA:2100,183,0,9
BRDA:2100,183,1,6
BRDA:2127,184,0,1
BRDA:2127,184,1,5
BRDA:2141,185,0,0
BRDA:2149,186,0,1
BRDA:2164,187,0,0
BRDA:2175,188,0,1
BRDA:2175,189,0,1
BRDA:2175,189,1,0
BRDA:2178,190,0,1
BRDA:2181,191,0,1
BRDA:2192,192,0,0
BRDA:2197,193,0,1
BRDA:2229,194,0,1
BRDA:2233,195,0,1
BRDA:2238,196,0,2
BRDA:2238,196,1,1
BRDA:2246,197,0,2
BRDA:2258,198,0,0
BRDA:2264,199,0,1
BRDA:2264,200,0,1
BRDA:2264,200,1,1
BRDA:2267,201,0,1
BRDA:2274,202,0,1
BRDA:2322,203,0,0
BRDA:2327,204,0,2
BRDA:2352,205,0,0
BRDA:2357,206,0,3
BRDA:2389,207,0,0
BRDA:2395,208,0,1
BRDA:2395,208,1,2
BRDA:2423,209,0,0
BRDA:2429,210,0,1
BRDA:2429,210,1,0
BRDA:2449,211,0,2
BRDA:2449,211,1,2
BRDA:2473,212,0,5
BRDA:2473,212,1,0
BRDA:2475,213,0,5
BRDA:2475,213,1,0
BRDA:2490,214,0,5
BRDA:2490,214,1,0
BRDA:2499,215,0,2
BRDA:2499,215,1,2
BRDA:2553,216,0,0
BRDA:2565,217,0,0
BRDA:2569,218,0,2
BRDA:2569,219,0,8
BRDA:2569,219,1,2
BRDA:2574,220,0,2
BRDA:2574,220,1,0
BRDA:2575,221,0,2
BRDA:2584,222,0,0
BRDA:2634,223,0,5
BRDA:2634,223,1,4
BRDA:2634,223,2,4
BRDA:2634,223,3,3
BRDA:2634,223,4,3
BRDA:2634,223,5,3
BRDA:2634,223,6,3
BRDA:2634,223,7,3
BRDA:2642,224,0,2
BRDA:2642,225,0,5
BRDA:2642,225,1,5
BRDA:2655,226,0,0
BRDA:2662,227,0,5
BRDA:2692,228,0,3
BRDA:2692,228,1,0
BRDA:2709,229,0,0
BRDA:2716,230,0,1
BRDA:2764,231,0,0
BRDA:2764,231,1,0
BRDA:2764,232,0,0
BRDA:2764,232,1,0
BRDA:2812,233,0,113
BRDA:2816,234,0,2
BRDA:2816,234,1,2
BRDA:2833,235,0,0
BRDA:2869,236,0,1
BRDA:2869,236,1,0
BRDA:2896,237,0,2
BRDA:2896,238,0,2
BRDA:2896,238,1,2
BRDA:2913,239,0,0
BRDA:2913,239,1,0
BRDA:2915,240,0,0
BRDA:2926,241,0,6
BRDA:2926,241,1,0
BRDA:2944,242,0,1
BRDA:2944,242,1,1
BRDA:2964,243,0,0
BRDA:2975,244,0,0
BRDA:2998,245,0,1
BRDA:2998,245,1,0
BRDA:2998,246,0,1
BRDA:2998,246,1,1
BRDA:3015,247,0,0
BRDA:3026,248,0,0
BRDA:3029,249,0,0
BRDA:3029,249,1,1
BRDA:3053,250,0,0
BRDA:3060,251,0,6
BRDA:3064,252,0,1
BRDA:3068,253,0,1
BRDA:3068,253,1,5
BRDA:3076,254,0,4
BRDA:3076,254,1,1
BRDA:3078,255,0,1
BRDA:3084,256,0,0
BRDA:3095,257,0,0
BRDA:3098,258,0,1
BRDA:3125,259,0,113
BRDA:3155,260,0,111
BRDA:3155,261,0,114
BRDA:3155,261,1,4
BRDA:3160,262,0,1
BRDA:3164,263,0,8
BRDA:3164,263,1,106
BRDA:3164,264,0,114
BRDA:3164,264,1,106
BRDA:3168,265,0,0
BRDA:3168,265,1,114
BRDA:3168,266,0,114
BRDA:3168,266,1,114
BRDA:3169,267,0,0
BRDA:3169,267,1,114
BRDA:3169,268,0,114
BRDA:3169,268,1,114
BRDA:3170,269,0,0
BRDA:3170,269,1,114
BRDA:3170,270,0,114
BRDA:3170,270,1,114
BRDA:3194,271,0,373
BRDA:3194,271,1,119
BRDA:3194,272,0,492
BRDA:3194,272,1,492
BRDA:3194,273,0,119
BRDA:3194,273,1,373
BRDA:3194,274,0,492
BRDA:3194,274,1,373
BRDA:3196,275,0,0
BRDA:3196,275,1,492
BRDA:3196,276,0,119
BRDA:3196,276,1,373
BRDA:3196,277,0,492
BRDA:3196,277,1,373
BRDA:3198,278,0,113
BRDA:3230,279,0,4
BRDA:3237,280,0,1
BRDA:3255,281,0,7
BRDA:3272,282,0,111
BRDA:3273,283,0,1
BRDA:3297,284,0,369
BRDA:3297,284,1,10
BRDA:3301,285,0,369
BRDA:3301,285,1,23
BRDA:3302,286,0,369
BRDA:3302,286,1,23
BRDA:3303,287,0,368
BRDA:3303,287,1,1
BRDA:3303,288,0,369
BRDA:3303,288,1,369
BRDA:3303,289,0,1
BRDA:3303,289,1,368
BRDA:3303,290,0,369
BRDA:3303,290,1,368
BRDA:3353,291,0,22
BRDA:3353,291,1,347
BRDA:3381,292,0,369
BRDA:3381,292,1,365
BRDA:3413,293,0,38
BRDA:3413,293,1,331
BRDA:3419,294,0,38
BRDA:3419,294,1,331
BRDA:3423,295,0,369
BRDA:3423,295,1,22
BRDA:3468,296,0,369
BRDA:3468,296,1,346
BRDA:3472,297,0,341
BRDA:3472,297,1,5
BRDA:3491,298,0,5
BRDA:3491,298,1,364
BRDA:3498,299,0,1
BRDA:3498,299,1,4
BRDA:3515,300,0,8
BRDA:3515,300,1,356
BRDA:3529,301,0,369
BRDA:3529,301,1,346
BRDA:3529,301,2,2
BRDA:3529,301,3,2
BRDA:3542,302,0,369
BRDA:3542,302,1,346
BRDA:3542,302,2,344
BRDA:3542,302,3,344
BRDA:3542,302,4,342
BRDA:3561,303,0,331
BRDA:3561,303,1,38
BRDA:3564,304,0,369
BRDA:3564,304,1,38
BRDA:3581,305,0,23
BRDA:3581,305,1,346
BRDA:3603,306,0,369
BRDA:3603,306,1,2
BRDA:3606,307,0,0
BRDA:3606,307,1,2
BRDA:3632,308,0,368
BRDA:3632,308,1,1
BRDA:3652,309,0,347
BRDA:3652,309,1,22
BRDA:3658,310,0,369
BRDA:3658,310,1,365
BRDA:3718,311,0,0
BRDA:3718,311,1,369
BRDA:3718,312,0,369
BRDA:3718,312,1,369
BRDA:3729,313,0,0
BRDA:3729,313,1,369
BRDA:3729,314,0,369
BRDA:3729,314,1,369
BRDA:3756,315,0,9
BRDA:3756,315,1,360
BRF:528
BRH:402
end_of_record
TN:
SF:app/react/backlog/BacklogTable.tsx
FN:95,Svg
FN:131,usePopover
FN:135,(anonymous_2)
FN:140,(anonymous_3)
FN:146,(anonymous_4)
FN:154,(anonymous_5)
FN:160,(anonymous_6)
FN:161,(anonymous_7)
FN:195,useMenuA11y
FN:202,(anonymous_9)
FN:206,(anonymous_10)
FN:212,(anonymous_11)
FN:216,(anonymous_12)
FN:293,computeDoomlineBreakIndex
FN:321,DoomLine
FN:415,BacklogTable
FN:440,(anonymous_16)
FN:440,(anonymous_17)
FN:445,(anonymous_18)
FN:465,(anonymous_19)
FN:480,(anonymous_20)
FN:486,(anonymous_21)
FN:491,(anonymous_22)
FN:491,(anonymous_23)
FN:499,(anonymous_24)
FN:505,(anonymous_25)
FN:530,(anonymous_26)
FN:558,(anonymous_27)
FN:570,(anonymous_28)
FN:600,(anonymous_29)
FN:626,(anonymous_30)
FN:635,(anonymous_31)
FN:642,(anonymous_32)
FN:661,(anonymous_33)
FN:728,BacklogStoryRow
FN:750,(anonymous_35)
FN:771,(anonymous_36)
FN:776,(anonymous_37)
FN:781,(anonymous_38)
FN:786,(anonymous_39)
FN:801,(anonymous_40)
FN:820,(anonymous_41)
FN:831,(anonymous_42)
FN:831,(anonymous_43)
FN:840,(anonymous_44)
FN:915,(anonymous_45)
FN:941,(anonymous_46)
FN:997,(anonymous_47)
FN:1008,(anonymous_48)
FN:1035,(anonymous_49)
FN:1041,(anonymous_50)
FN:1076,(anonymous_51)
FN:1084,(anonymous_52)
FN:1111,(anonymous_53)
FN:1118,(anonymous_54)
FN:1142,(anonymous_55)
FN:1160,(anonymous_56)
FN:1194,(anonymous_57)
FN:1206,(anonymous_58)
FN:1265,(anonymous_59)
FN:1281,(anonymous_60)
FN:1298,(anonymous_61)
FNF:62
FNH:56
FNDA:370,Svg
FNDA:354,usePopover
FNDA:276,(anonymous_2)
FNDA:1,(anonymous_3)
FNDA:1,(anonymous_4)
FNDA:23,(anonymous_5)
FNDA:23,(anonymous_6)
FNDA:23,(anonymous_7)
FNDA:291,useMenuA11y
FNDA:213,(anonymous_9)
FNDA:5,(anonymous_10)
FNDA:20,(anonymous_11)
FNDA:9,(anonymous_12)
FNDA:67,computeDoomlineBreakIndex
FNDA:1,DoomLine
FNDA:63,BacklogTable
FNDA:58,(anonymous_16)
FNDA:116,(anonymous_17)
FNDA:58,(anonymous_18)
FNDA:64,(anonymous_19)
FNDA:0,(anonymous_20)
FNDA:66,(anonymous_21)
FNDA:58,(anonymous_22)
FNDA:62,(anonymous_23)
FNDA:58,(anonymous_24)
FNDA:2,(anonymous_25)
FNDA:58,(anonymous_26)
FNDA:7,(anonymous_27)
FNDA:5,(anonymous_28)
FNDA:0,(anonymous_29)
FNDA:1,(anonymous_30)
FNDA:3,(anonymous_31)
FNDA:1,(anonymous_32)
FNDA:66,(anonymous_33)
FNDA:97,BacklogStoryRow
FNDA:122,(anonymous_35)
FNDA:1,(anonymous_36)
FNDA:0,(anonymous_37)
FNDA:1,(anonymous_38)
FNDA:97,(anonymous_39)
FNDA:194,(anonymous_40)
FNDA:61,(anonymous_41)
FNDA:61,(anonymous_42)
FNDA:183,(anonymous_43)
FNDA:4,(anonymous_44)
FNDA:5,(anonymous_45)
FNDA:3,(anonymous_46)
FNDA:2,(anonymous_47)
FNDA:0,(anonymous_48)
FNDA:8,(anonymous_49)
FNDA:0,(anonymous_50)
FNDA:16,(anonymous_51)
FNDA:1,(anonymous_52)
FNDA:4,(anonymous_53)
FNDA:0,(anonymous_54)
FNDA:2,(anonymous_55)
FNDA:1,(anonymous_56)
FNDA:12,(anonymous_57)
FNDA:2,(anonymous_58)
FNDA:1,(anonymous_59)
FNDA:1,(anonymous_60)
FNDA:1,(anonymous_61)
DA:36,6
DA:38,6
DA:41,6
DA:42,6
DA:43,6
DA:44,6
DA:45,6
DA:67,6
DA:96,370
DA:132,354
DA:133,354
DA:135,354
DA:136,276
DA:137,253
DA:140,23
DA:141,1
DA:142,1
DA:143,1
DA:146,23
DA:147,1
DA:148,1
DA:152,23
DA:153,23
DA:154,23
DA:155,23
DA:156,23
DA:160,354
DA:161,23
DA:164,354
DA:200,291
DA:202,291
DA:203,213
DA:204,193
DA:206,20
DA:207,5
DA:210,5
DA:212,20
DA:215,291
DA:217,9
DA:220,9
DA:221,0
DA:223,9
DA:224,9
DA:226,3
DA:227,3
DA:228,3
DA:229,3
DA:230,3
DA:233,1
DA:234,1
DA:235,1
DA:236,1
DA:237,1
DA:240,1
DA:241,1
DA:242,1
DA:243,1
DA:246,2
DA:247,2
DA:248,2
DA:249,2
DA:252,2
DA:253,2
DA:254,2
DA:255,2
DA:256,2
DA:260,0
DA:261,0
DA:264,0
DA:270,291
DA:293,6
DA:298,67
DA:299,59
DA:301,8
DA:302,8
DA:303,2
DA:305,6
DA:306,6
DA:307,12
DA:308,12
DA:309,4
DA:312,2
DA:322,1
DA:415,6
DA:432,63
DA:435,63
DA:436,63
DA:439,63
DA:440,116
DA:445,63
DA:446,58
DA:447,58
DA:448,174
DA:450,58
DA:455,63
DA:456,63
DA:464,63
DA:466,64
DA:467,63
DA:469,1
DA:470,1
DA:471,1
DA:472,1
DA:473,1
DA:474,0
DA:477,1
DA:478,1
DA:480,0
DA:486,63
DA:487,66
DA:490,63
DA:491,62
DA:499,63
DA:500,58
DA:501,58
DA:502,57
DA:504,1
DA:505,2
DA:506,1
DA:507,2
DA:508,2
DA:509,1
DA:512,0
DA:517,63
DA:520,63
DA:523,63
DA:524,63
DA:525,63
DA:526,63
DA:527,63
DA:528,63
DA:530,63
DA:531,58
DA:534,58
DA:535,0
DA:539,58
DA:540,53
DA:557,5
DA:559,7
DA:560,7
DA:561,0
DA:563,7
DA:564,5
DA:569,5
DA:570,5
DA:571,5
DA:576,63
DA:581,63
DA:601,0
DA:602,0
DA:603,0
DA:627,1
DA:628,1
DA:629,1
DA:636,3
DA:643,1
DA:644,1
DA:645,1
DA:665,66
DA:669,66
DA:672,66
DA:744,97
DA:747,97
DA:749,97
DA:751,122
DA:752,122
DA:757,97
DA:758,97
DA:759,97
DA:765,97
DA:766,97
DA:767,97
DA:768,97
DA:769,97
DA:771,1
DA:774,97
DA:776,0
DA:779,97
DA:781,1
DA:786,97
DA:787,97
DA:788,97
DA:790,97
DA:798,97
DA:801,194
DA:815,97
DA:820,97
DA:821,61
DA:822,61
DA:823,183
DA:825,61
DA:830,97
DA:831,183
DA:840,97
DA:841,4
DA:842,0
DA:844,4
DA:849,4
DA:853,4
DA:859,97
DA:864,97
DA:869,97
DA:916,5
DA:917,5
DA:918,1
DA:919,1
DA:948,3
DA:997,2
DA:1009,0
DA:1036,8
DA:1037,8
DA:1038,8
DA:1043,0
DA:1044,0
DA:1045,0
DA:1046,0
DA:1077,16
DA:1085,1
DA:1086,1
DA:1087,1
DA:1112,4
DA:1116,4
DA:1119,0
DA:1120,0
DA:1121,0
DA:1143,2
DA:1147,2
DA:1151,2
DA:1161,1
DA:1164,1
DA:1195,12
DA:1196,12
DA:1207,2
DA:1208,2
DA:1209,2
DA:1266,1
DA:1267,1
DA:1282,1
DA:1283,1
DA:1299,1
DA:1300,1
LF:241
LH:219
BRDA:136,0,0,253
BRDA:142,1,0,1
BRDA:142,2,0,1
BRDA:142,2,1,1
BRDA:142,2,2,1
BRDA:147,3,0,1
BRDA:203,4,0,193
BRDA:207,5,0,0
BRDA:207,5,1,5
BRDA:207,6,0,5
BRDA:207,6,1,5
BRDA:210,7,0,0
BRDA:210,7,1,5
BRDA:210,8,0,5
BRDA:210,8,1,5
BRDA:210,9,0,0
BRDA:210,9,1,5
BRDA:210,10,0,5
BRDA:210,10,1,5
BRDA:218,11,0,9
BRDA:218,11,1,0
BRDA:218,12,0,9
BRDA:218,12,1,9
BRDA:218,13,0,0
BRDA:218,13,1,9
BRDA:218,14,0,9
BRDA:218,14,1,9
BRDA:220,15,0,0
BRDA:224,16,0,3
BRDA:224,16,1,1
BRDA:224,16,2,1
BRDA:224,16,3,2
BRDA:224,16,4,2
BRDA:224,16,5,0
BRDA:224,16,6,0
BRDA:228,17,0,0
BRDA:228,17,1,3
BRDA:235,18,0,1
BRDA:235,18,1,0
BRDA:255,19,0,0
BRDA:255,19,1,2
BRDA:255,20,0,2
BRDA:255,20,1,2
BRDA:298,21,0,59
BRDA:298,22,0,67
BRDA:298,22,1,64
BRDA:302,23,0,2
BRDA:302,24,0,8
BRDA:302,24,1,7
BRDA:305,25,0,6
BRDA:305,25,1,0
BRDA:305,26,0,6
BRDA:305,26,1,6
BRDA:307,27,0,11
BRDA:307,27,1,1
BRDA:307,28,0,12
BRDA:307,28,1,11
BRDA:308,29,0,4
BRDA:466,30,0,63
BRDA:472,31,0,1
BRDA:472,31,1,0
BRDA:473,32,0,0
BRDA:477,33,0,1
BRDA:487,34,0,1
BRDA:487,34,1,65
BRDA:501,35,0,57
BRDA:508,36,0,1
BRDA:508,37,0,2
BRDA:508,37,1,2
BRDA:534,38,0,0
BRDA:534,39,0,58
BRDA:534,39,1,58
BRDA:539,40,0,53
BRDA:560,41,0,0
BRDA:563,42,0,5
BRDA:563,43,0,7
BRDA:563,43,1,7
BRDA:563,43,2,7
BRDA:577,44,0,2
BRDA:577,44,1,61
BRDA:578,45,0,1
BRDA:578,45,1,62
BRDA:579,46,0,2
BRDA:579,46,1,61
BRDA:586,47,0,63
BRDA:586,47,1,61
BRDA:587,48,0,63
BRDA:587,48,1,61
BRDA:601,49,0,0
BRDA:601,50,0,0
BRDA:601,50,1,0
BRDA:610,51,0,63
BRDA:610,51,1,3
BRDA:623,52,0,2
BRDA:623,52,1,1
BRDA:665,53,0,64
BRDA:665,53,1,2
BRDA:669,54,0,64
BRDA:669,54,1,2
BRDA:677,55,0,66
BRDA:677,55,1,1
BRDA:712,56,0,63
BRDA:712,56,1,1
BRDA:787,57,0,97
BRDA:787,57,1,0
BRDA:788,58,0,97
BRDA:788,58,1,0
BRDA:841,59,0,0
BRDA:841,60,0,4
BRDA:841,60,1,4
BRDA:844,61,0,4
BRDA:850,62,0,3
BRDA:850,62,1,1
BRDA:859,63,0,1
BRDA:859,63,1,96
BRDA:865,64,0,1
BRDA:865,64,1,96
BRDA:866,65,0,1
BRDA:866,65,1,96
BRDA:867,66,0,2
BRDA:867,66,1,95
BRDA:872,67,0,97
BRDA:872,67,1,95
BRDA:878,68,0,94
BRDA:878,68,1,1
BRDA:879,69,0,94
BRDA:879,69,1,1
BRDA:895,70,0,97
BRDA:895,70,1,95
BRDA:917,71,0,1
BRDA:917,72,0,5
BRDA:917,72,1,2
BRDA:975,73,0,97
BRDA:975,73,1,2
BRDA:988,74,0,2
BRDA:988,74,1,0
BRDA:988,75,0,2
BRDA:988,75,1,2
BRDA:995,76,0,97
BRDA:995,76,1,2
BRDA:995,76,2,1
BRDA:1000,77,0,1
BRDA:1000,77,1,1
BRDA:1002,78,0,1
BRDA:1002,78,1,1
BRDA:1002,79,0,2
BRDA:1002,79,1,1
BRDA:1007,80,0,97
BRDA:1007,80,1,0
BRDA:1033,81,0,8
BRDA:1033,81,1,89
BRDA:1037,82,0,8
BRDA:1043,83,0,0
BRDA:1045,84,0,0
BRDA:1054,85,0,97
BRDA:1054,85,1,95
BRDA:1056,86,0,97
BRDA:1056,86,1,8
BRDA:1073,87,0,8
BRDA:1073,87,1,0
BRDA:1108,88,0,5
BRDA:1108,88,1,92
BRDA:1119,89,0,0
BRDA:1127,90,0,97
BRDA:1127,90,1,5
BRDA:1127,90,2,1
BRDA:1147,91,0,2
BRDA:1147,91,1,0
BRDA:1147,92,0,2
BRDA:1147,92,1,2
BRDA:1176,93,0,97
BRDA:1176,93,1,5
BRDA:1176,93,2,4
BRDA:1186,94,0,0
BRDA:1186,94,1,4
BRDA:1200,95,0,4
BRDA:1200,95,1,8
BRDA:1222,96,0,97
BRDA:1222,96,1,95
BRDA:1228,97,0,2
BRDA:1228,97,1,93
BRDA:1236,98,0,8
BRDA:1236,98,1,87
BRDA:1241,99,0,95
BRDA:1241,99,1,8
BRDA:1255,100,0,1
BRDA:1255,100,1,7
BRDA:1274,101,0,8
BRDA:1274,101,1,7
BRDA:1291,102,0,8
BRDA:1291,102,1,7
BRF:191
BRH:161
end_of_record
TN:
SF:app/react/backlog/BulkUserStoriesLightbox.tsx
FN:152,BulkUserStoriesLightbox
FN:183,(anonymous_1)
FN:220,(anonymous_2)
FN:220,(anonymous_3)
FN:228,(anonymous_4)
FN:232,(anonymous_5)
FN:235,(anonymous_6)
FN:240,(anonymous_7)
FN:241,(anonymous_8)
FN:245,(anonymous_9)
FN:252,(anonymous_10)
FN:270,(anonymous_11)
FN:358,(anonymous_12)
FN:365,(anonymous_13)
FN:392,(anonymous_14)
FN:407,(anonymous_15)
FN:435,(anonymous_16)
FN:436,(anonymous_17)
FN:463,(anonymous_18)
FN:475,(anonymous_19)
FN:506,(anonymous_20)
FNF:21
FNH:16
FNDA:67,BulkUserStoriesLightbox
FNDA:24,(anonymous_1)
FNDA:26,(anonymous_2)
FNDA:29,(anonymous_3)
FNDA:24,(anonymous_4)
FNDA:24,(anonymous_5)
FNDA:0,(anonymous_6)
FNDA:3,(anonymous_7)
FNDA:3,(anonymous_8)
FNDA:2,(anonymous_9)
FNDA:10,(anonymous_10)
FNDA:9,(anonymous_11)
FNDA:12,(anonymous_12)
FNDA:2,(anonymous_13)
FNDA:1,(anonymous_14)
FNDA:2,(anonymous_15)
FNDA:0,(anonymous_16)
FNDA:0,(anonymous_17)
FNDA:0,(anonymous_18)
FNDA:0,(anonymous_19)
FNDA:8,(anonymous_20)
DA:47,5
DA:51,5
DA:52,5
DA:53,5
DA:54,5
DA:65,5
DA:67,5
DA:69,5
DA:71,5
DA:73,5
DA:75,5
DA:77,5
DA:79,5
DA:81,5
DA:83,5
DA:94,5
DA:97,5
DA:103,5
DA:111,5
DA:152,5
DA:163,67
DA:167,67
DA:168,67
DA:169,67
DA:170,67
DA:172,67
DA:174,67
DA:175,67
DA:176,67
DA:179,67
DA:183,67
DA:184,24
DA:185,22
DA:186,22
DA:187,22
DA:188,22
DA:192,22
DA:193,22
DA:194,22
DA:195,22
DA:205,67
DA:210,67
DA:211,67
DA:219,67
DA:220,29
DA:227,67
DA:228,24
DA:231,67
DA:233,24
DA:235,0
DA:240,67
DA:241,3
DA:245,67
DA:246,2
DA:247,2
DA:251,67
DA:253,10
DA:256,10
DA:257,1
DA:261,9
DA:262,9
DA:263,2
DA:264,2
DA:265,2
DA:268,7
DA:270,9
DA:271,7
DA:272,1
DA:273,1
DA:274,1
DA:277,6
DA:278,6
DA:279,6
DA:283,6
DA:288,5
DA:289,5
DA:290,5
DA:294,1
DA:296,6
DA:302,67
DA:359,12
DA:365,2
DA:392,1
DA:407,2
DA:436,0
DA:464,0
DA:476,0
DA:477,0
DA:506,8
LF:89
LH:84
BRDA:184,0,0,22
BRDA:192,1,0,0
BRDA:192,1,1,22
BRDA:192,2,0,22
BRDA:192,2,1,22
BRDA:192,3,0,0
BRDA:192,3,1,22
BRDA:192,4,0,22
BRDA:192,4,1,0
BRDA:192,5,0,22
BRDA:192,5,1,0
BRDA:192,6,0,22
BRDA:192,6,1,22
BRDA:228,7,0,24
BRDA:228,7,1,0
BRDA:233,8,0,24
BRDA:233,8,1,0
BRDA:235,9,0,0
BRDA:235,9,1,0
BRDA:235,10,0,0
BRDA:235,10,1,0
BRDA:256,11,0,1
BRDA:262,12,0,2
BRDA:264,13,0,0
BRDA:264,13,1,2
BRDA:264,14,0,2
BRDA:264,14,1,2
BRDA:271,15,0,1
BRDA:273,16,0,0
BRDA:273,16,1,1
BRDA:273,17,0,1
BRDA:273,17,1,1
BRDA:315,18,0,65
BRDA:315,18,1,2
BRDA:333,19,0,67
BRDA:333,19,1,0
BRDA:344,20,0,1
BRDA:344,20,1,66
BRDA:344,21,0,67
BRDA:344,21,1,67
BRDA:346,22,0,1
BRDA:346,22,1,66
BRDA:346,23,0,67
BRDA:346,23,1,67
BRDA:356,24,0,6
BRDA:356,24,1,61
BRDA:363,25,0,6
BRDA:363,25,1,6
BRDA:424,26,0,0
BRDA:424,26,1,67
BRDA:439,27,0,0
BRDA:439,27,1,0
BRDA:442,28,0,0
BRDA:442,28,1,0
BRDA:442,29,0,0
BRDA:442,29,1,0
BRDA:456,30,0,0
BRDA:456,30,1,0
BRDA:456,31,0,0
BRDA:456,31,1,0
BRDA:461,32,0,0
BRDA:461,32,1,0
BRDA:471,33,0,0
BRDA:471,33,1,0
BRDA:481,34,0,0
BRDA:481,34,1,0
BRDA:481,35,0,0
BRDA:481,35,1,0
BRDA:509,36,0,5
BRDA:509,36,1,62
BRF:70
BRH:38
end_of_record
TN:
SF:app/react/backlog/Burndown.tsx
FN:49,renderMultilineLabel
FN:58,(anonymous_1)
FN:111,formatNumber
FN:148,adjustPercentaje
FN:163,computeProgressBar
FN:198,computeCompletedPercentage
FN:223,IconGraph
FN:300,chartTooltip
FN:329,round2
FN:338,niceNum
FN:376,niceScale
FN:413,formatTick
FN:431,deriveSeries
FN:432,(anonymous_13)
FN:433,(anonymous_14)
FN:441,(anonymous_15)
FN:442,(anonymous_16)
FN:443,(anonymous_17)
FN:445,(anonymous_18)
FN:449,(anonymous_19)
FN:471,BurndownChart
FN:472,(anonymous_21)
FN:482,(anonymous_22)
FN:513,(anonymous_23)
FN:515,(anonymous_24)
FN:521,(anonymous_25)
FN:531,(anonymous_26)
FN:532,(anonymous_27)
FN:583,(anonymous_28)
FN:593,(anonymous_29)
FN:603,(anonymous_30)
FN:620,(anonymous_31)
FN:627,(anonymous_32)
FN:650,(anonymous_33)
FN:704,Burndown
FN:710,(anonymous_35)
FN:713,(anonymous_36)
FN:736,(anonymous_37)
FNF:38
FNH:37
FNDA:53,renderMultilineLabel
FNDA:106,(anonymous_1)
FNDA:53,formatNumber
FNDA:26,adjustPercentaje
FNDA:14,computeProgressBar
FNDA:14,computeCompletedPercentage
FNDA:13,IconGraph
FNDA:8,chartTooltip
FNDA:75,round2
FNDA:10,niceNum
FNDA:8,niceScale
FNDA:4,formatTick
FNDA:1,deriveSeries
FNDA:2,(anonymous_13)
FNDA:2,(anonymous_14)
FNDA:2,(anonymous_15)
FNDA:2,(anonymous_16)
FNDA:2,(anonymous_17)
FNDA:2,(anonymous_18)
FNDA:2,(anonymous_19)
FNDA:1,BurndownChart
FNDA:1,(anonymous_21)
FNDA:5,(anonymous_22)
FNDA:30,(anonymous_23)
FNDA:23,(anonymous_24)
FNDA:2,(anonymous_25)
FNDA:4,(anonymous_26)
FNDA:4,(anonymous_27)
FNDA:4,(anonymous_28)
FNDA:2,(anonymous_29)
FNDA:4,(anonymous_30)
FNDA:5,(anonymous_31)
FNDA:10,(anonymous_32)
FNDA:8,(anonymous_33)
FNDA:14,Burndown
FNDA:14,(anonymous_35)
FNDA:14,(anonymous_36)
FNDA:0,(anonymous_37)
DA:35,6
DA:39,6
DA:40,6
DA:50,53
DA:51,53
DA:58,53
DA:59,106
DA:60,53
DA:62,53
DA:64,106
DA:112,53
DA:113,3
DA:116,50
DA:117,50
DA:118,0
DA:121,50
DA:122,50
DA:123,13
DA:124,13
DA:127,50
DA:149,26
DA:164,14
DA:165,1
DA:170,13
DA:171,13
DA:172,13
DA:177,13
DA:178,0
DA:179,0
DA:181,13
DA:182,13
DA:185,13
DA:199,14
DA:200,1
DA:203,13
DA:204,0
DA:207,13
DA:208,13
DA:224,13
DA:238,6
DA:239,6
DA:242,6
DA:245,6
DA:246,6
DA:249,6
DA:252,6
DA:253,6
DA:254,6
DA:257,6
DA:260,6
DA:263,6
DA:280,6
DA:301,8
DA:303,2
DA:309,2
DA:314,2
DA:320,2
DA:330,75
DA:339,10
DA:340,0
DA:342,10
DA:343,10
DA:345,10
DA:346,5
DA:347,4
DA:348,3
DA:349,0
DA:350,5
DA:351,2
DA:352,3
DA:353,2
DA:354,1
DA:355,1
DA:357,0
DA:359,10
DA:376,6
DA:377,8
DA:378,2
DA:381,6
DA:382,2
DA:383,1
DA:385,1
DA:386,1
DA:387,1
DA:389,5
DA:390,5
DA:391,5
DA:392,5
DA:393,5
DA:394,5
DA:396,5
DA:397,5
DA:398,5
DA:399,5
DA:404,24
DA:406,5
DA:414,4
DA:415,4
DA:417,0
DA:432,2
DA:433,2
DA:440,1
DA:441,2
DA:442,2
DA:443,2
DA:445,2
DA:449,2
DA:454,1
DA:472,1
DA:473,1
DA:474,1
DA:475,0
DA:478,1
DA:482,1
DA:483,5
DA:484,10
DA:485,10
DA:488,5
DA:490,1
DA:491,1
DA:497,1
DA:498,1
DA:499,1
DA:500,1
DA:506,1
DA:507,1
DA:508,1
DA:509,1
DA:510,1
DA:511,1
DA:513,1
DA:514,30
DA:515,1
DA:516,23
DA:518,1
DA:521,2
DA:530,1
DA:531,4
DA:532,4
DA:539,1
DA:554,1
DA:555,0
DA:569,1
DA:571,1
DA:584,4
DA:594,2
DA:604,4
DA:621,5
DA:622,5
DA:623,0
DA:626,5
DA:627,10
DA:629,5
DA:631,5
DA:632,5
DA:633,5
DA:634,5
DA:636,5
DA:651,8
DA:652,8
DA:653,8
DA:704,6
DA:705,14
DA:709,14
DA:710,14
DA:713,14
DA:715,14
DA:716,14
DA:720,14
DA:722,14
DA:726,14
DA:727,14
DA:730,14
DA:735,14
DA:737,0
DA:738,0
DA:739,0
DA:745,14
LF:178
LH:164
BRDA:59,0,0,53
BRDA:59,0,1,53
BRDA:112,1,0,3
BRDA:112,2,0,53
BRDA:112,2,1,53
BRDA:117,3,0,0
BRDA:122,4,0,13
BRDA:164,5,0,1
BRDA:170,6,0,11
BRDA:170,6,1,2
BRDA:177,7,0,0
BRDA:177,7,1,13
BRDA:178,8,0,0
BRDA:178,8,1,0
BRDA:179,9,0,0
BRDA:179,9,1,0
BRDA:182,10,0,12
BRDA:182,10,1,1
BRDA:199,11,0,1
BRDA:203,12,0,0
BRDA:207,13,0,11
BRDA:207,13,1,2
BRDA:208,14,0,12
BRDA:208,14,1,1
BRDA:301,15,0,2
BRDA:301,15,1,2
BRDA:301,15,2,2
BRDA:301,15,3,2
BRDA:330,16,0,75
BRDA:330,16,1,0
BRDA:339,17,0,0
BRDA:345,18,0,5
BRDA:345,18,1,5
BRDA:346,19,0,1
BRDA:346,19,1,4
BRDA:347,20,0,1
BRDA:347,20,1,3
BRDA:348,21,0,3
BRDA:348,21,1,0
BRDA:350,22,0,2
BRDA:350,22,1,3
BRDA:352,23,0,2
BRDA:352,23,1,1
BRDA:354,24,0,1
BRDA:354,24,1,0
BRDA:376,25,0,6
BRDA:377,26,0,2
BRDA:377,27,0,8
BRDA:377,27,1,7
BRDA:381,28,0,2
BRDA:382,29,0,1
BRDA:385,30,0,1
BRDA:385,30,1,0
BRDA:391,31,0,5
BRDA:391,31,1,0
BRDA:400,32,0,29
BRDA:400,32,1,24
BRDA:414,33,0,4
BRDA:442,34,0,2
BRDA:442,34,1,2
BRDA:474,35,0,0
BRDA:484,36,0,10
BRDA:490,37,0,1
BRDA:490,37,1,0
BRDA:491,38,0,1
BRDA:491,38,1,0
BRDA:500,39,0,1
BRDA:500,39,1,0
BRDA:514,40,0,0
BRDA:514,40,1,30
BRDA:531,41,0,4
BRDA:531,41,1,4
BRDA:554,42,0,0
BRDA:622,43,0,0
BRDA:634,44,0,5
BRDA:634,44,1,4
BRDA:638,45,0,4
BRDA:638,45,1,1
BRDA:649,46,0,4
BRDA:649,46,1,1
BRDA:651,47,0,8
BRDA:651,47,1,0
BRDA:651,48,0,8
BRDA:651,48,1,8
BRDA:651,49,0,0
BRDA:651,49,1,8
BRDA:651,50,0,8
BRDA:651,50,1,8
BRDA:715,51,0,13
BRDA:715,51,1,1
BRDA:715,52,0,14
BRDA:715,52,1,14
BRDA:715,53,0,1
BRDA:715,53,1,13
BRDA:715,54,0,14
BRDA:715,54,1,13
BRDA:722,55,0,14
BRDA:722,55,1,5
BRDA:722,56,0,0
BRDA:722,56,1,5
BRDA:722,57,0,5
BRDA:722,57,1,5
BRDA:727,58,0,13
BRDA:727,58,1,1
BRDA:730,59,0,13
BRDA:730,59,1,1
BRDA:737,60,0,0
BRDA:737,61,0,0
BRDA:737,61,1,0
BRDA:737,61,2,0
BRDA:775,62,0,11
BRDA:775,62,1,3
BRDA:775,63,0,1
BRDA:775,63,1,13
BRDA:775,64,0,14
BRDA:775,64,1,13
BRDA:785,65,0,1
BRDA:785,65,1,13
BRDA:785,66,0,14
BRDA:785,66,1,13
BRDA:792,67,0,1
BRDA:792,67,1,13
BRDA:792,68,0,14
BRDA:792,68,1,13
BRDA:799,69,0,1
BRDA:799,69,1,13
BRDA:799,70,0,14
BRDA:799,70,1,13
BRDA:805,71,0,9
BRDA:805,71,1,5
BRDA:822,72,0,4
BRDA:822,72,1,10
BRDA:836,73,0,4
BRDA:836,73,1,0
BRDA:853,74,0,1
BRDA:853,74,1,13
BRDA:855,75,0,1
BRDA:855,75,1,13
BRF:138
BRH:110
end_of_record
TN:
SF:app/react/backlog/Sprint.tsx
FN:64,formatNumber
FN:112,SprintStoryRow
FN:130,(anonymous_3)
FN:193,(anonymous_4)
FN:235,Sprint
FN:241,(anonymous_6)
FN:242,(anonymous_7)
FN:251,(anonymous_8)
FN:298,(anonymous_9)
FN:370,(anonymous_10)
FN:443,(anonymous_11)
FNF:11
FNH:10
FNDA:56,formatNumber
FNDA:23,SprintStoryRow
FNDA:42,(anonymous_3)
FNDA:0,(anonymous_4)
FNDA:27,Sprint
FNDA:2,(anonymous_6)
FNDA:2,(anonymous_7)
FNDA:25,(anonymous_8)
FNDA:25,(anonymous_9)
FNDA:1,(anonymous_10)
FNDA:23,(anonymous_11)
DA:35,6
DA:36,6
DA:37,6
DA:40,6
DA:41,6
DA:42,6
DA:43,6
DA:44,6
DA:57,6
DA:58,6
DA:65,56
DA:115,23
DA:124,23
DA:129,23
DA:131,42
DA:132,42
DA:140,23
DA:147,23
DA:153,23
DA:159,23
DA:161,23
DA:194,0
DA:235,6
DA:239,27
DA:241,27
DA:242,2
DA:248,27
DA:251,27
DA:253,25
DA:256,25
DA:258,25
DA:265,25
DA:267,25
DA:268,25
DA:269,25
DA:270,25
DA:272,25
DA:273,25
DA:276,25
DA:277,25
DA:278,25
DA:280,25
DA:297,27
DA:299,25
DA:305,27
DA:310,27
DA:314,27
DA:371,1
DA:372,1
DA:444,23
LF:50
LH:49
BRDA:141,0,0,1
BRDA:141,0,1,22
BRDA:142,1,0,1
BRDA:142,1,1,22
BRDA:143,2,0,2
BRDA:143,2,1,21
BRDA:148,3,0,1
BRDA:148,3,1,22
BRDA:149,4,0,1
BRDA:149,4,1,22
BRDA:154,5,0,1
BRDA:154,5,1,22
BRDA:155,6,0,1
BRDA:155,6,1,22
BRDA:159,7,0,22
BRDA:159,7,1,1
BRDA:190,8,0,0
BRDA:190,8,1,23
BRDA:190,9,0,23
BRDA:190,9,1,0
BRDA:209,10,0,2
BRDA:209,10,1,21
BRDA:214,11,0,2
BRDA:214,11,1,0
BRDA:214,12,0,2
BRDA:214,12,1,2
BRDA:222,13,0,2
BRDA:222,13,1,21
BRDA:256,14,0,25
BRDA:256,14,1,25
BRDA:272,15,0,25
BRDA:272,15,1,22
BRDA:273,16,0,25
BRDA:273,16,1,22
BRDA:276,17,0,3
BRDA:276,17,1,22
BRDA:299,18,0,1
BRDA:299,18,1,24
BRDA:311,19,0,6
BRDA:311,19,1,21
BRDA:312,20,0,23
BRDA:312,20,1,4
BRDA:330,21,0,4
BRDA:330,21,1,23
BRDA:344,22,0,24
BRDA:344,22,1,3
BRDA:361,23,0,25
BRDA:361,23,1,2
BRDA:399,24,0,1
BRDA:399,24,1,26
BRDA:401,25,0,1
BRDA:401,25,1,26
BRDA:422,26,0,4
BRDA:422,26,1,23
BRDA:424,27,0,6
BRDA:424,27,1,21
BRDA:426,28,0,5
BRDA:426,28,1,1
BRDA:457,29,0,24
BRDA:457,29,1,3
BRF:60
BRH:57
end_of_record
TN:
SF:app/react/backlog/SprintEditLightbox.tsx
FN:97,renderLastSprintHint
FN:158,firstString
FN:176,normalizeDate
FN:186,SprintEditLightbox
FN:227,(anonymous_5)
FN:242,(anonymous_6)
FN:276,(anonymous_7)
FN:311,(anonymous_8)
FN:379,(anonymous_9)
FN:387,(anonymous_10)
FN:398,(anonymous_11)
FN:423,(anonymous_12)
FN:425,(anonymous_13)
FN:433,(anonymous_14)
FN:434,(anonymous_15)
FN:437,(anonymous_16)
FN:438,(anonymous_17)
FNF:17
FNH:17
FNDA:2,renderLastSprintHint
FNDA:10,firstString
FNDA:34,normalizeDate
FNDA:96,SprintEditLightbox
FNDA:31,(anonymous_5)
FNDA:35,(anonymous_6)
FNDA:3,(anonymous_7)
FNDA:15,(anonymous_8)
FNDA:3,(anonymous_9)
FNDA:2,(anonymous_10)
FNDA:1,(anonymous_11)
FNDA:2,(anonymous_12)
FNDA:2,(anonymous_13)
FNDA:1,(anonymous_14)
FNDA:1,(anonymous_15)
FNDA:1,(anonymous_16)
FNDA:1,(anonymous_17)
DA:45,5
DA:47,5
DA:50,5
DA:55,5
DA:61,5
DA:62,5
DA:63,5
DA:64,5
DA:65,5
DA:76,5
DA:85,5
DA:98,2
DA:103,2
DA:104,2
DA:106,0
DA:108,2
DA:159,10
DA:160,0
DA:163,10
DA:164,2
DA:167,8
DA:177,34
DA:179,34
DA:186,5
DA:197,96
DA:201,96
DA:202,96
DA:203,96
DA:204,96
DA:206,96
DA:210,96
DA:211,96
DA:212,96
DA:222,96
DA:227,96
DA:228,31
DA:229,31
DA:230,31
DA:233,31
DA:242,96
DA:243,35
DA:244,33
DA:246,2
DA:251,2
DA:264,96
DA:265,96
DA:276,96
DA:277,3
DA:278,2
DA:280,2
DA:281,2
DA:282,2
DA:283,2
DA:285,2
DA:286,1
DA:288,2
DA:289,0
DA:291,2
DA:292,0
DA:294,2
DA:297,2
DA:300,2
DA:302,2
DA:305,1
DA:310,96
DA:312,15
DA:314,15
DA:315,0
DA:319,15
DA:329,15
DA:330,15
DA:331,15
DA:332,8
DA:333,8
DA:334,3
DA:335,5
DA:336,2
DA:337,3
DA:338,3
DA:341,8
DA:346,7
DA:347,7
DA:348,7
DA:350,7
DA:357,7
DA:358,7
DA:359,6
DA:360,1
DA:361,1
DA:362,1
DA:364,3
DA:365,3
DA:367,3
DA:369,6
DA:379,96
DA:380,3
DA:381,0
DA:383,3
DA:387,96
DA:388,2
DA:389,0
DA:391,2
DA:398,96
DA:399,1
DA:400,0
DA:403,1
DA:404,1
DA:406,1
DA:407,1
DA:408,1
DA:409,1
DA:410,1
DA:411,1
DA:413,0
DA:414,0
DA:416,1
DA:423,96
DA:424,2
DA:425,2
DA:433,96
DA:434,1
DA:437,96
DA:438,1
DA:442,96
DA:443,6
DA:446,90
DA:448,90
LF:127
LH:117
BRDA:104,0,0,0
BRDA:159,1,0,0
BRDA:163,2,0,2
BRDA:163,3,0,10
BRDA:163,3,1,2
BRDA:163,3,2,2
BRDA:179,4,0,30
BRDA:179,4,1,4
BRDA:243,5,0,33
BRDA:277,6,0,2
BRDA:277,7,0,3
BRDA:277,7,1,2
BRDA:277,7,2,2
BRDA:285,8,0,1
BRDA:288,9,0,0
BRDA:291,10,0,0
BRDA:297,11,0,1
BRDA:297,11,1,1
BRDA:297,12,0,2
BRDA:297,12,1,2
BRDA:297,13,0,0
BRDA:297,13,1,2
BRDA:297,14,0,2
BRDA:297,14,1,2
BRDA:314,15,0,0
BRDA:331,16,0,8
BRDA:333,17,0,3
BRDA:333,17,1,5
BRDA:334,18,0,0
BRDA:334,18,1,3
BRDA:334,19,0,3
BRDA:334,19,1,3
BRDA:335,20,0,2
BRDA:335,20,1,3
BRDA:336,21,0,0
BRDA:336,21,1,2
BRDA:336,22,0,2
BRDA:336,22,1,2
BRDA:337,23,0,3
BRDA:338,24,0,0
BRDA:338,24,1,3
BRDA:338,25,0,3
BRDA:338,25,1,3
BRDA:358,26,0,6
BRDA:358,26,1,1
BRDA:360,27,0,1
BRDA:380,28,0,0
BRDA:380,29,0,3
BRDA:380,29,1,3
BRDA:388,30,0,0
BRDA:399,31,0,0
BRDA:399,32,0,1
BRDA:399,32,1,1
BRDA:442,33,0,6
BRDA:446,34,0,90
BRDA:446,34,1,69
BRDA:476,35,0,69
BRDA:476,35,1,21
BRDA:492,36,0,5
BRDA:492,36,1,85
BRDA:502,37,0,2
BRDA:502,37,1,88
BRDA:504,38,0,90
BRDA:504,38,1,5
BRDA:522,39,0,2
BRDA:522,39,1,88
BRDA:529,40,0,90
BRDA:529,40,1,2
BRDA:536,41,0,5
BRDA:536,41,1,85
BRDA:543,42,0,90
BRDA:543,42,1,5
BRDA:559,43,0,90
BRDA:559,43,1,21
BRDA:559,43,2,19
BRDA:580,44,0,90
BRDA:580,44,1,3
BRDA:601,45,0,21
BRDA:601,45,1,69
BRF:79
BRH:67
end_of_record
TN:
SF:app/react/backlog/SprintList.tsx
FN:90,SprintList
FN:139,(anonymous_1)
FN:171,(anonymous_2)
FN:187,(anonymous_3)
FN:203,(anonymous_4)
FN:218,(anonymous_5)
FNF:6
FNH:6
FNDA:16,SprintList
FNDA:1,(anonymous_1)
FNDA:1,(anonymous_2)
FNDA:7,(anonymous_3)
FNDA:1,(anonymous_4)
FNDA:1,(anonymous_5)
DA:45,6
DA:46,6
DA:90,6
DA:102,16
DA:105,16
DA:112,16
DA:119,16
DA:123,16
DA:140,1
DA:141,1
DA:172,1
DA:173,1
DA:188,7
DA:204,1
DA:205,1
DA:219,1
LF:16
LH:16
BRDA:112,0,0,1
BRDA:112,0,1,15
BRDA:112,1,0,16
BRDA:112,1,1,16
BRDA:112,2,0,15
BRDA:112,2,1,1
BRDA:112,3,0,16
BRDA:112,3,1,16
BRDA:119,4,0,1
BRDA:119,4,1,15
BRDA:119,5,0,16
BRDA:119,5,1,2
BRDA:128,6,0,11
BRDA:128,6,1,5
BRDA:134,7,0,10
BRDA:134,7,1,6
BRDA:134,8,0,16
BRDA:134,8,1,11
BRDA:158,9,0,4
BRDA:158,9,1,12
BRDA:166,10,0,3
BRDA:166,10,1,1
BRDA:199,11,0,4
BRDA:199,11,1,12
BRDA:217,12,0,2
BRDA:217,12,1,14
BRF:26
BRH:26
end_of_record
TN:
SF:app/react/backlog/UserStoryEditLightbox.tsx
FN:369,UserStoryEditLightbox
FN:459,(anonymous_1)
FN:465,(anonymous_2)
FN:488,(anonymous_3)
FN:556,(anonymous_4)
FN:568,(anonymous_5)
FN:573,(anonymous_6)
FN:577,(anonymous_7)
FN:592,(anonymous_8)
FN:602,(anonymous_9)
FN:617,(anonymous_10)
FN:623,(anonymous_11)
FN:630,(anonymous_12)
FN:658,(anonymous_13)
FN:658,(anonymous_14)
FN:664,(anonymous_15)
FN:664,(anonymous_16)
FN:672,(anonymous_17)
FN:676,(anonymous_18)
FN:679,(anonymous_19)
FN:686,(anonymous_20)
FN:688,(anonymous_21)
FN:689,(anonymous_22)
FN:695,(anonymous_23)
FN:695,(anonymous_24)
FN:700,(anonymous_25)
FN:701,(anonymous_26)
FN:705,(anonymous_27)
FN:712,(anonymous_28)
FN:713,(anonymous_29)
FN:728,(anonymous_30)
FN:733,(anonymous_31)
FN:734,(anonymous_32)
FN:750,(anonymous_33)
FN:752,(anonymous_34)
FN:752,(anonymous_35)
FN:756,(anonymous_36)
FN:761,(anonymous_37)
FN:766,(anonymous_38)
FN:767,(anonymous_39)
FN:767,(anonymous_40)
FN:772,(anonymous_41)
FN:773,(anonymous_42)
FN:773,(anonymous_43)
FN:776,(anonymous_44)
FN:784,(anonymous_45)
FN:785,(anonymous_46)
FN:787,(anonymous_47)
FN:788,(anonymous_48)
FN:790,(anonymous_49)
FN:791,(anonymous_50)
FN:797,(anonymous_51)
FN:810,(anonymous_52)
FN:822,(anonymous_53)
FN:829,(anonymous_54)
FN:831,(anonymous_55)
FN:838,(anonymous_56)
FN:842,(anonymous_57)
FN:854,(anonymous_58)
FN:858,(anonymous_59)
FN:863,(anonymous_60)
FN:872,(anonymous_61)
FN:874,(anonymous_62)
FN:888,(anonymous_63)
FN:895,(anonymous_64)
FN:903,(anonymous_65)
FN:913,(anonymous_66)
FN:923,(anonymous_67)
FN:938,(anonymous_68)
FN:944,(anonymous_69)
FN:957,(anonymous_70)
FN:1103,(anonymous_71)
FN:1122,(anonymous_72)
FN:1145,(anonymous_73)
FN:1161,(anonymous_74)
FN:1187,(anonymous_75)
FN:1190,(anonymous_76)
FN:1216,(anonymous_77)
FN:1242,(anonymous_78)
FN:1259,(anonymous_79)
FN:1262,(anonymous_80)
FN:1298,(anonymous_81)
FN:1309,(anonymous_82)
FN:1332,(anonymous_83)
FN:1353,(anonymous_84)
FN:1362,(anonymous_85)
FN:1383,(anonymous_86)
FN:1414,(anonymous_87)
FN:1444,(anonymous_88)
FN:1452,(anonymous_89)
FN:1456,(anonymous_90)
FN:1490,(anonymous_91)
FN:1491,(anonymous_92)
FN:1519,(anonymous_93)
FN:1533,(anonymous_94)
FN:1581,(anonymous_95)
FN:1596,(anonymous_96)
FN:1653,(anonymous_97)
FN:1655,(anonymous_98)
FN:1658,(anonymous_99)
FN:1665,(anonymous_100)
FN:1691,(anonymous_101)
FN:1727,(anonymous_102)
FN:1729,(anonymous_103)
FN:1732,(anonymous_104)
FN:1739,(anonymous_105)
FN:1765,(anonymous_106)
FN:1808,(anonymous_107)
FN:1811,(anonymous_108)
FN:1819,(anonymous_109)
FN:1829,(anonymous_110)
FN:1832,(anonymous_111)
FN:1901,(anonymous_112)
FN:1910,(anonymous_113)
FN:1911,(anonymous_114)
FN:1915,(anonymous_115)
FN:1921,(anonymous_116)
FN:1938,(anonymous_117)
FN:1961,(anonymous_118)
FN:1971,(anonymous_119)
FN:2070,(anonymous_120)
FN:2071,(anonymous_121)
FN:2091,(anonymous_122)
FN:2094,(anonymous_123)
FN:2119,(anonymous_124)
FN:2125,(anonymous_125)
FN:2216,(anonymous_126)
FNF:127
FNH:85
FNDA:117,UserStoryEditLightbox
FNDA:28,(anonymous_1)
FNDA:29,(anonymous_2)
FNDA:2,(anonymous_3)
FNDA:29,(anonymous_4)
FNDA:0,(anonymous_5)
FNDA:0,(anonymous_6)
FNDA:0,(anonymous_7)
FNDA:29,(anonymous_8)
FNDA:2,(anonymous_9)
FNDA:1,(anonymous_10)
FNDA:3,(anonymous_11)
FNDA:32,(anonymous_12)
FNDA:38,(anonymous_13)
FNDA:47,(anonymous_14)
FNDA:28,(anonymous_15)
FNDA:27,(anonymous_16)
FNDA:28,(anonymous_17)
FNDA:28,(anonymous_18)
FNDA:0,(anonymous_19)
FNDA:28,(anonymous_20)
FNDA:81,(anonymous_21)
FNDA:27,(anonymous_22)
FNDA:28,(anonymous_23)
FNDA:54,(anonymous_24)
FNDA:1,(anonymous_25)
FNDA:1,(anonymous_26)
FNDA:1,(anonymous_27)
FNDA:1,(anonymous_28)
FNDA:1,(anonymous_29)
FNDA:4,(anonymous_30)
FNDA:4,(anonymous_31)
FNDA:1,(anonymous_32)
FNDA:1,(anonymous_33)
FNDA:1,(anonymous_34)
FNDA:1,(anonymous_35)
FNDA:1,(anonymous_36)
FNDA:1,(anonymous_37)
FNDA:0,(anonymous_38)
FNDA:0,(anonymous_39)
FNDA:0,(anonymous_40)
FNDA:1,(anonymous_41)
FNDA:1,(anonymous_42)
FNDA:1,(anonymous_43)
FNDA:1,(anonymous_44)
FNDA:1,(anonymous_45)
FNDA:1,(anonymous_46)
FNDA:0,(anonymous_47)
FNDA:0,(anonymous_48)
FNDA:2,(anonymous_49)
FNDA:2,(anonymous_50)
FNDA:28,(anonymous_51)
FNDA:28,(anonymous_52)
FNDA:28,(anonymous_53)
FNDA:0,(anonymous_54)
FNDA:54,(anonymous_55)
FNDA:54,(anonymous_56)
FNDA:27,(anonymous_57)
FNDA:38,(anonymous_58)
FNDA:11,(anonymous_59)
FNDA:0,(anonymous_60)
FNDA:38,(anonymous_61)
FNDA:74,(anonymous_62)
FNDA:1,(anonymous_63)
FNDA:0,(anonymous_64)
FNDA:0,(anonymous_65)
FNDA:28,(anonymous_66)
FNDA:55,(anonymous_67)
FNDA:10,(anonymous_68)
FNDA:230,(anonymous_69)
FNDA:11,(anonymous_70)
FNDA:8,(anonymous_71)
FNDA:11,(anonymous_72)
FNDA:1,(anonymous_73)
FNDA:3,(anonymous_74)
FNDA:4,(anonymous_75)
FNDA:4,(anonymous_76)
FNDA:0,(anonymous_77)
FNDA:2,(anonymous_78)
FNDA:0,(anonymous_79)
FNDA:0,(anonymous_80)
FNDA:0,(anonymous_81)
FNDA:1,(anonymous_82)
FNDA:2,(anonymous_83)
FNDA:1,(anonymous_84)
FNDA:4,(anonymous_85)
FNDA:0,(anonymous_86)
FNDA:0,(anonymous_87)
FNDA:2,(anonymous_88)
FNDA:1,(anonymous_89)
FNDA:0,(anonymous_90)
FNDA:0,(anonymous_91)
FNDA:0,(anonymous_92)
FNDA:0,(anonymous_93)
FNDA:0,(anonymous_94)
FNDA:0,(anonymous_95)
FNDA:1,(anonymous_96)
FNDA:0,(anonymous_97)
FNDA:0,(anonymous_98)
FNDA:0,(anonymous_99)
FNDA:0,(anonymous_100)
FNDA:0,(anonymous_101)
FNDA:2,(anonymous_102)
FNDA:2,(anonymous_103)
FNDA:0,(anonymous_104)
FNDA:0,(anonymous_105)
FNDA:0,(anonymous_106)
FNDA:0,(anonymous_107)
FNDA:0,(anonymous_108)
FNDA:4,(anonymous_109)
FNDA:1,(anonymous_110)
FNDA:0,(anonymous_111)
FNDA:230,(anonymous_112)
FNDA:1,(anonymous_113)
FNDA:1,(anonymous_114)
FNDA:0,(anonymous_115)
FNDA:0,(anonymous_116)
FNDA:3,(anonymous_117)
FNDA:1,(anonymous_118)
FNDA:0,(anonymous_119)
FNDA:2,(anonymous_120)
FNDA:2,(anonymous_121)
FNDA:1,(anonymous_122)
FNDA:0,(anonymous_123)
FNDA:0,(anonymous_124)
FNDA:0,(anonymous_125)
FNDA:1,(anonymous_126)
DA:71,6
DA:75,6
DA:76,6
DA:78,6
DA:80,6
DA:81,6
DA:82,6
DA:111,6
DA:113,6
DA:115,6
DA:117,6
DA:119,6
DA:121,6
DA:123,6
DA:125,6
DA:127,6
DA:129,6
DA:131,6
DA:133,6
DA:135,6
DA:137,6
DA:139,6
DA:141,6
DA:143,6
DA:145,6
DA:147,6
DA:149,6
DA:151,6
DA:153,6
DA:155,6
DA:157,6
DA:160,6
DA:162,6
DA:164,6
DA:166,6
DA:168,6
DA:170,6
DA:172,6
DA:174,6
DA:176,6
DA:178,6
DA:181,6
DA:184,6
DA:187,6
DA:189,6
DA:196,6
DA:199,6
DA:207,6
DA:215,6
DA:369,6
DA:385,117
DA:389,117
DA:390,117
DA:391,117
DA:392,117
DA:393,117
DA:394,117
DA:395,117
DA:396,117
DA:405,117
DA:406,117
DA:411,117
DA:414,117
DA:415,117
DA:416,117
DA:419,117
DA:420,117
DA:421,117
DA:422,117
DA:423,117
DA:424,117
DA:428,117
DA:431,117
DA:432,117
DA:439,117
DA:440,117
DA:441,117
DA:442,117
DA:445,117
DA:447,117
DA:451,117
DA:453,117
DA:455,117
DA:458,117
DA:459,28
DA:465,117
DA:466,29
DA:467,3
DA:469,26
DA:470,9
DA:471,9
DA:473,9
DA:474,9
DA:475,9
DA:481,9
DA:482,9
DA:483,9
DA:486,9
DA:488,2
DA:493,9
DA:496,9
DA:497,9
DA:498,9
DA:499,9
DA:502,9
DA:509,9
DA:513,17
DA:514,17
DA:515,17
DA:516,17
DA:517,17
DA:519,17
DA:520,17
DA:521,17
DA:522,17
DA:523,17
DA:524,17
DA:525,17
DA:526,17
DA:527,17
DA:528,17
DA:532,17
DA:534,26
DA:535,26
DA:536,26
DA:537,26
DA:539,26
DA:540,26
DA:541,26
DA:543,26
DA:544,26
DA:545,26
DA:546,26
DA:547,26
DA:548,26
DA:556,117
DA:557,29
DA:558,29
DA:560,0
DA:561,0
DA:562,0
DA:563,0
DA:564,0
DA:566,0
DA:567,0
DA:569,0
DA:570,0
DA:577,0
DA:578,0
DA:592,117
DA:593,29
DA:594,25
DA:596,4
DA:598,1
DA:600,3
DA:601,3
DA:603,2
DA:607,0
DA:609,2
DA:615,2
DA:623,3
DA:624,3
DA:630,117
DA:631,32
DA:632,3
DA:642,117
DA:648,117
DA:649,117
DA:657,117
DA:658,47
DA:663,117
DA:664,28
DA:671,117
DA:672,28
DA:675,117
DA:677,28
DA:679,0
DA:685,117
DA:687,28
DA:688,81
DA:689,27
DA:694,117
DA:695,54
DA:700,117
DA:701,1
DA:705,117
DA:706,1
DA:707,1
DA:712,117
DA:713,1
DA:714,1
DA:715,1
DA:716,0
DA:718,1
DA:720,1
DA:727,117
DA:729,4
DA:730,4
DA:731,0
DA:733,4
DA:734,4
DA:735,1
DA:738,3
DA:741,3
DA:742,3
DA:744,4
DA:750,117
DA:751,1
DA:752,1
DA:756,117
DA:757,1
DA:758,0
DA:760,1
DA:761,1
DA:766,117
DA:767,0
DA:772,117
DA:773,1
DA:774,1
DA:775,1
DA:776,1
DA:777,1
DA:784,117
DA:785,1
DA:787,117
DA:788,0
DA:790,117
DA:791,2
DA:796,117
DA:798,28
DA:810,117
DA:811,28
DA:812,28
DA:820,117
DA:823,28
DA:824,28
DA:828,28
DA:829,0
DA:832,54
DA:837,28
DA:838,54
DA:843,27
DA:851,117
DA:855,38
DA:856,28
DA:858,11
DA:859,10
DA:860,10
DA:863,0
DA:864,0
DA:872,117
DA:873,38
DA:874,38
DA:875,74
DA:876,10
DA:878,64
DA:879,64
DA:881,0
DA:882,0
DA:883,0
DA:888,117
DA:889,1
DA:890,1
DA:891,1
DA:895,117
DA:896,0
DA:897,0
DA:899,0
DA:903,117
DA:904,0
DA:905,0
DA:913,117
DA:914,28
DA:915,28
DA:916,81
DA:918,28
DA:923,117
DA:924,55
DA:925,55
DA:926,108
DA:927,108
DA:928,98
DA:930,10
DA:931,10
DA:932,10
DA:935,55
DA:936,45
DA:938,10
DA:943,117
DA:945,230
DA:946,230
DA:947,195
DA:949,35
DA:956,117
DA:958,11
DA:961,11
DA:962,0
DA:966,11
DA:967,11
DA:968,1
DA:969,1
DA:970,1
DA:972,10
DA:973,1
DA:979,1
DA:980,1
DA:983,9
DA:984,9
DA:985,9
DA:986,9
DA:987,6
DA:1011,3
DA:1028,8
DA:1032,1
DA:1034,9
DA:1064,117
DA:1103,8
DA:1123,11
DA:1145,1
DA:1161,3
DA:1188,4
DA:1191,4
DA:1192,4
DA:1193,4
DA:1194,0
DA:1197,0
DA:1198,0
DA:1199,0
DA:1200,0
DA:1216,0
DA:1243,2
DA:1244,2
DA:1245,2
DA:1260,0
DA:1263,0
DA:1264,0
DA:1298,0
DA:1310,1
DA:1312,1
DA:1333,2
DA:1354,1
DA:1363,4
DA:1384,0
DA:1415,0
DA:1416,0
DA:1417,0
DA:1445,2
DA:1453,1
DA:1454,1
DA:1457,0
DA:1458,0
DA:1459,0
DA:1491,0
DA:1520,0
DA:1534,0
DA:1535,0
DA:1581,0
DA:1596,1
DA:1654,0
DA:1655,0
DA:1659,0
DA:1663,0
DA:1664,0
DA:1665,0
DA:1692,0
DA:1696,0
DA:1697,0
DA:1728,2
DA:1729,2
DA:1733,0
DA:1737,0
DA:1738,0
DA:1739,0
DA:1766,0
DA:1770,0
DA:1771,0
DA:1809,0
DA:1812,0
DA:1813,0
DA:1814,0
DA:1815,0
DA:1819,4
DA:1830,1
DA:1833,0
DA:1837,0
DA:1838,0
DA:1902,230
DA:1911,1
DA:1912,1
DA:1916,0
DA:1920,0
DA:1921,0
DA:1922,0
DA:1940,3
DA:1943,3
DA:1962,1
DA:1963,1
DA:1967,1
DA:1974,0
DA:1980,0
DA:1981,0
DA:1982,0
DA:1986,0
DA:2071,2
DA:2092,1
DA:2095,0
DA:2096,0
DA:2097,0
DA:2098,0
DA:2120,0
DA:2121,0
DA:2126,0
DA:2130,0
DA:2131,0
DA:2132,0
DA:2216,1
LF:416
LH:321
BRDA:466,0,0,3
BRDA:469,1,0,9
BRDA:469,1,1,17
BRDA:469,2,0,26
BRDA:469,2,1,9
BRDA:473,3,0,9
BRDA:473,3,1,0
BRDA:473,4,0,9
BRDA:473,4,1,9
BRDA:476,5,0,2
BRDA:476,5,1,7
BRDA:487,6,0,1
BRDA:487,6,1,8
BRDA:488,7,0,1
BRDA:488,7,1,1
BRDA:488,8,0,2
BRDA:488,8,1,1
BRDA:494,9,0,1
BRDA:494,9,1,8
BRDA:500,10,0,1
BRDA:500,10,1,8
BRDA:503,11,0,1
BRDA:503,11,1,8
BRDA:510,12,0,0
BRDA:510,12,1,9
BRDA:532,13,0,0
BRDA:532,13,1,17
BRDA:532,14,0,17
BRDA:532,14,1,17
BRDA:532,15,0,0
BRDA:532,15,1,17
BRDA:532,16,0,17
BRDA:532,16,1,0
BRDA:532,17,0,17
BRDA:532,17,1,0
BRDA:532,18,0,17
BRDA:532,18,1,17
BRDA:557,19,0,29
BRDA:557,20,0,29
BRDA:557,20,1,26
BRDA:557,20,2,9
BRDA:557,20,3,9
BRDA:557,21,0,0
BRDA:557,21,1,9
BRDA:557,22,0,9
BRDA:557,22,1,9
BRDA:562,23,0,0
BRDA:562,23,1,0
BRDA:563,24,0,0
BRDA:563,25,0,0
BRDA:563,25,1,0
BRDA:569,26,0,0
BRDA:593,27,0,25
BRDA:593,28,0,29
BRDA:593,28,1,26
BRDA:593,28,2,9
BRDA:593,28,3,9
BRDA:593,29,0,0
BRDA:593,29,1,9
BRDA:593,30,0,9
BRDA:593,30,1,9
BRDA:596,31,0,1
BRDA:603,32,0,0
BRDA:603,33,0,2
BRDA:603,33,1,2
BRDA:610,34,0,2
BRDA:610,34,1,0
BRDA:631,35,0,3
BRDA:631,36,0,32
BRDA:631,36,1,29
BRDA:632,37,0,0
BRDA:632,37,1,3
BRDA:632,38,0,3
BRDA:632,38,1,3
BRDA:672,39,0,28
BRDA:672,39,1,28
BRDA:677,40,0,28
BRDA:677,40,1,0
BRDA:679,41,0,0
BRDA:679,41,1,0
BRDA:679,42,0,0
BRDA:679,42,1,0
BRDA:689,43,0,27
BRDA:689,43,1,0
BRDA:689,44,0,27
BRDA:689,44,1,27
BRDA:689,45,0,27
BRDA:689,45,1,0
BRDA:689,46,0,27
BRDA:689,46,1,27
BRDA:715,47,0,0
BRDA:715,47,1,1
BRDA:730,48,0,0
BRDA:734,49,0,1
BRDA:738,50,0,0
BRDA:738,50,1,3
BRDA:738,51,0,3
BRDA:738,51,1,3
BRDA:741,52,0,0
BRDA:741,52,1,3
BRDA:741,53,0,3
BRDA:741,53,1,3
BRDA:757,54,0,0
BRDA:757,55,0,1
BRDA:757,55,1,1
BRDA:774,56,0,1
BRDA:777,57,0,0
BRDA:777,57,1,1
BRDA:798,58,0,0
BRDA:798,58,1,28
BRDA:812,59,0,0
BRDA:812,59,1,28
BRDA:824,60,0,0
BRDA:824,60,1,28
BRDA:828,61,0,0
BRDA:828,61,1,28
BRDA:843,62,0,27
BRDA:843,62,1,0
BRDA:843,63,0,27
BRDA:843,63,1,27
BRDA:844,64,0,27
BRDA:844,64,1,0
BRDA:844,65,0,27
BRDA:844,65,1,27
BRDA:855,66,0,28
BRDA:859,67,0,10
BRDA:863,68,0,0
BRDA:863,68,1,0
BRDA:863,69,0,0
BRDA:863,69,1,0
BRDA:863,70,0,0
BRDA:863,70,1,0
BRDA:863,71,0,0
BRDA:863,71,1,0
BRDA:875,72,0,10
BRDA:878,73,0,64
BRDA:881,74,0,0
BRDA:881,74,1,0
BRDA:881,75,0,0
BRDA:881,75,1,0
BRDA:882,76,0,0
BRDA:882,76,1,0
BRDA:882,77,0,0
BRDA:882,77,1,0
BRDA:883,78,0,0
BRDA:883,78,1,0
BRDA:896,79,0,0
BRDA:927,80,0,98
BRDA:931,81,0,10
BRDA:931,82,0,10
BRDA:931,82,1,10
BRDA:935,83,0,45
BRDA:946,84,0,195
BRDA:949,85,0,35
BRDA:949,85,1,0
BRDA:949,86,0,35
BRDA:949,86,1,35
BRDA:949,87,0,0
BRDA:949,87,1,35
BRDA:949,88,0,35
BRDA:949,88,1,35
BRDA:961,89,0,0
BRDA:967,90,0,1
BRDA:969,91,0,0
BRDA:969,91,1,1
BRDA:969,92,0,1
BRDA:969,92,1,1
BRDA:972,93,0,1
BRDA:979,94,0,0
BRDA:979,94,1,1
BRDA:979,95,0,1
BRDA:979,95,1,1
BRDA:986,96,0,6
BRDA:986,96,1,3
BRDA:986,97,0,9
BRDA:986,97,1,6
BRDA:997,98,0,3
BRDA:997,98,1,3
BRDA:997,99,0,6
BRDA:997,99,1,4
BRDA:1001,100,0,6
BRDA:1001,100,1,6
BRDA:1019,101,0,3
BRDA:1019,101,1,2
BRDA:1074,102,0,113
BRDA:1074,102,1,4
BRDA:1089,103,0,40
BRDA:1089,103,1,77
BRDA:1108,104,0,3
BRDA:1108,104,1,114
BRDA:1127,105,0,2
BRDA:1127,105,1,9
BRDA:1133,106,0,11
BRDA:1133,106,1,0
BRDA:1156,107,0,101
BRDA:1156,107,1,16
BRDA:1156,108,0,117
BRDA:1156,108,1,115
BRDA:1172,109,0,14
BRDA:1172,109,1,103
BRDA:1172,110,0,117
BRDA:1172,110,1,115
BRDA:1191,111,0,4
BRDA:1191,111,1,0
BRDA:1194,112,0,0
BRDA:1204,113,0,4
BRDA:1204,113,1,10
BRDA:1264,114,0,0
BRDA:1264,114,1,0
BRDA:1264,115,0,0
BRDA:1264,115,1,0
BRDA:1264,116,0,0
BRDA:1264,116,1,0
BRDA:1264,117,0,0
BRDA:1264,117,1,0
BRDA:1298,118,0,0
BRDA:1298,118,1,0
BRDA:1298,119,0,0
BRDA:1298,119,1,0
BRDA:1319,120,0,112
BRDA:1319,120,1,5
BRDA:1415,121,0,0
BRDA:1415,122,0,0
BRDA:1415,122,1,0
BRDA:1421,123,0,2
BRDA:1421,123,1,115
BRDA:1421,124,0,117
BRDA:1421,124,1,117
BRDA:1423,125,0,2
BRDA:1423,125,1,115
BRDA:1423,126,0,117
BRDA:1423,126,1,117
BRDA:1439,127,0,1
BRDA:1439,127,1,116
BRDA:1457,128,0,0
BRDA:1457,129,0,0
BRDA:1457,129,1,0
BRDA:1479,130,0,0
BRDA:1479,130,1,117
BRDA:1494,131,0,0
BRDA:1494,131,1,0
BRDA:1497,132,0,0
BRDA:1497,132,1,0
BRDA:1497,133,0,0
BRDA:1497,133,1,0
BRDA:1512,134,0,0
BRDA:1512,134,1,0
BRDA:1512,135,0,0
BRDA:1512,135,1,0
BRDA:1517,136,0,0
BRDA:1517,136,1,0
BRDA:1529,137,0,0
BRDA:1529,137,1,0
BRDA:1541,138,0,0
BRDA:1541,138,1,0
BRDA:1541,139,0,0
BRDA:1541,139,1,0
BRDA:1562,140,0,77
BRDA:1562,140,1,40
BRDA:1618,141,0,37
BRDA:1618,141,1,80
BRDA:1626,142,0,0
BRDA:1626,142,1,37
BRDA:1635,143,0,37
BRDA:1635,143,1,0
BRDA:1635,144,0,37
BRDA:1635,144,1,37
BRDA:1639,145,0,37
BRDA:1639,145,1,0
BRDA:1639,146,0,37
BRDA:1639,146,1,37
BRDA:1659,147,0,0
BRDA:1660,148,0,0
BRDA:1660,148,1,0
BRDA:1692,149,0,0
BRDA:1693,150,0,0
BRDA:1693,150,1,0
BRDA:1733,151,0,0
BRDA:1734,152,0,0
BRDA:1734,152,1,0
BRDA:1766,153,0,0
BRDA:1767,154,0,0
BRDA:1767,154,1,0
BRDA:1791,155,0,2
BRDA:1791,155,1,115
BRDA:1812,156,0,0
BRDA:1827,157,0,4
BRDA:1827,157,1,0
BRDA:1827,158,0,4
BRDA:1827,158,1,4
BRDA:1833,159,0,0
BRDA:1834,160,0,0
BRDA:1834,160,1,0
BRDA:1846,161,0,0
BRDA:1846,161,1,4
BRDA:1854,162,0,4
BRDA:1854,162,1,0
BRDA:1854,163,0,4
BRDA:1854,163,1,4
BRDA:1861,164,0,4
BRDA:1861,164,1,0
BRDA:1861,165,0,4
BRDA:1861,165,1,4
BRDA:1869,166,0,0
BRDA:1869,166,1,2
BRDA:1893,167,0,115
BRDA:1893,167,1,2
BRDA:1912,168,0,0
BRDA:1912,168,1,1
BRDA:1916,169,0,0
BRDA:1917,170,0,0
BRDA:1917,170,1,0
BRDA:1922,171,0,0
BRDA:1922,171,1,0
BRDA:1933,172,0,1
BRDA:1933,172,1,229
BRDA:1948,173,0,0
BRDA:1948,173,1,3
BRDA:1974,174,0,0
BRDA:1975,175,0,0
BRDA:1975,175,1,0
BRDA:2035,176,0,11
BRDA:2035,176,1,106
BRDA:2038,177,0,11
BRDA:2038,177,1,106
BRDA:2041,178,0,11
BRDA:2041,178,1,0
BRDA:2041,179,0,11
BRDA:2041,179,1,11
BRDA:2054,180,0,11
BRDA:2054,180,1,106
BRDA:2076,181,0,11
BRDA:2076,181,1,106
BRDA:2095,182,0,0
BRDA:2105,183,0,10
BRDA:2105,183,1,1
BRDA:2126,184,0,0
BRDA:2127,185,0,0
BRDA:2127,185,1,0
BRDA:2150,186,0,10
BRDA:2150,186,1,107
BRDA:2170,187,0,2
BRDA:2170,187,1,115
BRDA:2190,188,0,10
BRDA:2190,188,1,107
BRDA:2205,189,0,10
BRDA:2205,189,1,107
BRDA:2229,190,0,40
BRDA:2229,190,1,77
BRF:349
BRH:210
end_of_record
TN:
SF:app/react/backlog/useBacklogState.ts
FN:228,sprintTotalPoints
FN:245,findCurrentSprint
FN:247,(anonymous_3)
FN:268,calculateForecasting
FN:317,buildById
FN:331,sortSprintStories
FN:332,(anonymous_7)
FN:334,(anonymous_8)
FN:342,computeShowGraphPlaceholder
FN:355,createInitialState
FN:402,useBacklogState
FN:407,(anonymous_12)
FN:408,(anonymous_13)
FN:409,(anonymous_14)
FN:432,(anonymous_15)
FN:433,(anonymous_16)
FN:434,(anonymous_17)
FN:448,(anonymous_18)
FN:449,(anonymous_19)
FN:450,(anonymous_20)
FN:464,(anonymous_21)
FN:465,(anonymous_22)
FN:466,(anonymous_23)
FN:474,(anonymous_24)
FN:475,(anonymous_25)
FN:488,(anonymous_26)
FN:507,(anonymous_27)
FN:508,(anonymous_28)
FN:508,(anonymous_29)
FN:513,(anonymous_30)
FN:514,(anonymous_31)
FN:514,(anonymous_32)
FN:519,(anonymous_33)
FN:520,(anonymous_34)
FN:520,(anonymous_35)
FN:525,(anonymous_36)
FN:526,(anonymous_37)
FN:526,(anonymous_38)
FN:534,(anonymous_39)
FN:539,(anonymous_40)
FN:540,(anonymous_41)
FN:556,(anonymous_42)
FN:557,(anonymous_43)
FN:558,(anonymous_44)
FN:564,(anonymous_45)
FN:565,(anonymous_46)
FN:565,(anonymous_47)
FN:572,(anonymous_48)
FN:573,(anonymous_49)
FN:573,(anonymous_50)
FN:578,(anonymous_51)
FN:579,(anonymous_52)
FN:579,(anonymous_53)
FN:585,(anonymous_54)
FN:586,(anonymous_55)
FN:587,(anonymous_56)
FN:594,(anonymous_57)
FN:598,(anonymous_58)
FN:608,(anonymous_59)
FN:609,(anonymous_60)
FN:610,(anonymous_61)
FN:621,(anonymous_62)
FN:622,(anonymous_63)
FN:623,(anonymous_64)
FN:634,(anonymous_65)
FN:640,(anonymous_66)
FN:641,(anonymous_67)
FN:642,(anonymous_68)
FN:643,(anonymous_69)
FN:648,(anonymous_70)
FN:653,(anonymous_71)
FN:654,(anonymous_72)
FN:655,(anonymous_73)
FN:660,(anonymous_74)
FN:666,(anonymous_75)
FN:667,(anonymous_76)
FN:668,(anonymous_77)
FN:699,(anonymous_78)
FN:700,(anonymous_79)
FN:701,(anonymous_80)
FN:729,(anonymous_81)
FN:730,(anonymous_82)
FN:731,(anonymous_83)
FN:738,(anonymous_84)
FN:739,(anonymous_85)
FN:739,(anonymous_86)
FN:747,(anonymous_87)
FNF:87
FNH:87
FNDA:159,sprintTotalPoints
FNDA:126,findCurrentSprint
FNDA:127,(anonymous_3)
FNDA:159,calculateForecasting
FNDA:152,buildById
FNDA:152,sortSprintStories
FNDA:140,(anonymous_7)
FNDA:16,(anonymous_8)
FNDA:139,computeShowGraphPlaceholder
FNDA:137,createInitialState
FNDA:567,useBacklogState
FNDA:139,(anonymous_12)
FNDA:139,(anonymous_13)
FNDA:139,(anonymous_14)
FNDA:123,(anonymous_15)
FNDA:123,(anonymous_16)
FNDA:123,(anonymous_17)
FNDA:7,(anonymous_18)
FNDA:7,(anonymous_19)
FNDA:7,(anonymous_20)
FNDA:152,(anonymous_21)
FNDA:152,(anonymous_22)
FNDA:152,(anonymous_23)
FNDA:196,(anonymous_24)
FNDA:196,(anonymous_25)
FNDA:196,(anonymous_26)
FNDA:142,(anonymous_27)
FNDA:142,(anonymous_28)
FNDA:142,(anonymous_29)
FNDA:1,(anonymous_30)
FNDA:1,(anonymous_31)
FNDA:1,(anonymous_32)
FNDA:1,(anonymous_33)
FNDA:1,(anonymous_34)
FNDA:1,(anonymous_35)
FNDA:107,(anonymous_36)
FNDA:107,(anonymous_37)
FNDA:107,(anonymous_38)
FNDA:123,(anonymous_39)
FNDA:123,(anonymous_40)
FNDA:123,(anonymous_41)
FNDA:108,(anonymous_42)
FNDA:108,(anonymous_43)
FNDA:108,(anonymous_44)
FNDA:3,(anonymous_45)
FNDA:3,(anonymous_46)
FNDA:3,(anonymous_47)
FNDA:4,(anonymous_48)
FNDA:4,(anonymous_49)
FNDA:4,(anonymous_50)
FNDA:12,(anonymous_51)
FNDA:12,(anonymous_52)
FNDA:12,(anonymous_53)
FNDA:3,(anonymous_54)
FNDA:3,(anonymous_55)
FNDA:3,(anonymous_56)
FNDA:3,(anonymous_57)
FNDA:2,(anonymous_58)
FNDA:155,(anonymous_59)
FNDA:154,(anonymous_60)
FNDA:154,(anonymous_61)
FNDA:11,(anonymous_62)
FNDA:11,(anonymous_63)
FNDA:11,(anonymous_64)
FNDA:15,(anonymous_65)
FNDA:5,(anonymous_66)
FNDA:5,(anonymous_67)
FNDA:5,(anonymous_68)
FNDA:6,(anonymous_69)
FNDA:1,(anonymous_70)
FNDA:3,(anonymous_71)
FNDA:3,(anonymous_72)
FNDA:3,(anonymous_73)
FNDA:4,(anonymous_74)
FNDA:7,(anonymous_75)
FNDA:7,(anonymous_76)
FNDA:7,(anonymous_77)
FNDA:24,(anonymous_78)
FNDA:24,(anonymous_79)
FNDA:24,(anonymous_80)
FNDA:7,(anonymous_81)
FNDA:7,(anonymous_82)
FNDA:7,(anonymous_83)
FNDA:9,(anonymous_84)
FNDA:9,(anonymous_85)
FNDA:9,(anonymous_86)
FNDA:533,(anonymous_87)
DA:33,7
DA:34,7
DA:35,7
DA:36,7
DA:228,7
DA:229,159
DA:230,159
DA:231,8
DA:232,5
DA:235,159
DA:245,7
DA:246,126
DA:247,126
DA:248,127
DA:249,127
DA:250,127
DA:252,126
DA:268,7
DA:273,159
DA:276,159
DA:278,159
DA:279,159
DA:280,159
DA:281,159
DA:283,159
DA:284,157
DA:287,157
DA:288,1
DA:290,156
DA:294,159
DA:295,176
DA:296,176
DA:297,176
DA:298,176
DA:300,176
DA:301,1
DA:305,159
DA:318,152
DA:319,152
DA:320,140
DA:322,152
DA:332,152
DA:334,16
DA:343,139
DA:355,7
DA:356,137
DA:402,7
DA:403,567
DA:407,567
DA:408,139
DA:409,139
DA:410,139
DA:412,139
DA:413,1
DA:414,1
DA:419,138
DA:420,138
DA:424,138
DA:431,567
DA:433,123
DA:434,123
DA:435,123
DA:436,123
DA:437,123
DA:438,123
DA:439,123
DA:440,123
DA:447,567
DA:449,7
DA:450,7
DA:451,7
DA:452,7
DA:453,7
DA:454,7
DA:463,567
DA:465,152
DA:466,152
DA:471,152
DA:472,152
DA:474,196
DA:475,196
DA:477,152
DA:478,152
DA:479,152
DA:480,196
DA:481,1
DA:483,196
DA:486,152
DA:487,152
DA:488,196
DA:489,152
DA:490,152
DA:492,152
DA:493,4
DA:494,4
DA:496,148
DA:499,152
DA:500,152
DA:507,567
DA:508,142
DA:509,142
DA:513,567
DA:514,1
DA:515,1
DA:519,567
DA:520,1
DA:521,1
DA:525,567
DA:526,107
DA:527,107
DA:533,567
DA:539,123
DA:540,123
DA:541,123
DA:542,123
DA:543,123
DA:556,567
DA:557,108
DA:558,108
DA:559,108
DA:564,567
DA:565,3
DA:566,3
DA:572,567
DA:573,4
DA:574,4
DA:578,567
DA:579,12
DA:580,12
DA:584,567
DA:586,3
DA:587,3
DA:588,3
DA:589,3
DA:591,3
DA:593,1
DA:594,3
DA:598,2
DA:599,2
DA:607,567
DA:609,155
DA:610,154
DA:611,154
DA:612,154
DA:621,567
DA:622,11
DA:623,11
DA:624,11
DA:625,11
DA:627,11
DA:628,11
DA:629,11
DA:630,11
DA:631,11
DA:633,11
DA:634,15
DA:640,567
DA:641,5
DA:642,5
DA:643,6
DA:644,5
DA:645,5
DA:648,5
DA:653,567
DA:654,3
DA:655,3
DA:656,3
DA:657,3
DA:660,4
DA:665,567
DA:667,7
DA:668,7
DA:671,7
DA:672,7
DA:673,6
DA:676,7
DA:677,7
DA:678,2
DA:679,2
DA:683,7
DA:684,1
DA:685,1
DA:686,1
DA:698,567
DA:700,24
DA:701,24
DA:702,24
DA:703,24
DA:705,24
DA:706,4
DA:707,4
DA:709,4
DA:710,3
DA:711,3
DA:712,3
DA:713,9
DA:716,1
DA:719,20
DA:722,24
DA:729,567
DA:730,7
DA:731,7
DA:732,7
DA:733,7
DA:738,567
DA:739,9
DA:740,9
DA:746,567
DA:747,533
LF:209
LH:209
BRDA:231,0,0,5
BRDA:232,1,0,5
BRDA:232,1,1,1
BRDA:250,2,0,127
BRDA:250,2,1,127
BRDA:252,3,0,4
BRDA:252,3,1,122
BRDA:252,4,0,126
BRDA:252,4,1,126
BRDA:283,5,0,157
BRDA:283,6,0,159
BRDA:283,6,1,159
BRDA:287,7,0,1
BRDA:287,7,1,156
BRDA:287,8,0,157
BRDA:287,8,1,156
BRDA:295,9,0,176
BRDA:295,9,1,0
BRDA:300,10,0,1
BRDA:300,11,0,176
BRDA:300,11,1,171
BRDA:344,12,0,139
BRDA:344,12,1,138
BRDA:344,12,2,137
BRDA:412,13,0,1
BRDA:419,14,0,138
BRDA:419,14,1,2
BRDA:420,15,0,137
BRDA:420,15,1,1
BRDA:471,16,0,149
BRDA:471,16,1,3
BRDA:480,17,0,1
BRDA:489,18,0,147
BRDA:489,18,1,5
BRDA:492,19,0,4
BRDA:492,19,1,148
BRDA:591,20,0,1
BRDA:591,20,1,2
BRDA:633,21,0,11
BRDA:645,22,0,1
BRDA:645,22,1,4
BRDA:657,23,0,3
BRDA:657,23,1,0
BRDA:672,24,0,6
BRDA:678,25,0,2
BRDA:685,26,0,1
BRDA:705,27,0,4
BRDA:705,27,1,20
BRDA:705,28,0,24
BRDA:705,28,1,5
BRDA:709,29,0,3
BRDA:709,29,1,1
BRDA:709,30,0,4
BRDA:709,30,1,4
BRF:54
BRH:52
end_of_record
TN:
SF:app/react/host/ErrorBoundary.tsx
FN:39,(anonymous_0)
FN:46,(anonymous_1)
FN:54,(anonymous_2)
FN:59,(anonymous_3)
FNF:4
FNH:4
FNDA:19,(anonymous_0)
FNDA:8,(anonymous_1)
FNDA:4,(anonymous_2)
FNDA:27,(anonymous_3)
DA:9,6
DA:39,6
DA:40,17
DA:47,8
DA:56,4
DA:60,27
DA:63,8
DA:72,19
LF:8
LH:8
BRDA:60,0,0,8
BRF:1
BRH:1
end_of_record
TN:
SF:app/react/host/defineElement.tsx
FN:63,parseProjectId
FN:93,defineElement
FN:94,(anonymous_2)
FN:99,(anonymous_3)
FN:103,(anonymous_4)
FN:110,(anonymous_5)
FN:118,(anonymous_6)
FN:124,(anonymous_7)
FN:134,(anonymous_8)
FNF:9
FNH:9
FNDA:26,parseProjectId
FNDA:12,defineElement
FNDA:10,(anonymous_2)
FNDA:11,(anonymous_3)
FNDA:9,(anonymous_4)
FNDA:8,(anonymous_5)
FNDA:9,(anonymous_6)
FNDA:11,(anonymous_7)
FNDA:11,(anonymous_8)
DA:9,5
DA:13,5
DA:38,5
DA:63,5
DA:64,26
DA:65,4
DA:68,22
DA:69,22
DA:70,6
DA:73,16
DA:76,16
DA:93,5
DA:94,12
DA:96,10
DA:100,11
DA:104,9
DA:105,9
DA:107,9
DA:113,8
DA:114,2
DA:119,9
DA:120,9
DA:125,11
DA:135,11
LF:24
LH:24
BRDA:64,0,0,4
BRDA:64,1,0,26
BRDA:64,1,1,22
BRDA:69,2,0,6
BRDA:76,3,0,10
BRDA:76,3,1,6
BRDA:76,4,0,16
BRDA:76,4,1,13
BRDA:104,5,0,9
BRDA:113,6,0,2
BRDA:119,7,0,0
BRDA:119,7,1,9
BRDA:119,8,0,9
BRDA:119,8,1,9
BRDA:130,9,0,1
BRDA:130,9,1,10
BRDA:130,10,0,11
BRDA:130,10,1,11
BRDA:135,11,0,0
BRDA:135,11,1,11
BRDA:135,12,0,11
BRDA:135,12,1,11
BRF:22
BRH:20
end_of_record
TN:
SF:app/react/kanban/Card.tsx
FN:66,unnamedAvatarUrl
FN:110,userLabel
FN:117,Card
FN:163,(anonymous_3)
FN:167,(anonymous_4)
FN:173,(anonymous_5)
FN:179,(anonymous_6)
FN:196,(anonymous_7)
FN:200,(anonymous_8)
FN:212,(anonymous_9)
FN:217,(anonymous_10)
FN:225,(anonymous_11)
FN:299,(anonymous_12)
FN:307,(anonymous_13)
FN:308,(anonymous_14)
FN:310,(anonymous_15)
FN:311,(anonymous_16)
FN:312,(anonymous_17)
FN:312,(anonymous_18)
FN:314,(anonymous_19)
FN:335,(anonymous_20)
FN:363,(anonymous_21)
FN:367,(anonymous_22)
FN:372,(anonymous_23)
FN:431,(anonymous_24)
FN:457,(anonymous_25)
FN:459,(anonymous_26)
FN:503,(anonymous_27)
FN:521,(anonymous_28)
FN:542,(anonymous_29)
FN:570,(anonymous_30)
FN:596,(anonymous_31)
FN:630,(anonymous_32)
FN:671,(anonymous_33)
FN:824,(anonymous_34)
FN:861,(anonymous_35)
FN:866,(anonymous_36)
FNF:37
FNH:36
FNDA:72,unnamedAvatarUrl
FNDA:82,userLabel
FNDA:108,Card
FNDA:96,(anonymous_3)
FNDA:1,(anonymous_4)
FNDA:12,(anonymous_5)
FNDA:96,(anonymous_6)
FNDA:96,(anonymous_7)
FNDA:0,(anonymous_8)
FNDA:12,(anonymous_9)
FNDA:1,(anonymous_10)
FNDA:5,(anonymous_11)
FNDA:5,(anonymous_12)
FNDA:1119,(anonymous_13)
FNDA:21,(anonymous_14)
FNDA:124,(anonymous_15)
FNDA:82,(anonymous_16)
FNDA:63,(anonymous_17)
FNDA:123,(anonymous_18)
FNDA:108,(anonymous_19)
FNDA:108,(anonymous_20)
FNDA:23,(anonymous_21)
FNDA:41,(anonymous_22)
FNDA:41,(anonymous_23)
FNDA:21,(anonymous_24)
FNDA:12,(anonymous_25)
FNDA:12,(anonymous_26)
FNDA:3,(anonymous_27)
FNDA:2,(anonymous_28)
FNDA:2,(anonymous_29)
FNDA:1,(anonymous_30)
FNDA:22,(anonymous_31)
FNDA:1,(anonymous_32)
FNDA:61,(anonymous_33)
FNDA:41,(anonymous_34)
FNDA:1,(anonymous_35)
FNDA:2,(anonymous_36)
DA:9,9
DA:10,9
DA:12,9
DA:13,9
DA:14,9
DA:15,9
DA:16,9
DA:17,9
DA:18,9
DA:40,9
DA:41,9
DA:53,9
DA:54,9
DA:55,9
DA:56,9
DA:68,72
DA:72,72
DA:73,72
DA:111,82
DA:112,0
DA:114,82
DA:117,9
DA:134,108
DA:136,108
DA:137,108
DA:145,108
DA:146,108
DA:147,108
DA:156,108
DA:157,108
DA:163,108
DA:164,96
DA:165,84
DA:167,12
DA:168,1
DA:171,1
DA:173,12
DA:179,108
DA:180,96
DA:181,84
DA:183,12
DA:184,12
DA:185,12
DA:196,108
DA:197,96
DA:198,84
DA:200,12
DA:201,0
DA:202,0
DA:207,0
DA:209,0
DA:211,12
DA:212,12
DA:213,12
DA:217,108
DA:218,1
DA:219,1
DA:220,1
DA:225,108
DA:228,5
DA:232,5
DA:233,0
DA:235,5
DA:236,5
DA:238,1
DA:239,1
DA:240,1
DA:241,1
DA:242,1
DA:245,1
DA:246,1
DA:248,1
DA:249,1
DA:250,1
DA:253,1
DA:254,1
DA:255,1
DA:256,1
DA:259,1
DA:260,1
DA:261,1
DA:262,1
DA:265,1
DA:266,1
DA:267,1
DA:268,1
DA:272,0
DA:273,0
DA:276,0
DA:281,108
DA:291,108
DA:299,108
DA:300,5
DA:301,2
DA:302,2
DA:307,1119
DA:308,108
DA:309,108
DA:310,124
DA:311,108
DA:312,123
DA:314,108
DA:315,108
DA:316,108
DA:318,108
DA:319,0
DA:320,0
DA:321,0
DA:323,0
DA:324,0
DA:327,108
DA:328,87
DA:330,108
DA:331,88
DA:333,108
DA:335,108
DA:346,108
DA:347,108
DA:348,108
DA:349,108
DA:353,108
DA:363,108
DA:364,23
DA:367,108
DA:368,41
DA:372,108
DA:373,41
DA:381,41
DA:386,108
DA:391,108
DA:397,108
DA:405,108
DA:410,108
DA:411,108
DA:413,108
DA:415,108
DA:432,21
DA:458,12
DA:459,12
DA:504,3
DA:505,3
DA:506,3
DA:522,2
DA:523,2
DA:524,2
DA:543,2
DA:544,2
DA:545,2
DA:571,1
DA:572,1
DA:573,1
DA:597,22
DA:631,1
DA:672,61
DA:824,41
DA:862,1
DA:863,1
DA:867,2
DA:873,2
DA:874,2
DA:875,2
LF:161
LH:147
BRDA:68,0,0,72
BRDA:68,0,1,0
BRDA:72,1,0,0
BRDA:72,1,1,72
BRDA:72,2,0,72
BRDA:72,2,1,0
BRDA:111,3,0,0
BRDA:114,4,0,82
[...]
DA:234,8
LF:55
LH:48
BRDA:80,0,0,2
BRDA:80,0,1,3
BRDA:83,1,0,4
BRDA:99,2,0,14
BRDA:99,2,1,9
BRDA:102,3,0,4
BRDA:102,3,1,0
BRDA:142,4,0,1
BRDA:148,5,0,2
BRDA:148,6,0,11
BRDA:148,6,1,10
BRDA:155,7,0,0
BRDA:155,8,0,37
BRDA:155,8,1,37
BRDA:158,9,0,18
BRDA:158,10,0,37
BRDA:158,10,1,28
BRDA:162,11,0,0
BRDA:165,12,0,8
BRDA:165,12,1,9
BRDA:165,12,2,2
BRDA:165,12,3,0
BRDA:165,12,4,0
BRDA:167,13,0,6
BRDA:170,14,0,9
BRDA:173,15,0,2
BRDA:176,16,0,0
BRDA:183,17,0,1
BRDA:196,18,0,0
BRDA:209,19,0,1
BRDA:209,20,0,8
BRDA:209,20,1,1
BRDA:209,21,0,6
BRDA:209,21,1,2
BRDA:209,22,0,8
BRDA:209,22,1,2
BRDA:214,23,0,0
BRDA:233,24,0,8
BRDA:233,24,1,4
BRDA:235,25,0,7
BRDA:235,25,1,1
BRDA:236,26,0,7
BRDA:236,26,1,1
BRF:43
BRH:35
end_of_record
TN:
SF:app/react/shared/duedate/dueDate.ts
FN:61,getDefaultAppearance
FN:65,(anonymous_2)
FN:88,getDueDateStatus
FN:102,(anonymous_4)
FN:106,(anonymous_5)
FN:123,dueDateColor
FN:137,dueDateTitle
FNF:7
FNH:7
FNDA:63,getDefaultAppearance
FNDA:179,(anonymous_2)
FNDA:65,getDueDateStatus
FNDA:173,(anonymous_4)
FNDA:179,(anonymous_5)
FNDA:33,dueDateColor
FNDA:32,dueDateTitle
DA:9,17
DA:48,17
DA:55,17
DA:64,63
DA:65,63
DA:66,179
DA:67,63
DA:70,63
DA:88,17
DA:93,65
DA:94,2
DA:97,63
DA:101,63
DA:102,173
DA:105,63
DA:106,63
DA:107,179
DA:108,63
DA:110,116
DA:111,116
DA:112,109
DA:116,63
DA:123,17
DA:128,33
DA:137,17
DA:142,32
DA:143,1
DA:146,31
DA:147,31
DA:148,31
DA:149,31
DA:151,0
LF:32
LH:31
BRDA:66,0,0,63
BRDA:90,1,0,0
BRDA:91,2,0,0
BRDA:93,3,0,2
BRDA:102,4,0,57
BRDA:102,4,1,116
BRDA:102,5,0,173
BRDA:102,5,1,57
BRDA:102,6,0,173
BRDA:102,6,1,0
BRDA:102,7,0,173
BRDA:102,7,1,173
BRDA:107,8,0,63
BRDA:111,9,0,109
BRDA:125,10,0,25
BRDA:126,11,0,27
BRDA:128,12,0,32
BRDA:128,12,1,1
BRDA:128,13,0,33
BRDA:128,13,1,33
BRDA:128,14,0,1
BRDA:128,14,1,32
BRDA:128,15,0,33
BRDA:128,15,1,32
BRDA:139,16,0,26
BRDA:140,17,0,28
BRDA:142,18,0,1
BRDA:148,19,0,31
BRDA:148,20,0,0
BRDA:148,20,1,31
BRDA:148,21,0,31
BRDA:148,21,1,31
BRF:32
BRH:28
end_of_record
TN:
SF:app/react/shared/emoji/emojify.ts
FN:72,emojiEntryToUnicode
FN:120,buildEmojiMap
FN:148,getEmojiMap
FN:170,emojify
FN:184,(anonymous_4)
FNF:5
FNH:5
FNDA:23,emojiEntryToUnicode
FNDA:7,buildEmojiMap
FNDA:22,getEmojiMap
FNDA:129,emojify
FNDA:7,(anonymous_4)
DA:62,9
DA:72,9
DA:73,23
DA:74,4
DA:77,19
DA:78,19
DA:79,1
DA:83,18
DA:84,18
DA:85,18
DA:86,0
DA:89,18
DA:90,18
DA:91,18
DA:94,22
DA:95,2
DA:97,20
DA:98,20
DA:99,0
DA:101,20
DA:104,16
DA:105,0
DA:108,16
DA:109,16
DA:111,0
DA:120,9
DA:121,7
DA:122,7
DA:123,3
DA:125,4
DA:126,18
DA:127,1
DA:129,17
DA:130,17
DA:131,16
DA:134,4
DA:140,9
DA:148,9
DA:149,22
DA:150,22
DA:151,3
DA:152,3
DA:154,22
DA:170,9
DA:171,129
DA:172,121
DA:174,8
DA:176,8
DA:177,8
DA:178,6
DA:179,6
DA:181,8
DA:182,2
DA:184,6
DA:185,7
DA:186,7
LF:56
LH:52
BRDA:73,0,0,4
BRDA:73,1,0,23
BRDA:73,1,1,4
BRDA:78,2,0,1
BRDA:78,3,0,19
BRDA:78,3,1,18
BRDA:83,4,0,18
BRDA:83,4,1,0
BRDA:83,5,0,18
BRDA:83,5,1,18
BRDA:85,6,0,0
BRDA:94,7,0,2
BRDA:98,8,0,0
BRDA:98,9,0,20
BRDA:98,9,1,20
BRDA:98,9,2,20
BRDA:104,10,0,0
BRDA:122,11,0,3
BRDA:126,12,0,1
BRDA:126,13,0,18
BRDA:126,13,1,18
BRDA:126,13,2,18
BRDA:130,14,0,16
BRDA:149,15,0,22
BRDA:149,15,1,0
BRDA:150,16,0,3
BRDA:171,17,0,121
BRDA:171,18,0,129
BRDA:171,18,1,129
BRDA:171,18,2,129
BRDA:174,19,0,6
BRDA:174,19,1,2
BRDA:174,20,0,8
BRDA:174,20,1,8
BRDA:181,21,0,2
BRDA:186,22,0,6
BRDA:186,22,1,1
BRF:37
BRH:32
end_of_record
TN:
SF:app/react/shared/events/websocket.ts
FN:95,(anonymous_0)
FN:362,(anonymous_1)
FN:394,(anonymous_2)
FN:412,(anonymous_3)
FN:421,(anonymous_4)
FN:107,(anonymous_5)
FN:112,(anonymous_6)
FN:142,(anonymous_7)
FN:152,(anonymous_8)
FN:162,(anonymous_9)
FN:188,(anonymous_10)
FN:213,(anonymous_11)
FN:238,(anonymous_12)
FN:247,(anonymous_13)
FN:259,(anonymous_14)
FN:268,(anonymous_15)
FN:276,(anonymous_16)
FN:286,(anonymous_17)
FN:300,(anonymous_18)
FN:313,(anonymous_19)
FN:331,(anonymous_20)
FN:338,(anonymous_21)
FN:344,(anonymous_22)
FN:352,(anonymous_23)
FN:440,createEventsClient
FNF:25
FNH:25
FNDA:30,(anonymous_0)
FNDA:21,(anonymous_1)
FNDA:7,(anonymous_2)
FNDA:7,(anonymous_3)
FNDA:3,(anonymous_4)
FNDA:28,(anonymous_5)
FNDA:14,(anonymous_6)
FNDA:2,(anonymous_7)
FNDA:31,(anonymous_8)
FNDA:36,(anonymous_9)
FNDA:67,(anonymous_10)
FNDA:36,(anonymous_11)
FNDA:21,(anonymous_12)
FNDA:9,(anonymous_13)
FNDA:36,(anonymous_14)
FNDA:1,(anonymous_15)
FNDA:19,(anonymous_16)
FNDA:40,(anonymous_17)
FNDA:15,(anonymous_18)
FNDA:5,(anonymous_19)
FNDA:40,(anonymous_20)
FNDA:9,(anonymous_21)
FNDA:7,(anonymous_22)
FNDA:9,(anonymous_23)
FNDA:30,createEventsClient
DA:9,5
DA:14,5
DA:15,5
DA:90,5
DA:91,5
DA:93,5
DA:96,30
DA:97,30
DA:98,30
DA:99,30
DA:100,30
DA:101,30
DA:102,30
DA:103,30
DA:104,30
DA:105,30
DA:108,28
DA:109,28
DA:117,14
DA:118,1
DA:125,13
DA:126,13
DA:127,1
DA:129,13
DA:137,13
DA:138,10
DA:143,2
DA:144,1
DA:147,1
DA:149,1
DA:153,31
DA:154,31
DA:155,31
DA:163,36
DA:165,36
DA:169,36
DA:170,2
DA:174,34
DA:175,1
DA:178,33
DA:180,33
DA:181,33
DA:182,33
DA:183,33
DA:184,33
DA:185,33
DA:189,67
DA:190,67
DA:191,34
DA:194,33
DA:195,33
DA:196,33
DA:197,33
DA:199,33
DA:200,33
DA:201,33
DA:214,36
DA:215,36
DA:216,2
DA:219,34
DA:220,32
DA:223,2
DA:224,0
DA:227,2
DA:228,2
DA:229,2
DA:231,2
DA:239,21
DA:240,0
DA:243,21
DA:244,21
DA:246,21
DA:247,21
DA:248,9
DA:250,1
DA:251,1
DA:254,8
DA:255,8
DA:260,36
DA:261,15
DA:264,21
DA:265,21
DA:269,1
DA:277,19
DA:278,19
DA:287,40
DA:288,0
DA:291,40
DA:292,40
DA:294,40
DA:295,45
DA:301,15
DA:306,15
DA:307,1
DA:310,15
DA:314,5
DA:315,5
DA:316,1
DA:319,4
DA:320,4
DA:321,2
DA:324,2
DA:332,40
DA:333,2
DA:334,2
DA:339,9
DA:340,0
DA:343,9
DA:344,9
DA:345,7
DA:346,7
DA:347,7
DA:353,9
DA:354,9
DA:355,9
DA:362,30
DA:363,21
DA:373,21
DA:377,21
DA:384,21
DA:385,5
DA:390,21
DA:391,21
DA:394,30
DA:396,7
DA:399,7
DA:400,7
DA:402,1
DA:405,6
DA:406,1
DA:408,5
DA:412,30
DA:413,7
DA:414,7
DA:416,7
DA:417,6
DA:421,30
DA:422,3
DA:423,3
DA:425,3
DA:426,3
DA:440,5
DA:441,30
LF:143
LH:139
BRDA:396,0,0,7
BRDA:396,0,1,0
BRDA:405,1,0,1
BRDA:405,1,1,5
BRDA:416,2,0,6
BRDA:416,3,0,7
BRDA:416,3,1,7
BRDA:425,4,0,3
BRDA:425,5,0,3
BRDA:425,5,1,3
BRDA:117,6,0,1
BRDA:126,7,0,1
BRDA:137,8,0,10
BRDA:137,9,0,13
BRDA:137,9,1,10
BRDA:143,10,0,1
BRDA:169,11,0,2
BRDA:174,12,0,1
BRDA:190,13,0,34
BRDA:215,14,0,2
BRDA:219,15,0,32
BRDA:219,16,0,34
BRDA:219,16,1,3
BRDA:223,17,0,0
BRDA:223,18,0,2
BRDA:223,18,1,2
BRDA:228,19,0,1
BRDA:228,19,1,1
BRDA:239,20,0,0
BRDA:248,21,0,1
BRDA:260,22,0,15
BRDA:287,23,0,0
BRDA:287,24,0,40
BRDA:287,24,1,40
BRDA:306,25,0,1
BRDA:315,26,0,1
BRDA:320,27,0,2
BRDA:332,28,0,2
BRDA:339,29,0,0
BRDA:346,30,0,7
BRF:40
BRH:35
end_of_record
TN:
SF:app/react/shared/i18n/translate.ts
FN:105,resolveTranslate
FN:151,interpolate
FN:155,(anonymous_2)
FN:166,localizedTemplate
FN:207,t
FN:216,__resetTranslateCacheForTests
FNF:6
FNH:6
FNDA:28659,resolveTranslate
FNDA:28659,interpolate
FNDA:2712,(anonymous_2)
FNDA:28659,localizedTemplate
FNDA:28659,t
FNDA:11,__resetTranslateCacheForTests
DA:86,32
DA:87,32
DA:90,32
DA:98,32
DA:106,28659
DA:107,1
DA:109,28658
DA:110,0
DA:112,28658
DA:113,28658
DA:114,28652
DA:119,6
DA:120,6
DA:121,6
DA:122,0
DA:125,6
DA:126,6
DA:128,0
DA:130,6
DA:136,6
DA:137,6
DA:138,6
DA:139,6
DA:143,0
DA:152,28659
DA:153,26408
DA:155,2251
DA:156,2712
DA:167,28659
DA:168,28659
DA:169,28652
DA:171,7
DA:172,7
DA:173,7
DA:174,5
DA:175,5
DA:179,2
DA:180,2
DA:181,3
DA:183,2
DA:184,2
DA:185,0
DA:187,2
DA:188,2
DA:189,3
DA:191,2
DA:193,0
DA:207,32
DA:208,28659
DA:209,28659
DA:216,32
DA:217,11
LF:52
LH:46
BRDA:106,0,0,1
BRDA:109,1,0,0
BRDA:113,2,0,28652
BRDA:113,3,0,28658
BRDA:113,3,1,7
BRDA:113,3,2,6
BRDA:121,4,0,0
BRDA:130,5,0,6
BRDA:131,6,0,6
BRDA:131,6,1,6
BRDA:131,6,2,6
BRDA:131,6,3,6
BRDA:137,7,0,6
BRDA:137,8,0,6
BRDA:137,8,1,6
BRDA:152,9,0,26408
BRDA:156,10,0,2711
BRDA:156,10,1,1
BRDA:168,11,0,28652
BRDA:172,12,0,2
BRDA:172,12,1,5
BRDA:173,13,0,5
BRDA:175,14,0,4
BRDA:175,14,1,1
BRDA:175,15,0,5
BRDA:175,15,1,5
BRDA:175,15,2,4
BRDA:184,16,0,0
BRDA:184,17,0,2
BRDA:184,17,1,2
BRDA:184,17,2,2
BRDA:208,18,0,6
BRDA:208,18,1,28653
BRDA:208,19,0,28659
BRDA:208,19,1,6
BRF:35
BRH:32
end_of_record
TN:
SF:app/react/shared/meta/appMeta.ts
FN:68,truncate
FN:90,hasDocument
FN:95,getHead
FN:108,logoImageUrl
FN:119,currentHref
FN:135,setMeta
FN:176,setTitle
FN:184,setDescription
FN:192,setTwitterMetas
FN:207,setOpenGraphMetas
FN:225,setAll
FNF:11
FNH:11
FNDA:688,truncate
FNDA:2941,hasDocument
FNDA:2941,getHead
FNDA:452,logoImageUrl
FNDA:226,currentHref
FNDA:2941,setMeta
FNDA:227,setTitle
FNDA:228,setDescription
FNDA:226,setTwitterMetas
FNDA:226,setOpenGraphMetas
FNDA:224,setAll
DA:48,9
DA:51,9
DA:54,9
DA:57,9
DA:68,9
DA:73,688
DA:75,3
DA:78,685
DA:80,685
DA:81,5
DA:82,5
DA:83,5
DA:86,685
DA:91,2941
DA:96,2941
DA:97,0
DA:99,2941
DA:109,452
DA:110,0
DA:112,452
DA:114,452
DA:115,452
DA:120,226
DA:121,0
DA:123,226
DA:136,2941
DA:137,0
DA:139,2941
DA:140,2941
DA:141,0
DA:146,2941
DA:148,2941
DA:149,227
DA:150,227
DA:151,4
DA:152,4
DA:154,227
DA:155,227
DA:158,2714
DA:159,2714
DA:162,2714
DA:163,2714
DA:164,115
DA:165,115
DA:166,54
DA:168,61
DA:170,115
DA:172,2714
DA:176,9
DA:177,227
DA:184,9
DA:185,228
DA:192,9
DA:193,226
DA:194,226
DA:195,226
DA:196,226
DA:200,226
DA:207,9
DA:208,226
DA:209,226
DA:210,226
DA:211,226
DA:215,226
DA:216,226
DA:225,9
DA:226,224
DA:227,224
DA:228,224
DA:229,224
LF:70
LH:65
BRDA:71,0,0,687
BRDA:73,1,0,3
BRDA:80,2,0,5
BRDA:91,3,0,2941
BRDA:91,3,1,2941
BRDA:96,4,0,0
BRDA:99,5,0,2941
BRDA:99,5,1,0
BRDA:99,6,0,2941
BRDA:99,6,1,2941
BRDA:99,7,0,2941
BRDA:99,7,1,0
BRDA:99,8,0,2941
BRDA:99,8,1,2941
BRDA:109,9,0,0
BRDA:112,10,0,452
BRDA:112,10,1,0
BRDA:112,11,0,452
BRDA:112,11,1,452
BRDA:112,12,0,0
BRDA:112,12,1,452
BRDA:112,13,0,452
BRDA:112,13,1,452
BRDA:114,14,0,12
BRDA:114,14,1,440
BRDA:114,15,0,452
BRDA:114,15,1,452
BRDA:120,16,0,0
BRDA:123,17,0,226
BRDA:123,17,1,0
BRDA:123,18,0,226
BRDA:123,18,1,226
BRDA:123,19,0,0
BRDA:123,19,1,226
BRDA:123,20,0,226
BRDA:123,20,1,226
BRDA:136,21,0,0
BRDA:140,22,0,0
BRDA:146,23,0,2941
BRDA:146,23,1,3
BRDA:148,24,0,227
BRDA:150,25,0,4
BRDA:159,26,0,1356
BRDA:159,26,1,1358
BRDA:163,27,0,115
BRDA:165,28,0,54
BRDA:165,28,1,61
BRF:47
BRH:36
end_of_record
TN:
SF:app/react/shared/nav/urls.ts
FN:54,resolveNavUrl
FN:68,projectUserStoryUrl
FN:76,projectEpicUrl
FN:81,projectTaskUrl
FN:94,projectTaskboardUrl
FN:105,projectAdminModulesUrl
FNF:6
FNH:6
FNDA:169,resolveNavUrl
FNDA:122,projectUserStoryUrl
FNDA:5,projectEpicUrl
FNDA:5,projectTaskUrl
FNDA:26,projectTaskboardUrl
FNDA:6,projectAdminModulesUrl
DA:26,16
DA:31,16
DA:54,16
DA:58,169
DA:59,169
DA:60,331
DA:62,169
DA:63,169
DA:64,169
DA:68,16
DA:72,122
DA:76,16
DA:77,5
DA:81,16
DA:82,5
DA:94,16
DA:98,26
DA:105,16
DA:106,6
LF:19
LH:19
BRDA:56,0,0,0
BRDA:63,1,0,168
BRDA:63,1,1,1
BRF:3
BRH:2
end_of_record
TN:
SF:app/react/shared/notifications/NotificationHost.tsx
FN:61,variantOf
FN:70,NotificationHost
FN:73,(anonymous_2)
FN:74,(anonymous_3)
FN:75,(anonymous_4)
FN:82,(anonymous_5)
FN:87,(anonymous_6)
FN:88,(anonymous_7)
FN:89,(anonymous_8)
FN:89,(anonymous_9)
FN:93,(anonymous_10)
FN:104,(anonymous_11)
FN:105,(anonymous_12)
FN:105,(anonymous_13)
FN:110,(anonymous_14)
FN:134,(anonymous_15)
FNF:16
FNH:16
FNDA:18,variantOf
FNDA:388,NotificationHost
FNDA:113,(anonymous_2)
FNDA:14,(anonymous_3)
FNDA:14,(anonymous_4)
FNDA:129,(anonymous_5)
FNDA:14,(anonymous_6)
FNDA:1,(anonymous_7)
FNDA:1,(anonymous_8)
FNDA:1,(anonymous_9)
FNDA:13,(anonymous_10)
FNDA:2,(anonymous_11)
FNDA:2,(anonymous_12)
FNDA:2,(anonymous_13)
FNDA:18,(anonymous_14)
FNDA:2,(anonymous_15)
DA:32,7
DA:35,7
DA:36,7
DA:39,7
DA:54,7
DA:62,18
DA:70,7
DA:71,388
DA:73,388
DA:74,113
DA:75,14
DA:77,113
DA:82,388
DA:83,129
DA:84,116
DA:87,13
DA:88,14
DA:89,1
DA:93,13
DA:94,13
DA:95,14
DA:100,388
DA:101,371
DA:104,17
DA:105,2
DA:108,17
DA:111,18
DA:112,18
DA:135,2
LF:29
LH:29
BRDA:62,0,0,16
BRDA:62,0,1,2
BRDA:83,1,0,116
BRDA:100,2,0,371
BRDA:116,3,0,16
BRDA:116,3,1,2
BRDA:118,4,0,16
BRDA:118,4,1,2
BRF:8
BRH:8
end_of_record
TN:
SF:app/react/shared/notifications/notificationCenter.ts
FN:60,subscribeNotifications
FN:63,(anonymous_1)
FN:76,notify
FN:93,notifyError
FN:98,notifySuccess
FN:103,notifyInfo
FN:111,clearNotificationListeners
FNF:7
FNH:7
FNDA:126,subscribeNotifications
FNDA:116,(anonymous_1)
FNDA:35,notify
FNDA:21,notifyError
FNDA:3,notifySuccess
FNDA:1,notifyInfo
FNDA:37,clearNotificationListeners
DA:50,19
DA:53,19
DA:60,19
DA:61,126
DA:63,126
DA:64,116
DA:76,19
DA:77,35
DA:78,35
DA:80,35
DA:81,26
DA:82,26
DA:89,35
DA:93,19
DA:94,21
DA:98,19
DA:99,3
DA:103,19
DA:104,1
DA:111,19
DA:112,37
LF:21
LH:21
BRF:0
BRH:0
end_of_record
TN:
SF:app/react/shared/session/auth.ts
FN:41,(anonymous_0)
FN:64,(anonymous_1)
FN:70,(anonymous_2)
FN:101,(anonymous_3)
FN:148,(anonymous_4)
FN:160,(anonymous_5)
FN:175,(anonymous_6)
FN:178,(anonymous_7)
FN:186,(anonymous_8)
FNF:9
FNH:9
FNDA:282,(anonymous_0)
FNDA:265,(anonymous_1)
FNDA:17,(anonymous_2)
FNDA:67,(anonymous_3)
FNDA:14,(anonymous_4)
FNDA:12,(anonymous_5)
FNDA:8,(anonymous_6)
FNDA:6,(anonymous_7)
FNDA:4,(anonymous_8)
DA:41,22
DA:42,282
DA:43,282
DA:44,0
DA:47,282
DA:48,281
DA:49,164
DA:52,117
DA:53,116
DA:55,2
DA:64,265
DA:70,22
DA:101,22
DA:102,67
DA:103,67
DA:104,0
DA:106,67
DA:107,67
DA:108,67
DA:110,0
DA:111,0
DA:116,0
DA:118,0
DA:120,0
DA:148,22
DA:149,14
DA:150,14
DA:151,0
DA:153,14
DA:160,22
DA:161,12
DA:162,12
DA:163,0
DA:165,12
DA:175,22
DA:178,22
DA:186,22
DA:187,4
DA:188,4
DA:189,4
LF:40
LH:31
BRDA:43,0,0,0
BRDA:43,1,0,282
BRDA:43,1,1,282
BRDA:48,2,0,164
BRDA:53,3,0,116
BRDA:53,3,1,0
BRDA:103,4,0,0
BRDA:103,5,0,67
BRDA:103,5,1,67
BRDA:107,6,0,67
BRDA:111,7,0,0
BRDA:112,8,0,0
BRDA:112,8,1,0
BRDA:112,8,2,0
BRDA:150,9,0,0
BRDA:150,10,0,14
BRDA:150,10,1,14
BRDA:162,11,0,0
BRDA:162,12,0,12
BRDA:162,12,1,12
BRF:20
BRH:11
end_of_record
TN:
SF:app/react/shared/session/sessionId.ts
FN:39,(anonymous_0)
FNF:1
FNH:1
FNDA:263,(anonymous_0)
DA:39,19
DA:40,263
DA:41,0
DA:44,263
DA:45,263
LF:5
LH:4
BRDA:40,0,0,0
BRDA:44,1,0,1
BRDA:44,1,1,262
BRDA:44,2,0,263
BRDA:44,2,1,263
BRDA:45,3,0,261
BRDA:45,3,1,2
BRF:7
BRH:6
end_of_record
TN:
SF:app/react/shared/ui/DatePicker.tsx
FN:105,DatePicker
FN:116,(anonymous_2)
FN:130,(anonymous_3)
FN:137,(anonymous_4)
FN:140,(anonymous_5)
FN:151,(anonymous_6)
FN:155,(anonymous_7)
FN:164,(anonymous_8)
FN:172,(anonymous_9)
FN:178,(anonymous_10)
FN:188,(anonymous_11)
FN:197,(anonymous_12)
FN:212,(anonymous_13)
FN:237,(anonymous_14)
FN:238,(anonymous_15)
FN:282,(anonymous_16)
FN:283,(anonymous_17)
FN:294,(anonymous_18)
FN:295,(anonymous_19)
FN:304,(anonymous_20)
FN:312,(anonymous_21)
FN:314,(anonymous_22)
FN:335,(anonymous_23)
FNF:23
FNH:18
FNDA:207,DatePicker
FNDA:130,(anonymous_2)
FNDA:68,(anonymous_3)
FNDA:65,(anonymous_4)
FNDA:68,(anonymous_5)
FNDA:74,(anonymous_6)
FNDA:0,(anonymous_7)
FNDA:0,(anonymous_8)
FNDA:5,(anonymous_9)
FNDA:5,(anonymous_10)
FNDA:4,(anonymous_11)
FNDA:0,(anonymous_12)
FNDA:133,(anonymous_13)
FNDA:65,(anonymous_14)
FNDA:65,(anonymous_15)
FNDA:0,(anonymous_16)
FNDA:0,(anonymous_17)
FNDA:1,(anonymous_18)
FNDA:1,(anonymous_19)
FNDA:42,(anonymous_20)
FNDA:36,(anonymous_21)
FNDA:252,(anonymous_22)
FNDA:4,(anonymous_23)
DA:46,6
DA:58,6
DA:60,6
DA:67,6
DA:69,6
DA:71,6
DA:72,6
DA:104,6
DA:109,207
DA:110,207
DA:111,207
DA:115,207
DA:117,130
DA:118,130
DA:119,0
DA:120,130
DA:121,114
DA:130,207
DA:131,68
DA:132,68
DA:137,207
DA:138,65
DA:140,207
DA:141,68
DA:142,62
DA:148,207
DA:151,207
DA:152,74
DA:153,69
DA:155,5
DA:156,0
DA:157,0
DA:161,0
DA:164,5
DA:165,0
DA:166,0
DA:167,0
DA:170,5
DA:171,5
DA:172,5
DA:173,5
DA:174,5
DA:178,207
DA:179,5
DA:180,0
DA:183,5
DA:184,5
DA:187,207
DA:189,4
DA:190,4
DA:191,4
DA:196,207
DA:198,0
DA:203,0
DA:204,0
DA:212,207
DA:213,133
DA:214,133
DA:215,133
DA:216,133
DA:218,133
DA:219,133
DA:220,579
DA:222,133
DA:223,4072
DA:225,133
DA:226,935
DA:229,133
DA:230,133
DA:231,798
DA:233,133
DA:237,207
DA:238,207
DA:239,207
DA:241,207
DA:283,0
DA:295,1
DA:305,42
DA:313,36
DA:315,252
DA:316,70
DA:318,182
DA:320,182
DA:321,182
DA:327,182
DA:335,4
DA:354,6
LF:87
LH:75
BRDA:106,0,0,22
BRDA:118,1,0,0
BRDA:118,1,1,130
BRDA:120,2,0,114
BRDA:132,3,0,62
BRDA:132,3,1,6
BRDA:138,4,0,60
BRDA:138,4,1,5
BRDA:138,5,0,65
BRDA:138,5,1,60
BRDA:141,6,0,62
BRDA:148,7,0,193
BRDA:148,7,1,14
BRDA:152,8,0,69
BRDA:157,9,0,0
BRDA:158,10,0,0
BRDA:158,10,1,0
BRDA:158,11,0,0
BRDA:158,11,1,0
BRDA:158,12,0,0
BRDA:158,12,1,0
BRDA:165,13,0,0
BRDA:167,14,0,0
BRDA:167,14,1,0
BRDA:167,15,0,0
BRDA:167,15,1,0
BRDA:179,16,0,0
BRDA:183,17,0,5
BRDA:183,17,1,0
BRDA:183,18,0,5
BRDA:183,18,1,5
BRDA:191,19,0,0
BRDA:191,19,1,4
BRDA:191,20,0,4
BRDA:191,20,1,4
BRDA:198,21,0,0
BRDA:199,22,0,0
BRDA:199,22,1,0
BRDA:199,22,2,0
BRDA:258,23,0,207
BRDA:258,23,1,6
BRDA:315,24,0,70
BRDA:320,25,0,182
BRDA:320,25,1,182
BRDA:322,26,0,0
BRDA:322,26,1,182
BRDA:323,27,0,5
BRDA:323,27,1,177
BRDA:328,28,0,182
BRDA:328,28,1,177
BRF:50
BRH:29
end_of_record
TN:
SF:app/react/shared/ui/Icon.tsx
FN:68,Icon
FNF:1
FNH:1
FNDA:3080,Icon
DA:9,19
DA:68,19
DA:69,3080
DA:71,3080
DA:72,3080
DA:81,3080
DA:97,19
LF:7
LH:7
BRDA:71,0,0,1
BRDA:71,0,1,3079
BRDA:83,1,0,81
BRDA:83,1,1,2999
BRDA:86,2,0,6
BRDA:86,2,1,3074
BRDA:87,3,0,3073
BRDA:87,3,1,7
BRDA:91,4,0,7
BRDA:91,4,1,3073
BRF:10
BRH:10
end_of_record
TN:
SF:app/react/shared/ui/avatar.ts
FN:42,murmurhash3_32_gc
FN:158,versionPrefix
FN:169,unnamedAvatarUrl
FN:178,getDefaultAvatar
FN:197,resolveUserAvatar
FNF:5
FNH:3
FNDA:0,murmurhash3_32_gc
FNDA:329,versionPrefix
FNDA:329,unnamedAvatarUrl
FNDA:0,getDefaultAvatar
FNDA:123,resolveUserAvatar
DA:42,9
DA:50,0
DA:51,0
DA:53,0
DA:54,0
DA:55,0
DA:56,0
DA:58,0
DA:59,0
DA:64,0
DA:66,0
DA:69,0
DA:70,0
DA:74,0
DA:75,0
DA:76,0
DA:79,0
DA:82,0
DA:84,0
DA:86,0
DA:89,0
DA:92,0
DA:94,0
DA:97,0
DA:98,0
DA:101,0
DA:104,0
DA:106,0
DA:107,0
DA:111,0
DA:112,0
DA:116,0
DA:118,0
DA:134,9
DA:143,9
DA:160,329
DA:163,329
DA:169,9
DA:170,329
DA:179,0
DA:180,0
DA:181,0
DA:197,9
DA:198,123
DA:199,0
DA:202,123
DA:203,123
DA:204,123
DA:205,123
DA:207,0
DA:208,0
DA:210,0
DA:211,0
LF:53
LH:13
BRDA:84,0,0,0
BRDA:84,0,1,0
BRDA:84,0,2,0
BRDA:160,1,0,329
BRDA:160,1,1,0
BRDA:163,2,0,0
BRDA:163,2,1,329
BRDA:163,3,0,329
BRDA:163,3,1,0
BRDA:198,4,0,0
BRDA:202,5,0,0
BRDA:202,5,1,123
BRDA:203,6,0,0
BRDA:203,6,1,123
BRDA:204,7,0,123
BRDA:207,8,0,0
BRF:16
BRH:6
end_of_record
TN:
SF:app/react/shared/util/hash.ts
FN:35,rotl
FN:43,hexSha1
FN:128,toHex8
FN:141,generateHash
FN:142,(anonymous_4)
FNF:5
FNH:5
FNDA:82432,rotl
FNDA:367,hexSha1
FNDA:1835,toHex8
FNDA:362,generateHash
FNDA:714,(anonymous_4)
DA:36,82432
DA:43,10
DA:45,367
DA:46,367
DA:47,8973
DA:52,367
DA:53,367
DA:54,367
DA:55,11276
DA:57,367
DA:58,367
DA:59,367
DA:60,367
DA:63,367
DA:64,367
DA:65,367
DA:66,367
DA:67,367
DA:69,367
DA:72,367
DA:73,368
DA:74,5888
DA:75,5888
DA:82,368
DA:83,23552
DA:86,368
DA:87,368
DA:88,368
DA:89,368
DA:90,368
DA:92,368
DA:95,29440
DA:96,7360
DA:97,7360
DA:98,22080
DA:99,7360
DA:100,7360
DA:101,14720
DA:102,7360
DA:103,7360
DA:105,7360
DA:106,7360
DA:108,29440
DA:109,29440
DA:110,29440
DA:111,29440
DA:112,29440
DA:113,29440
DA:116,368
DA:117,368
DA:118,368
DA:119,368
DA:120,368
DA:124,367
DA:129,1835
DA:130,1835
DA:131,14680
DA:133,1835
DA:141,10
DA:142,714
LF:60
LH:60
BRDA:95,0,0,7360
BRDA:95,0,1,22080
BRDA:98,1,0,7360
BRDA:98,1,1,14720
BRDA:101,2,0,7360
BRDA:101,2,1,7360
BRDA:141,3,0,1
BRF:7
BRH:7
end_of_record
TN:
SF:app/react/shared/validation/sprintForm.ts
FN:74,(anonymous_1)
FN:89,validate
FNF:2
FNH:2
FNDA:93,(anonymous_1)
FNDA:31,validate
DA:9,6
DA:27,6
DA:36,6
DA:41,6
DA:42,6
DA:44,6
DA:45,6
DA:74,6
DA:75,93
DA:89,6
DA:90,31
DA:93,31
DA:94,31
DA:95,7
DA:96,24
DA:97,1
DA:101,31
DA:102,31
DA:104,31
DA:105,3
DA:107,31
DA:108,5
DA:112,31
DA:115,31
DA:119,31
DA:120,2
DA:122,31
DA:123,1
DA:128,31
DA:135,3
DA:138,31
LF:31
LH:31
BRDA:75,0,0,93
BRDA:75,0,1,92
BRDA:75,0,2,92
BRDA:94,1,0,7
BRDA:94,1,1,24
BRDA:96,2,0,1
BRDA:104,3,0,3
BRDA:107,4,0,5
BRDA:112,5,0,3
BRDA:112,5,1,28
BRDA:115,6,0,5
BRDA:115,6,1,26
BRDA:119,7,0,2
BRDA:119,8,0,31
BRDA:119,8,1,28
BRDA:122,9,0,1
BRDA:122,10,0,31
BRDA:122,10,1,26
BRDA:128,11,0,3
BRDA:129,12,0,31
BRDA:129,12,1,28
BRDA:129,12,2,25
BRDA:129,12,3,23
BRDA:129,12,4,22
BRF:24
BRH:24
end_of_record
